2018-12-27 08:09:46.737 -03:00 [Information] Loading Messages from the Following Path(s) ["C:\Users\jgdes\AppData\Roaming\Papercut", "C:\Documents\ITX\OneDrive - ITX Corp\RAID\Juan\Papercut-develop\src\Papercut.UI\bin\Debug\app.publish\", "C:\Documents\ITX\OneDrive - ITX Corp\RAID\Juan\Papercut-develop\src\Papercut.UI\bin\Debug\app.publish\Incoming"]
2018-12-27 08:09:47.357 -03:00 [Information] Default Message Save Path is Set to "C:\Users\jgdes\AppData\Roaming\Papercut"
2018-12-27 08:09:47.359 -03:00 [Debug] Adding FileSystemWatcher for "C:\Users\jgdes\AppData\Roaming\Papercut"
2018-12-27 08:09:47.362 -03:00 [Debug] Adding FileSystemWatcher for "C:\Documents\ITX\OneDrive - ITX Corp\RAID\Juan\Papercut-develop\src\Papercut.UI\bin\Debug\app.publish\"
2018-12-27 08:09:47.362 -03:00 [Debug] Adding FileSystemWatcher for "C:\Documents\ITX\OneDrive - ITX Corp\RAID\Juan\Papercut-develop\src\Papercut.UI\bin\Debug\app.publish\Incoming"
2018-12-27 08:09:48.708 -03:00 [Verbose] Loading Message Entry MimeMessageEntry { Subject: null, ModifiedDate: 12/20/2018 13:47:23, Name: "20181220134723848-86f621.eml", FileSize: "24.1KB", DisplayText: "20-Dec-18 01:47:23 PM (24.1KB)", IsSelected: False, File: "C:\Users\jgdes\AppData\Roaming\Papercut\20181220134723848-86f621.eml" }
2018-12-27 08:09:48.713 -03:00 [Verbose] Loading Message Entry MimeMessageEntry { Subject: null, ModifiedDate: 12/20/2018 13:46:28, Name: "20181220134628897-c59449.eml", FileSize: "20.1KB", DisplayText: "20-Dec-18 01:46:28 PM (20.1KB)", IsSelected: False, File: "C:\Users\jgdes\AppData\Roaming\Papercut\20181220134628897-c59449.eml" }
2018-12-27 08:09:48.713 -03:00 [Verbose] Loading Message Entry MimeMessageEntry { Subject: null, ModifiedDate: 12/20/2018 13:45:41, Name: "20181220134541776-26c267.eml", FileSize: "36.2KB", DisplayText: "20-Dec-18 01:45:41 PM (36.2KB)", IsSelected: False, File: "C:\Users\jgdes\AppData\Roaming\Papercut\20181220134541776-26c267.eml" }
2018-12-27 08:09:48.713 -03:00 [Verbose] Loading Message Entry MimeMessageEntry { Subject: null, ModifiedDate: 12/20/2018 12:35:52, Name: "20181220123552935-7b14c7.eml", FileSize: "12KB", DisplayText: "20-Dec-18 12:35:52 PM (12KB)", IsSelected: False, File: "C:\Users\jgdes\AppData\Roaming\Papercut\20181220123552935-7b14c7.eml" }
2018-12-27 08:09:48.713 -03:00 [Verbose] Loading Message Entry MimeMessageEntry { Subject: null, ModifiedDate: 12/20/2018 12:34:29, Name: "20181220123429307-f7033a.eml", FileSize: "12KB", DisplayText: "20-Dec-18 12:34:29 PM (12KB)", IsSelected: False, File: "C:\Users\jgdes\AppData\Roaming\Papercut\20181220123429307-f7033a.eml" }
2018-12-27 08:09:48.714 -03:00 [Verbose] Loading Message Entry MimeMessageEntry { Subject: null, ModifiedDate: 12/20/2018 12:27:42, Name: "20181220122742873-1eb7a8.eml", FileSize: "16.1KB", DisplayText: "20-Dec-18 12:27:42 PM (16.1KB)", IsSelected: False, File: "C:\Users\jgdes\AppData\Roaming\Papercut\20181220122742873-1eb7a8.eml" }
2018-12-27 08:09:48.714 -03:00 [Verbose] Loading Message Entry MimeMessageEntry { Subject: null, ModifiedDate: 12/20/2018 12:24:08, Name: "20181220122408315-b4f51a.eml", FileSize: "32.2KB", DisplayText: "20-Dec-18 12:24:08 PM (32.2KB)", IsSelected: False, File: "C:\Users\jgdes\AppData\Roaming\Papercut\20181220122408315-b4f51a.eml" }
2018-12-27 08:09:48.714 -03:00 [Verbose] Loading Message Entry MimeMessageEntry { Subject: null, ModifiedDate: 12/20/2018 12:21:06, Name: "20181220122106297-a5888a.eml", FileSize: "24.1KB", DisplayText: "20-Dec-18 12:21:06 PM (24.1KB)", IsSelected: False, File: "C:\Users\jgdes\AppData\Roaming\Papercut\20181220122106297-a5888a.eml" }
2018-12-27 08:09:48.714 -03:00 [Verbose] Loading Message Entry MimeMessageEntry { Subject: null, ModifiedDate: 12/20/2018 12:09:45, Name: "20181220120945607-5ec96d.eml", FileSize: "64.5KB", DisplayText: "20-Dec-18 12:09:45 PM (64.5KB)", IsSelected: False, File: "C:\Users\jgdes\AppData\Roaming\Papercut\20181220120945607-5ec96d.eml" }
2018-12-27 08:09:48.714 -03:00 [Verbose] Loading Message Entry MimeMessageEntry { Subject: null, ModifiedDate: 12/20/2018 11:35:51, Name: "20181220113551528-793d28.eml", FileSize: "24.1KB", DisplayText: "20-Dec-18 11:35:51 AM (24.1KB)", IsSelected: False, File: "C:\Users\jgdes\AppData\Roaming\Papercut\20181220113551528-793d28.eml" }
2018-12-27 08:09:48.714 -03:00 [Verbose] Loading Message Entry MimeMessageEntry { Subject: null, ModifiedDate: 12/20/2018 11:32:30, Name: "20181220113230198-9e8878.eml", FileSize: "52.4KB", DisplayText: "20-Dec-18 11:32:30 AM (52.4KB)", IsSelected: False, File: "C:\Users\jgdes\AppData\Roaming\Papercut\20181220113230198-9e8878.eml" }
2018-12-27 08:09:48.714 -03:00 [Verbose] Loading Message Entry MimeMessageEntry { Subject: null, ModifiedDate: 12/20/2018 10:22:27, Name: "20181220102227014-826791.eml", FileSize: "20.3KB", DisplayText: "20-Dec-18 10:22:27 AM (20.3KB)", IsSelected: False, File: "C:\Users\jgdes\AppData\Roaming\Papercut\20181220102227014-826791.eml" }
2018-12-27 08:09:48.714 -03:00 [Verbose] Loading Message Entry MimeMessageEntry { Subject: null, ModifiedDate: 12/20/2018 10:05:45, Name: "20181220100545891-5e7cf6.eml", FileSize: "46.2KB", DisplayText: "20-Dec-18 10:05:45 AM (46.2KB)", IsSelected: False, File: "C:\Users\jgdes\AppData\Roaming\Papercut\20181220100545891-5e7cf6.eml" }
2018-12-27 08:09:48.715 -03:00 [Verbose] Loading Message Entry MimeMessageEntry { Subject: null, ModifiedDate: 12/19/2018 20:34:56, Name: "20181219203456762-c32aad.eml", FileSize: "60.5KB", DisplayText: "19-Dec-18 08:34:56 PM (60.5KB)", IsSelected: False, File: "C:\Users\jgdes\AppData\Roaming\Papercut\20181219203456762-c32aad.eml" }
2018-12-27 08:09:48.715 -03:00 [Verbose] Loading Message Entry MimeMessageEntry { Subject: null, ModifiedDate: 12/19/2018 20:31:46, Name: "20181219203146670-86f7e7.eml", FileSize: "56.4KB", DisplayText: "19-Dec-18 08:31:46 PM (56.4KB)", IsSelected: False, File: "C:\Users\jgdes\AppData\Roaming\Papercut\20181219203146670-86f7e7.eml" }
2018-12-27 08:09:48.715 -03:00 [Verbose] Loading Message Entry MimeMessageEntry { Subject: null, ModifiedDate: 12/19/2018 20:30:04, Name: "20181219203004962-f4e8b2.eml", FileSize: "32.2KB", DisplayText: "19-Dec-18 08:30:04 PM (32.2KB)", IsSelected: False, File: "C:\Users\jgdes\AppData\Roaming\Papercut\20181219203004962-f4e8b2.eml" }
2018-12-27 08:09:48.863 -03:00 [Verbose] Getting Message Data from Message Repository
2018-12-27 08:09:48.863 -03:00 [Verbose] Getting Message Data from Message Repository
2018-12-27 08:09:48.863 -03:00 [Verbose] Getting Message Data from Message Repository
2018-12-27 08:09:48.863 -03:00 [Verbose] Getting Message Data from Message Repository
2018-12-27 08:09:48.863 -03:00 [Verbose] Getting Message Data from Message Repository
2018-12-27 08:09:48.863 -03:00 [Verbose] Getting Message Data from Message Repository
2018-12-27 08:09:48.863 -03:00 [Verbose] Getting Message Data from Message Repository
2018-12-27 08:09:48.863 -03:00 [Verbose] Getting Message Data from Message Repository
2018-12-27 08:09:48.883 -03:00 [Verbose] MimeMessage Load for MimeMessageEntry { Subject: null, ModifiedDate: 12/20/2018 12:27:42, Name: "20181220122742873-1eb7a8.eml", FileSize: "16.1KB", DisplayText: "20-Dec-18 12:27:42 PM (16.1KB)", IsSelected: False, File: "C:\Users\jgdes\AppData\Roaming\Papercut\20181220122742873-1eb7a8.eml" }
2018-12-27 08:09:48.888 -03:00 [Verbose] MimeMessage Load for MimeMessageEntry { Subject: null, ModifiedDate: 12/20/2018 13:45:41, Name: "20181220134541776-26c267.eml", FileSize: "36.2KB", DisplayText: "20-Dec-18 01:45:41 PM (36.2KB)", IsSelected: False, File: "C:\Users\jgdes\AppData\Roaming\Papercut\20181220134541776-26c267.eml" }
2018-12-27 08:09:48.941 -03:00 [Verbose] MimeMessage Load for MimeMessageEntry { Subject: null, ModifiedDate: 12/20/2018 13:47:23, Name: "20181220134723848-86f621.eml", FileSize: "24.1KB", DisplayText: "20-Dec-18 01:47:23 PM (24.1KB)", IsSelected: False, File: "C:\Users\jgdes\AppData\Roaming\Papercut\20181220134723848-86f621.eml" }
2018-12-27 08:09:49.004 -03:00 [Verbose] MimeMessage Load for MimeMessageEntry { Subject: null, ModifiedDate: 12/20/2018 12:24:08, Name: "20181220122408315-b4f51a.eml", FileSize: "32.2KB", DisplayText: "20-Dec-18 12:24:08 PM (32.2KB)", IsSelected: False, File: "C:\Users\jgdes\AppData\Roaming\Papercut\20181220122408315-b4f51a.eml" }
2018-12-27 08:09:49.068 -03:00 [Verbose] MimeMessage Load for MimeMessageEntry { Subject: null, ModifiedDate: 12/20/2018 12:21:06, Name: "20181220122106297-a5888a.eml", FileSize: "24.1KB", DisplayText: "20-Dec-18 12:21:06 PM (24.1KB)", IsSelected: False, File: "C:\Users\jgdes\AppData\Roaming\Papercut\20181220122106297-a5888a.eml" }
2018-12-27 08:09:49.224 -03:00 [Verbose] MimeMessage Load for MimeMessageEntry { Subject: null, ModifiedDate: 12/20/2018 13:46:28, Name: "20181220134628897-c59449.eml", FileSize: "20.1KB", DisplayText: "20-Dec-18 01:46:28 PM (20.1KB)", IsSelected: False, File: "C:\Users\jgdes\AppData\Roaming\Papercut\20181220134628897-c59449.eml" }
2018-12-27 08:09:49.233 -03:00 [Verbose] MimeMessage Load for MimeMessageEntry { Subject: null, ModifiedDate: 12/20/2018 12:34:29, Name: "20181220123429307-f7033a.eml", FileSize: "12KB", DisplayText: "20-Dec-18 12:34:29 PM (12KB)", IsSelected: False, File: "C:\Users\jgdes\AppData\Roaming\Papercut\20181220123429307-f7033a.eml" }
2018-12-27 08:09:49.415 -03:00 [Verbose] MimeMessage Load for MimeMessageEntry { Subject: null, ModifiedDate: 12/20/2018 12:35:52, Name: "20181220123552935-7b14c7.eml", FileSize: "12KB", DisplayText: "20-Dec-18 12:35:52 PM (12KB)", IsSelected: False, File: "C:\Users\jgdes\AppData\Roaming\Papercut\20181220123552935-7b14c7.eml" }
2018-12-27 08:09:49.419 -03:00 [Verbose] Getting Message Data from Message Repository
2018-12-27 08:09:49.469 -03:00 [Verbose] MimeMessage Load for MimeMessageEntry { Subject: null, ModifiedDate: 12/20/2018 12:09:45, Name: "20181220120945607-5ec96d.eml", FileSize: "64.5KB", DisplayText: "20-Dec-18 12:09:45 PM (64.5KB)", IsSelected: False, File: "C:\Users\jgdes\AppData\Roaming\Papercut\20181220120945607-5ec96d.eml" }
2018-12-27 08:09:50.124 -03:00 [Verbose] Getting Message Data from Message Repository
2018-12-27 08:09:50.124 -03:00 [Verbose] Getting Message Data from Message Repository
2018-12-27 08:09:50.124 -03:00 [Verbose] Getting Message Data from Message Repository
2018-12-27 08:09:50.124 -03:00 [Verbose] Getting Message Data from Message Repository
2018-12-27 08:09:50.124 -03:00 [Verbose] Getting Message Data from Message Repository
2018-12-27 08:09:50.124 -03:00 [Verbose] Getting Message Data from Message Repository
2018-12-27 08:09:50.124 -03:00 [Verbose] Getting Message Data from Message Repository
2018-12-27 08:09:50.216 -03:00 [Verbose] MimeMessage Load for MimeMessageEntry { Subject: null, ModifiedDate: 12/19/2018 20:34:56, Name: "20181219203456762-c32aad.eml", FileSize: "60.5KB", DisplayText: "19-Dec-18 08:34:56 PM (60.5KB)", IsSelected: False, File: "C:\Users\jgdes\AppData\Roaming\Papercut\20181219203456762-c32aad.eml" }
2018-12-27 08:09:50.276 -03:00 [Verbose] MimeMessage Load for MimeMessageEntry { Subject: null, ModifiedDate: 12/20/2018 10:05:45, Name: "20181220100545891-5e7cf6.eml", FileSize: "46.2KB", DisplayText: "20-Dec-18 10:05:45 AM (46.2KB)", IsSelected: False, File: "C:\Users\jgdes\AppData\Roaming\Papercut\20181220100545891-5e7cf6.eml" }
2018-12-27 08:09:50.286 -03:00 [Verbose] MimeMessage Load for MimeMessageEntry { Subject: null, ModifiedDate: 12/19/2018 20:31:46, Name: "20181219203146670-86f7e7.eml", FileSize: "56.4KB", DisplayText: "19-Dec-18 08:31:46 PM (56.4KB)", IsSelected: False, File: "C:\Users\jgdes\AppData\Roaming\Papercut\20181219203146670-86f7e7.eml" }
2018-12-27 08:09:50.332 -03:00 [Verbose] MimeMessage Load for MimeMessageEntry { Subject: null, ModifiedDate: 12/20/2018 10:22:27, Name: "20181220102227014-826791.eml", FileSize: "20.3KB", DisplayText: "20-Dec-18 10:22:27 AM (20.3KB)", IsSelected: False, File: "C:\Users\jgdes\AppData\Roaming\Papercut\20181220102227014-826791.eml" }
2018-12-27 08:09:50.343 -03:00 [Verbose] MimeMessage Load for MimeMessageEntry { Subject: null, ModifiedDate: 12/19/2018 20:30:04, Name: "20181219203004962-f4e8b2.eml", FileSize: "32.2KB", DisplayText: "19-Dec-18 08:30:04 PM (32.2KB)", IsSelected: False, File: "C:\Users\jgdes\AppData\Roaming\Papercut\20181219203004962-f4e8b2.eml" }
2018-12-27 08:09:50.379 -03:00 [Verbose] MimeMessage Load for MimeMessageEntry { Subject: null, ModifiedDate: 12/20/2018 11:35:51, Name: "20181220113551528-793d28.eml", FileSize: "24.1KB", DisplayText: "20-Dec-18 11:35:51 AM (24.1KB)", IsSelected: False, File: "C:\Users\jgdes\AppData\Roaming\Papercut\20181220113551528-793d28.eml" }
2018-12-27 08:09:50.395 -03:00 [Verbose] MimeMessage Load for MimeMessageEntry { Subject: null, ModifiedDate: 12/20/2018 11:32:30, Name: "20181220113230198-9e8878.eml", FileSize: "52.4KB", DisplayText: "20-Dec-18 11:32:30 AM (52.4KB)", IsSelected: False, File: "C:\Users\jgdes\AppData\Roaming\Papercut\20181220113230198-9e8878.eml" }
2018-12-27 08:10:31.733 -03:00 [Verbose] Binding "Papercut.Views.MainView" and "Papercut.ViewModels.MainViewModel".
2018-12-27 08:10:31.734 -03:00 [Verbose] Setting DC of "Papercut.Views.MainView" to "Papercut.ViewModels.MainViewModel".
2018-12-27 08:10:31.734 -03:00 [Verbose] Attaching message handler "Papercut.ViewModels.MainViewModel" to "Papercut.Views.MainView".
2018-12-27 08:10:31.734 -03:00 [Verbose] Attaching "Papercut.Views.MainView" to "Papercut.ViewModels.MainViewModel".
2018-12-27 08:10:32.654 -03:00 [Verbose] Action Convention Applied: Action "ForwardSelected" on element "ForwardSelected".
2018-12-27 08:10:36.466 -03:00 [Verbose] Binding Convention Not Applied: Element "Overlay" did not match a property.
2018-12-27 08:10:36.467 -03:00 [Verbose] ViewModel bound on "MessageListViewModel".
2018-12-27 08:10:37.716 -03:00 [Verbose] Binding "Papercut.Views.MessageListView" and "Papercut.ViewModels.MessageListViewModel".
2018-12-27 08:10:37.716 -03:00 [Verbose] Setting DC of "Papercut.Views.MessageListView" to "Papercut.ViewModels.MessageListViewModel".
2018-12-27 08:10:37.716 -03:00 [Verbose] Attaching message handler "Papercut.ViewModels.MessageListViewModel" to "Papercut.Views.MessageListView".
2018-12-27 08:10:37.716 -03:00 [Verbose] Attaching "Papercut.Views.MessageListView" to "Papercut.ViewModels.MessageListViewModel".
2018-12-27 08:10:37.716 -03:00 [Verbose] Binding Convention Not Applied: Element "MessagesList" did not match a property.
2018-12-27 08:10:37.717 -03:00 [Verbose] Binding Convention Applied: Element "MessageListViewModel".
2018-12-27 08:10:37.717 -03:00 [Verbose] ViewModel bound on "MessageDetailViewModel".
2018-12-27 08:10:40.245 -03:00 [Verbose] Binding "Papercut.Views.MessageDetailView" and "Papercut.ViewModels.MessageDetailViewModel".
2018-12-27 08:10:40.245 -03:00 [Verbose] Setting DC of "Papercut.Views.MessageDetailView" to "Papercut.ViewModels.MessageDetailViewModel".
2018-12-27 08:10:40.245 -03:00 [Verbose] Attaching message handler "Papercut.ViewModels.MessageDetailViewModel" to "Papercut.Views.MessageDetailView".
2018-12-27 08:10:40.245 -03:00 [Verbose] Attaching "Papercut.Views.MessageDetailView" to "Papercut.ViewModels.MessageDetailViewModel".
2018-12-27 08:10:40.247 -03:00 [Verbose] ContentTemplate applied to "Items".
2018-12-27 08:10:40.248 -03:00 [Verbose] SelectedItem binding applied to "Items".
2018-12-27 08:10:40.249 -03:00 [Verbose] Header template applied to "Items".
2018-12-27 08:10:40.249 -03:00 [Verbose] Binding Convention Applied: Element "Items".
2018-12-27 08:10:40.249 -03:00 [Verbose] Binding Convention Applied: Element "From".
2018-12-27 08:10:40.249 -03:00 [Verbose] Binding Convention Applied: Element "To".
2018-12-27 08:10:40.249 -03:00 [Verbose] Binding Convention Applied: Element "CC".
2018-12-27 08:10:40.249 -03:00 [Verbose] Binding Convention Applied: Element "Bcc".
2018-12-27 08:10:40.249 -03:00 [Verbose] Binding Convention Applied: Element "Date".
2018-12-27 08:10:40.249 -03:00 [Verbose] Binding Convention Applied: Element "Subject".
2018-12-27 08:10:40.249 -03:00 [Verbose] Binding Convention Applied: Element "MessageDetailViewModel".
2018-12-27 08:10:40.249 -03:00 [Verbose] Binding Convention Not Applied: Element "DeleteSelected" did not match a property.
2018-12-27 08:10:40.250 -03:00 [Verbose] Binding Convention Not Applied: Element "image1" did not match a property.
2018-12-27 08:10:40.250 -03:00 [Verbose] Binding Convention Not Applied: Element "versionLabel" did not match a property.
2018-12-27 08:10:40.252 -03:00 [Verbose] Activating "Papercut.ViewModels.MainViewModel".
2018-12-27 08:10:40.253 -03:00 [Verbose] Activating "Papercut.ViewModels.MessageListViewModel".
2018-12-27 08:10:40.254 -03:00 [Verbose] Activating "Papercut.ViewModels.MessageDetailViewModel".
2018-12-27 08:10:44.262 -03:00 [Verbose] Activating "Papercut.ViewModels.MessageDetailHtmlViewModel".
2018-12-27 08:10:45.278 -03:00 [Verbose] Binding "Papercut.Views.MessageDetailHtmlView" and "Papercut.ViewModels.MessageDetailHtmlViewModel".
2018-12-27 08:10:45.278 -03:00 [Verbose] Setting DC of "Papercut.Views.MessageDetailHtmlView" to "Papercut.ViewModels.MessageDetailHtmlViewModel".
2018-12-27 08:10:45.278 -03:00 [Verbose] Attaching message handler "Papercut.ViewModels.MessageDetailHtmlViewModel" to "Papercut.Views.MessageDetailHtmlView".
2018-12-27 08:10:45.279 -03:00 [Verbose] Attaching "Papercut.Views.MessageDetailHtmlView" to "Papercut.ViewModels.MessageDetailHtmlViewModel".
2018-12-27 08:10:45.279 -03:00 [Verbose] Binding Convention Not Applied: Element "htmlView" did not match a property.
2018-12-27 08:10:50.933 -03:00 [Verbose] "Action: MessageListKeyDown" availability update.
2018-12-27 08:10:50.934 -03:00 [Verbose] "Action: MessageListKeyDown" availability update.
2018-12-27 08:10:51.026 -03:00 [Verbose] "Action: OnNavigating" availability update.
2018-12-27 08:10:51.026 -03:00 [Verbose] "Action: OnNavigating" availability update.
2018-12-27 08:10:51.058 -03:00 [Verbose] "Action: ForwardSelected" availability update.
2018-12-27 08:10:51.058 -03:00 [Verbose] "Action: ForwardSelected" availability update.
2018-12-27 08:10:51.074 -03:00 [Verbose] "Action: DeleteSelected" availability update.
2018-12-27 08:10:51.074 -03:00 [Verbose] "Action: DeleteSelected" availability update.
2018-12-27 08:10:51.074 -03:00 [Verbose] Binding "System.Windows.Controls.Button: Delete (1)" and "Papercut.ViewModels.MessageListViewModel".
2018-12-27 08:10:51.075 -03:00 [Verbose] Attaching message handler "Papercut.ViewModels.MessageListViewModel" to "System.Windows.Controls.Button: Delete (1)".
2018-12-27 08:10:51.075 -03:00 [Verbose] Attaching "System.Windows.Controls.Button: Delete (1)" to "Papercut.ViewModels.MessageListViewModel".
2018-12-27 08:10:51.075 -03:00 [Verbose] Action Convention Applied: Action "DeleteSelected" on element "DeleteSelected".
2018-12-27 08:10:51.079 -03:00 [Verbose] "Action: DeleteSelected" availability update.
2018-12-27 08:10:51.079 -03:00 [Verbose] "Action: DeleteSelected" availability update.
2018-12-27 08:10:51.079 -03:00 [Verbose] Binding Convention Not Applied: Element "Border" did not match a property.
2018-12-27 08:10:51.079 -03:00 [Verbose] Binding Convention Not Applied: Element "DisabledVisualElement" did not match a property.
2018-12-27 08:10:51.079 -03:00 [Verbose] Binding Convention Not Applied: Element "PART_ContentPresenter" did not match a property.
2018-12-27 08:10:51.079 -03:00 [Verbose] Binding Convention Not Applied: Element "PART_ContentPresenter" did not match a property.
2018-12-27 08:10:51.079 -03:00 [Verbose] "Action: GoToSite" availability update.
2018-12-27 08:10:51.079 -03:00 [Verbose] "Action: GoToSite" availability update.
2018-12-27 08:10:51.080 -03:00 [Verbose] "Action: ToggleLog" availability update.
2018-12-27 08:10:51.080 -03:00 [Verbose] "Action: ToggleLog" availability update.
2018-12-27 08:10:51.080 -03:00 [Verbose] "Action: ShowRulesConfiguration" availability update.
2018-12-27 08:10:51.080 -03:00 [Verbose] "Action: ShowRulesConfiguration" availability update.
2018-12-27 08:10:51.080 -03:00 [Verbose] "Action: ShowOptions" availability update.
2018-12-27 08:10:51.080 -03:00 [Verbose] "Action: ShowOptions" availability update.
2018-12-27 08:10:51.080 -03:00 [Verbose] "Action: Exit" availability update.
2018-12-27 08:10:51.080 -03:00 [Verbose] "Action: Exit" availability update.
2018-12-27 08:10:53.754 -03:00 [Information] Attempting to Load Rules from "C:\Documents\ITX\OneDrive - ITX Corp\RAID\Juan\Papercut-develop\src\Papercut.UI\bin\Debug\app.publish\rules.json" on AppReady
2018-12-27 08:10:54.473 -03:00 [Information] Starting Server Papercut
2018-12-27 08:10:54.595 -03:00 [Debug] Setting up Rule Dispatcher Observable
2018-12-27 08:10:54.662 -03:00 [Information] Server Ready - Listening for New Connections "127.0.0.1":37402
2018-12-27 08:10:55.102 -03:00 [Information] Starting Server Smtp
2018-12-27 08:10:55.102 -03:00 [Information] Server Ready - Listening for New Connections "0.0.0.0":25
2018-12-27 08:11:03.578 -03:00 [Verbose] Loading Message Entry MimeMessageEntry { Subject: "Event Fundraiser tickets and receipt", ModifiedDate: 12/20/2018 13:47:23, Name: "20181220134723848-86f621.eml", FileSize: "24.1KB", DisplayText: "20-Dec-18 01:47:23 PM (24.1KB)", IsSelected: True, File: "C:\Users\jgdes\AppData\Roaming\Papercut\20181220134723848-86f621.eml" }
2018-12-27 08:11:03.578 -03:00 [Verbose] Getting Message Data from Message Repository
2018-12-27 08:11:03.593 -03:00 [Verbose] MimeMessage Load for MimeMessageEntry { Subject: "Event Fundraiser tickets and receipt", ModifiedDate: 12/20/2018 13:47:23, Name: "20181220134723848-86f621.eml", FileSize: "24.1KB", DisplayText: "20-Dec-18 01:47:23 PM (24.1KB)", IsSelected: True, File: "C:\Users\jgdes\AppData\Roaming\Papercut\20181220134723848-86f621.eml" }
2018-12-27 08:11:04.621 -03:00 [Verbose] Writing HTML Preview file "C:\Users\jgdes\AppData\Local\Temp\Papercut-afd5cde4-fd1f-4945-b676-c398b736504d\index.html"
2018-12-27 08:11:04.742 -03:00 [Verbose] Invoking "Action: OnNavigating".
2018-12-27 08:11:04.965 -03:00 [Verbose] Loading Message Entry MimeMessageEntry { Subject: "Event Fundraiser tickets and receipt", ModifiedDate: 12/20/2018 13:47:23, Name: "20181220134723848-86f621.eml", FileSize: "24.1KB", DisplayText: "20-Dec-18 01:47:23 PM (24.1KB)", IsSelected: True, File: "C:\Users\jgdes\AppData\Roaming\Papercut\20181220134723848-86f621.eml" }
2018-12-27 08:11:08.367 -03:00 [Verbose] Writing HTML Preview file "C:\Users\jgdes\AppData\Local\Temp\Papercut-2bc2ea5d-7083-4e9a-8bef-a1b13c5c2008\index.html"
2018-12-27 08:11:08.517 -03:00 [Verbose] Invoking "Action: OnNavigating".
2018-12-27 08:11:08.520 -03:00 [Verbose] Invoking "Action: OnNavigating".
2018-12-27 08:12:53.533 -03:00 [Verbose] Loading Message Entry MimeMessageEntry { Subject: "Event Fundraiser tickets and receipt", ModifiedDate: 12/19/2018 20:30:04, Name: "20181219203004962-f4e8b2.eml", FileSize: "32.2KB", DisplayText: "19-Dec-18 08:30:04 PM (32.2KB)", IsSelected: True, File: "C:\Users\jgdes\AppData\Roaming\Papercut\20181219203004962-f4e8b2.eml" }
2018-12-27 08:12:53.534 -03:00 [Verbose] Getting Message Data from Message Repository
2018-12-27 08:12:53.535 -03:00 [Verbose] MimeMessage Load for MimeMessageEntry { Subject: "Event Fundraiser tickets and receipt", ModifiedDate: 12/19/2018 20:30:04, Name: "20181219203004962-f4e8b2.eml", FileSize: "32.2KB", DisplayText: "19-Dec-18 08:30:04 PM (32.2KB)", IsSelected: True, File: "C:\Users\jgdes\AppData\Roaming\Papercut\20181219203004962-f4e8b2.eml" }
2018-12-27 08:12:53.713 -03:00 [Verbose] Writing HTML Preview file "C:\Users\jgdes\AppData\Local\Temp\Papercut-2b1ee80b-1bad-4827-8ab6-29597da80675\index.html"
2018-12-27 08:12:53.714 -03:00 [Verbose] Invoking "Action: OnNavigating".
2018-12-27 08:12:53.718 -03:00 [Verbose] Invoking "Action: OnNavigating".
2018-12-27 08:12:54.459 -03:00 [Verbose] Invoking "Action: MessageListKeyDown".
2018-12-27 08:12:54.891 -03:00 [Verbose] Invoking "Action: MessageListKeyDown".
2018-12-27 08:12:54.923 -03:00 [Verbose] Invoking "Action: MessageListKeyDown".
2018-12-27 08:12:54.953 -03:00 [Verbose] Invoking "Action: MessageListKeyDown".
2018-12-27 08:12:54.984 -03:00 [Verbose] Invoking "Action: MessageListKeyDown".
2018-12-27 08:12:55.014 -03:00 [Verbose] Invoking "Action: MessageListKeyDown".
2018-12-27 08:12:55.046 -03:00 [Verbose] Invoking "Action: MessageListKeyDown".
2018-12-27 08:12:55.078 -03:00 [Verbose] Invoking "Action: MessageListKeyDown".
2018-12-27 08:12:55.124 -03:00 [Verbose] Invoking "Action: MessageListKeyDown".
2018-12-27 08:12:55.155 -03:00 [Verbose] Invoking "Action: MessageListKeyDown".
2018-12-27 08:12:55.186 -03:00 [Verbose] Invoking "Action: MessageListKeyDown".
2018-12-27 08:12:55.773 -03:00 [Verbose] Loading Message Entry MimeMessageEntry { Subject: "Event Fundraiser tickets and receipt", ModifiedDate: 12/20/2018 13:47:23, Name: "20181220134723848-86f621.eml", FileSize: "24.1KB", DisplayText: "20-Dec-18 01:47:23 PM (24.1KB)", IsSelected: True, File: "C:\Users\jgdes\AppData\Roaming\Papercut\20181220134723848-86f621.eml" }
2018-12-27 08:12:55.773 -03:00 [Verbose] Getting Message Data from Message Repository
2018-12-27 08:12:55.774 -03:00 [Verbose] MimeMessage Load for MimeMessageEntry { Subject: "Event Fundraiser tickets and receipt", ModifiedDate: 12/20/2018 13:47:23, Name: "20181220134723848-86f621.eml", FileSize: "24.1KB", DisplayText: "20-Dec-18 01:47:23 PM (24.1KB)", IsSelected: True, File: "C:\Users\jgdes\AppData\Roaming\Papercut\20181220134723848-86f621.eml" }
2018-12-27 08:12:56.114 -03:00 [Verbose] Invoking "Action: OnNavigating".
2018-12-27 08:12:56.114 -03:00 [Verbose] Writing HTML Preview file "C:\Users\jgdes\AppData\Local\Temp\Papercut-c232c3fb-5d7b-4163-b751-78f8d9c8cadf\index.html"
2018-12-27 08:12:56.118 -03:00 [Verbose] Invoking "Action: OnNavigating".
2018-12-27 08:12:56.136 -03:00 [Verbose] Invoking "Action: MessageListKeyDown".
2018-12-27 08:12:56.138 -03:00 [Verbose] Invoking "Action: MessageListKeyDown".
2018-12-27 08:12:56.730 -03:00 [Verbose] Invoking "Action: MessageListKeyDown".
2018-12-27 08:12:57.933 -03:00 [Verbose] Invoking "Action: OnNavigating".
2018-12-27 21:59:43.198 -03:00 [Information] Loading Messages from the Following Path(s) ["C:\Users\jgdes\AppData\Roaming\Papercut", "C:\Documents\ITX\OneDrive - ITX Corp\RAID\Juan\Papercut-develop\src\Papercut.UI\bin\Debug\app.publish\", "C:\Documents\ITX\OneDrive - ITX Corp\RAID\Juan\Papercut-develop\src\Papercut.UI\bin\Debug\app.publish\Incoming"]
2018-12-27 21:59:44.326 -03:00 [Information] Default Message Save Path is Set to "C:\Users\jgdes\AppData\Roaming\Papercut"
2018-12-27 21:59:44.328 -03:00 [Debug] Adding FileSystemWatcher for "C:\Users\jgdes\AppData\Roaming\Papercut"
2018-12-27 21:59:44.329 -03:00 [Debug] Adding FileSystemWatcher for "C:\Documents\ITX\OneDrive - ITX Corp\RAID\Juan\Papercut-develop\src\Papercut.UI\bin\Debug\app.publish\"
2018-12-27 21:59:44.329 -03:00 [Debug] Adding FileSystemWatcher for "C:\Documents\ITX\OneDrive - ITX Corp\RAID\Juan\Papercut-develop\src\Papercut.UI\bin\Debug\app.publish\Incoming"
2018-12-27 21:59:58.167 -03:00 [Verbose] Binding "Papercut.Views.MainView" and "Papercut.ViewModels.MainViewModel".
2018-12-27 21:59:58.168 -03:00 [Verbose] Setting DC of "Papercut.Views.MainView" to "Papercut.ViewModels.MainViewModel".
2018-12-27 21:59:58.168 -03:00 [Verbose] Attaching message handler "Papercut.ViewModels.MainViewModel" to "Papercut.Views.MainView".
2018-12-27 21:59:58.169 -03:00 [Verbose] Attaching "Papercut.Views.MainView" to "Papercut.ViewModels.MainViewModel".
2018-12-27 21:59:58.424 -03:00 [Verbose] Action Convention Applied: Action "ForwardSelected" on element "ForwardSelected".
2018-12-27 22:00:00.561 -03:00 [Verbose] Binding Convention Not Applied: Element "Overlay" did not match a property.
2018-12-27 22:00:00.562 -03:00 [Verbose] ViewModel bound on "MessageListViewModel".
2018-12-27 22:00:00.854 -03:00 [Verbose] Binding "Papercut.Views.MessageListView" and "Papercut.ViewModels.MessageListViewModel".
2018-12-27 22:00:00.854 -03:00 [Verbose] Setting DC of "Papercut.Views.MessageListView" to "Papercut.ViewModels.MessageListViewModel".
2018-12-27 22:00:00.854 -03:00 [Verbose] Attaching message handler "Papercut.ViewModels.MessageListViewModel" to "Papercut.Views.MessageListView".
2018-12-27 22:00:00.854 -03:00 [Verbose] Attaching "Papercut.Views.MessageListView" to "Papercut.ViewModels.MessageListViewModel".
2018-12-27 22:00:00.861 -03:00 [Verbose] Binding Convention Not Applied: Element "MessagesList" did not match a property.
2018-12-27 22:00:00.861 -03:00 [Verbose] Binding Convention Applied: Element "MessageListViewModel".
2018-12-27 22:00:00.862 -03:00 [Verbose] ViewModel bound on "MessageDetailViewModel".
2018-12-27 22:00:01.344 -03:00 [Verbose] Binding "Papercut.Views.MessageDetailView" and "Papercut.ViewModels.MessageDetailViewModel".
2018-12-27 22:00:01.344 -03:00 [Verbose] Setting DC of "Papercut.Views.MessageDetailView" to "Papercut.ViewModels.MessageDetailViewModel".
2018-12-27 22:00:01.344 -03:00 [Verbose] Attaching message handler "Papercut.ViewModels.MessageDetailViewModel" to "Papercut.Views.MessageDetailView".
2018-12-27 22:00:01.344 -03:00 [Verbose] Attaching "Papercut.Views.MessageDetailView" to "Papercut.ViewModels.MessageDetailViewModel".
2018-12-27 22:00:01.346 -03:00 [Verbose] ContentTemplate applied to "Items".
2018-12-27 22:00:01.347 -03:00 [Verbose] SelectedItem binding applied to "Items".
2018-12-27 22:00:01.347 -03:00 [Verbose] Header template applied to "Items".
2018-12-27 22:00:01.347 -03:00 [Verbose] Binding Convention Applied: Element "Items".
2018-12-27 22:00:01.347 -03:00 [Verbose] Binding Convention Applied: Element "From".
2018-12-27 22:00:01.347 -03:00 [Verbose] Binding Convention Applied: Element "To".
2018-12-27 22:00:01.348 -03:00 [Verbose] Binding Convention Applied: Element "CC".
2018-12-27 22:00:01.348 -03:00 [Verbose] Binding Convention Applied: Element "Bcc".
2018-12-27 22:00:01.348 -03:00 [Verbose] Binding Convention Applied: Element "Date".
2018-12-27 22:00:01.348 -03:00 [Verbose] Binding Convention Applied: Element "Subject".
2018-12-27 22:00:01.348 -03:00 [Verbose] Binding Convention Applied: Element "MessageDetailViewModel".
2018-12-27 22:00:01.348 -03:00 [Verbose] Binding Convention Not Applied: Element "DeleteSelected" did not match a property.
2018-12-27 22:00:01.348 -03:00 [Verbose] Binding Convention Not Applied: Element "image1" did not match a property.
2018-12-27 22:00:01.348 -03:00 [Verbose] Binding Convention Not Applied: Element "versionLabel" did not match a property.
2018-12-27 22:00:01.351 -03:00 [Verbose] Activating "Papercut.ViewModels.MainViewModel".
2018-12-27 22:00:01.351 -03:00 [Verbose] Activating "Papercut.ViewModels.MessageListViewModel".
2018-12-27 22:00:01.352 -03:00 [Verbose] Activating "Papercut.ViewModels.MessageDetailViewModel".
2018-12-27 22:00:03.483 -03:00 [Verbose] Activating "Papercut.ViewModels.MessageDetailHtmlViewModel".
2018-12-27 22:00:03.896 -03:00 [Verbose] Binding "Papercut.Views.MessageDetailHtmlView" and "Papercut.ViewModels.MessageDetailHtmlViewModel".
2018-12-27 22:00:03.896 -03:00 [Verbose] Setting DC of "Papercut.Views.MessageDetailHtmlView" to "Papercut.ViewModels.MessageDetailHtmlViewModel".
2018-12-27 22:00:03.896 -03:00 [Verbose] Attaching message handler "Papercut.ViewModels.MessageDetailHtmlViewModel" to "Papercut.Views.MessageDetailHtmlView".
2018-12-27 22:00:03.896 -03:00 [Verbose] Attaching "Papercut.Views.MessageDetailHtmlView" to "Papercut.ViewModels.MessageDetailHtmlViewModel".
2018-12-27 22:00:03.897 -03:00 [Verbose] Binding Convention Not Applied: Element "htmlView" did not match a property.
2018-12-27 22:00:13.707 -03:00 [Verbose] "Action: MessageListKeyDown" availability update.
2018-12-27 22:00:13.710 -03:00 [Verbose] "Action: MessageListKeyDown" availability update.
2018-12-27 22:00:17.868 -03:00 [Verbose] "Action: OnNavigating" availability update.
2018-12-27 22:00:17.868 -03:00 [Verbose] "Action: OnNavigating" availability update.
2018-12-27 22:00:17.991 -03:00 [Verbose] "Action: ForwardSelected" availability update.
2018-12-27 22:00:17.991 -03:00 [Verbose] "Action: ForwardSelected" availability update.
2018-12-27 22:00:18.032 -03:00 [Verbose] "Action: DeleteSelected" availability update.
2018-12-27 22:00:18.033 -03:00 [Verbose] "Action: DeleteSelected" availability update.
2018-12-27 22:00:18.034 -03:00 [Verbose] Binding "System.Windows.Controls.Button: Delete" and "Papercut.ViewModels.MessageListViewModel".
2018-12-27 22:00:18.034 -03:00 [Verbose] Attaching message handler "Papercut.ViewModels.MessageListViewModel" to "System.Windows.Controls.Button: Delete".
2018-12-27 22:00:18.035 -03:00 [Verbose] Attaching "System.Windows.Controls.Button: Delete" to "Papercut.ViewModels.MessageListViewModel".
2018-12-27 22:00:18.035 -03:00 [Verbose] Action Convention Applied: Action "DeleteSelected" on element "DeleteSelected".
2018-12-27 22:00:18.043 -03:00 [Verbose] "Action: DeleteSelected" availability update.
2018-12-27 22:00:18.043 -03:00 [Verbose] "Action: DeleteSelected" availability update.
2018-12-27 22:00:18.044 -03:00 [Verbose] Binding Convention Not Applied: Element "Border" did not match a property.
2018-12-27 22:00:18.044 -03:00 [Verbose] Binding Convention Not Applied: Element "DisabledVisualElement" did not match a property.
2018-12-27 22:00:18.044 -03:00 [Verbose] Binding Convention Not Applied: Element "PART_ContentPresenter" did not match a property.
2018-12-27 22:00:18.044 -03:00 [Verbose] Binding Convention Not Applied: Element "PART_ContentPresenter" did not match a property.
2018-12-27 22:00:18.044 -03:00 [Verbose] "Action: GoToSite" availability update.
2018-12-27 22:00:18.044 -03:00 [Verbose] "Action: GoToSite" availability update.
2018-12-27 22:00:18.045 -03:00 [Verbose] "Action: ToggleLog" availability update.
2018-12-27 22:00:18.045 -03:00 [Verbose] "Action: ToggleLog" availability update.
2018-12-27 22:00:18.046 -03:00 [Verbose] "Action: ShowRulesConfiguration" availability update.
2018-12-27 22:00:18.046 -03:00 [Verbose] "Action: ShowRulesConfiguration" availability update.
2018-12-27 22:00:18.046 -03:00 [Verbose] "Action: ShowOptions" availability update.
2018-12-27 22:00:18.046 -03:00 [Verbose] "Action: ShowOptions" availability update.
2018-12-27 22:00:18.046 -03:00 [Verbose] "Action: Exit" availability update.
2018-12-27 22:00:18.046 -03:00 [Verbose] "Action: Exit" availability update.
2018-12-27 22:00:26.313 -03:00 [Information] Attempting to Load Rules from "C:\Documents\ITX\OneDrive - ITX Corp\RAID\Juan\Papercut-develop\src\Papercut.UI\bin\Debug\app.publish\rules.json" on AppReady
2018-12-27 22:00:27.218 -03:00 [Information] Starting Server Papercut
2018-12-27 22:00:27.579 -03:00 [Information] Server Ready - Listening for New Connections "127.0.0.1":37402
2018-12-27 22:00:33.132 -03:00 [Debug] Setting up Rule Dispatcher Observable
2018-12-27 22:00:33.848 -03:00 [Information] Starting Server Smtp
2018-12-27 22:00:33.849 -03:00 [Information] Server Ready - Listening for New Connections "0.0.0.0":25
2018-12-27 22:00:49.826 -03:00 [Verbose] Invoking "Action: OnNavigating".
