2018-12-12 09:53:34.443 -03:00 [Information] Loading Messages from the Following Path(s) ["C:\Users\admin\AppData\Roaming\Papercut", "C:\Documents\ITX\OneDrive - ITX Corp\RAID\Juan\Papercut-develop\src\Papercut.UI\bin\Debug\", "C:\Documents\ITX\OneDrive - ITX Corp\RAID\Juan\Papercut-develop\src\Papercut.UI\bin\Debug\Incoming"]
2018-12-12 09:53:34.595 -03:00 [Information] Default Message Save Path is Set to "C:\Users\admin\AppData\Roaming\Papercut"
2018-12-12 09:53:34.600 -03:00 [Debug] Adding FileSystemWatcher for "C:\Users\admin\AppData\Roaming\Papercut"
2018-12-12 09:53:34.601 -03:00 [Debug] Adding FileSystemWatcher for "C:\Documents\ITX\OneDrive - ITX Corp\RAID\Juan\Papercut-develop\src\Papercut.UI\bin\Debug\"
2018-12-12 09:53:34.602 -03:00 [Debug] Adding FileSystemWatcher for "C:\Documents\ITX\OneDrive - ITX Corp\RAID\Juan\Papercut-develop\src\Papercut.UI\bin\Debug\Incoming"
2018-12-12 09:53:41.483 -03:00 [Information] Running Plug-In "WebUI" "1.0.0" "Provides a web UI to manage the email messages for Papercut."
2018-12-12 09:53:41.483 -03:00 [Information] Running Plug-In "Verbose (JSON) Serilog Logging" "1.0.0.0" "Verbose (JSON) Serilog Logging Support for Papercut"
2018-12-12 09:53:41.483 -03:00 [Information] Running Plug-In "Papercut Seq Logging" "1.0.0.0" "Papercut Serilog to Seq (http://getseq.net) local instance"
2018-12-12 09:53:42.149 -03:00 [Error] Can not start HTTP server at port 37408.
System.AggregateException: One or more errors occurred. ---> System.ServiceModel.AddressAccessDeniedException: HTTP could not register URL http://*:37408/. Your process does not have access rights to this namespace (see http://go.microsoft.com/fwlink/?LinkId=70353 for details). ---> System.Net.HttpListenerException: Access is denied
   at System.Net.HttpListener.AddAllPrefixes()
   at System.Net.HttpListener.Start()
   at System.ServiceModel.Channels.SharedHttpTransportManager.OnOpen()
   --- End of inner exception stack trace ---
   at System.Runtime.AsyncResult.End[TAsyncResult](IAsyncResult result)
   at System.ServiceModel.Channels.CommunicationObject.EndOpen(IAsyncResult result)
   at System.Web.Http.SelfHost.HttpSelfHostServer.OpenListenerComplete(IAsyncResult result)
   --- End of inner exception stack trace ---
   at System.Threading.Tasks.Task.ThrowIfExceptional(Boolean includeTaskCanceledExceptions)
   at System.Threading.Tasks.Task.Wait(Int32 millisecondsTimeout, CancellationToken cancellationToken)
   at System.Threading.Tasks.Task.Wait()
   at Papercut.Module.WebUI.WebServer.StartHttpServer() in C:\Downloads\Papercut-develop\src\Papercut.Module.WebUI\WebServer.cs:line 69
---> (Inner Exception #0) System.ServiceModel.AddressAccessDeniedException: HTTP could not register URL http://*:37408/. Your process does not have access rights to this namespace (see http://go.microsoft.com/fwlink/?LinkId=70353 for details). ---> System.Net.HttpListenerException: Access is denied
   at System.Net.HttpListener.AddAllPrefixes()
   at System.Net.HttpListener.Start()
   at System.ServiceModel.Channels.SharedHttpTransportManager.OnOpen()
   --- End of inner exception stack trace ---
   at System.Runtime.AsyncResult.End[TAsyncResult](IAsyncResult result)
   at System.ServiceModel.Channels.CommunicationObject.EndOpen(IAsyncResult result)
   at System.Web.Http.SelfHost.HttpSelfHostServer.OpenListenerComplete(IAsyncResult result)<---

2018-12-12 09:53:42.218 -03:00 [Information] Attempting to Load Rules from "C:\Documents\ITX\OneDrive - ITX Corp\RAID\Juan\Papercut-develop\src\Papercut.UI\bin\Debug\rules.json" on AppReady
2018-12-12 09:53:42.491 -03:00 [Debug] Setting up Rule Dispatcher Observable
2018-12-12 09:53:42.791 -03:00 [Information] Starting Server Papercut
2018-12-12 09:53:42.799 -03:00 [Information] Server Ready - Listening for New Connections "127.0.0.1":37402
2018-12-12 09:53:43.121 -03:00 [Information] Starting Server Smtp
2018-12-12 09:53:43.122 -03:00 [Information] Server Ready - Listening for New Connections "0.0.0.0":25
2018-12-12 10:07:17.894 -03:00 [Debug] Sending Line "220 desktop-d0iat58"
2018-12-12 10:07:17.900 -03:00 [Debug] Received Line "EHLO DESKTOP-D0IAT58"
2018-12-12 10:07:17.904 -03:00 [Debug] Sending Line "250-desktop-d0iat58"
2018-12-12 10:07:17.905 -03:00 [Debug] Sending Line "250-SMTPUTF8"
2018-12-12 10:07:17.905 -03:00 [Debug] Sending Line "250-8BITMIME"
2018-12-12 10:07:17.905 -03:00 [Debug] Sending Line "250 OK"
2018-12-12 10:07:17.905 -03:00 [Debug] Received Line "MAIL FROM:<info@serquest.com>"
2018-12-12 10:07:17.909 -03:00 [Debug] New Connection 1 from "127.0.0.1:63010"
2018-12-12 10:07:17.910 -03:00 [Debug] Initializing Background Processes...
2018-12-12 10:07:17.910 -03:00 [Debug] Sending Line "250 <info@serquest.com> OK"
2018-12-12 10:07:17.910 -03:00 [Debug] Received Line "RCPT TO:<info@redcross.org.fake>"
2018-12-12 10:07:17.912 -03:00 [Debug] Sending Line "250 <info@redcross.org.fake> OK"
2018-12-12 10:07:17.912 -03:00 [Debug] Received Line "DATA"
2018-12-12 10:07:17.915 -03:00 [Debug] Sending Line "354 Start mail input; end with <CRLF>.<CRLF>"
2018-12-12 10:07:17.919 -03:00 [Debug] Sending Line "250 OK"
2018-12-12 10:07:17.950 -03:00 [Information] Successfully Saved email message: "C:\Users\admin\AppData\Roaming\Papercut\20181212100717932-2f29b4.eml"
2018-12-12 10:07:17.953 -03:00 [Debug] Received Line "QUIT"
2018-12-12 10:07:17.953 -03:00 [Debug] Sending Line "221 Goodbye!"
2018-12-12 10:07:17.957 -03:00 [Debug] Connection 1 Closed
2018-12-12 10:08:04.168 -03:00 [Debug] Sending Line "220 desktop-d0iat58"
2018-12-12 10:08:04.169 -03:00 [Debug] New Connection 2 from "127.0.0.1:63022"
2018-12-12 10:08:04.169 -03:00 [Debug] Received Line "EHLO DESKTOP-D0IAT58"
2018-12-12 10:08:04.170 -03:00 [Debug] Sending Line "250-desktop-d0iat58"
2018-12-12 10:08:04.170 -03:00 [Debug] Sending Line "250-SMTPUTF8"
2018-12-12 10:08:04.170 -03:00 [Debug] Sending Line "250-8BITMIME"
2018-12-12 10:08:04.170 -03:00 [Debug] Sending Line "250 OK"
2018-12-12 10:08:04.171 -03:00 [Debug] Received Line "MAIL FROM:<info@serquest.com>"
2018-12-12 10:08:04.171 -03:00 [Debug] Sending Line "250 <info@serquest.com> OK"
2018-12-12 10:08:04.171 -03:00 [Debug] Received Line "RCPT TO:<andrea.pochettino@hotmail.com>"
2018-12-12 10:08:04.171 -03:00 [Debug] Sending Line "250 <andrea.pochettino@hotmail.com> OK"
2018-12-12 10:08:04.171 -03:00 [Debug] Received Line "DATA"
2018-12-12 10:08:04.172 -03:00 [Debug] Sending Line "354 Start mail input; end with <CRLF>.<CRLF>"
2018-12-12 10:08:04.176 -03:00 [Debug] Sending Line "250 OK"
2018-12-12 10:08:04.178 -03:00 [Information] Successfully Saved email message: "C:\Users\admin\AppData\Roaming\Papercut\20181212100804177-a2f01e.eml"
2018-12-12 10:08:04.180 -03:00 [Debug] Received Line "QUIT"
2018-12-12 10:08:04.180 -03:00 [Debug] Sending Line "221 Goodbye!"
2018-12-12 10:08:04.181 -03:00 [Debug] Connection 2 Closed
2018-12-12 10:08:18.109 -03:00 [Debug] Status: 0 Connections "167.4MB" Memory Used
2018-12-12 10:08:52.036 -03:00 [Debug] Sending Line "220 desktop-d0iat58"
2018-12-12 10:08:52.036 -03:00 [Debug] New Connection 3 from "127.0.0.1:63076"
2018-12-12 10:08:52.037 -03:00 [Debug] Received Line "EHLO DESKTOP-D0IAT58"
2018-12-12 10:08:52.037 -03:00 [Debug] Sending Line "250-desktop-d0iat58"
2018-12-12 10:08:52.037 -03:00 [Debug] Sending Line "250-SMTPUTF8"
2018-12-12 10:08:52.037 -03:00 [Debug] Sending Line "250-8BITMIME"
2018-12-12 10:08:52.038 -03:00 [Debug] Sending Line "250 OK"
2018-12-12 10:08:52.038 -03:00 [Debug] Received Line "MAIL FROM:<info@serquest.com>"
2018-12-12 10:08:52.038 -03:00 [Debug] Sending Line "250 <info@serquest.com> OK"
2018-12-12 10:08:52.038 -03:00 [Debug] Received Line "RCPT TO:<info@redcross.org.fake>"
2018-12-12 10:08:52.038 -03:00 [Debug] Sending Line "250 <info@redcross.org.fake> OK"
2018-12-12 10:08:52.038 -03:00 [Debug] Received Line "DATA"
2018-12-12 10:08:52.038 -03:00 [Debug] Sending Line "354 Start mail input; end with <CRLF>.<CRLF>"
2018-12-12 10:08:52.040 -03:00 [Debug] Sending Line "250 OK"
2018-12-12 10:08:52.060 -03:00 [Information] Successfully Saved email message: "C:\Users\admin\AppData\Roaming\Papercut\20181212100852047-298437.eml"
2018-12-12 10:08:52.061 -03:00 [Debug] Received Line "QUIT"
2018-12-12 10:08:52.061 -03:00 [Debug] Sending Line "221 Goodbye!"
2018-12-12 10:08:52.061 -03:00 [Debug] Connection 3 Closed
2018-12-12 10:14:22.665 -03:00 [Debug] Sending Line "220 desktop-d0iat58"
2018-12-12 10:14:22.666 -03:00 [Debug] New Connection 4 from "127.0.0.1:63481"
2018-12-12 10:14:22.666 -03:00 [Debug] Received Line "EHLO DESKTOP-D0IAT58"
2018-12-12 10:14:22.667 -03:00 [Debug] Sending Line "250-desktop-d0iat58"
2018-12-12 10:14:22.667 -03:00 [Debug] Sending Line "250-SMTPUTF8"
2018-12-12 10:14:22.667 -03:00 [Debug] Sending Line "250-8BITMIME"
2018-12-12 10:14:22.667 -03:00 [Debug] Sending Line "250 OK"
2018-12-12 10:14:22.668 -03:00 [Debug] Received Line "MAIL FROM:<info@serquest.com>"
2018-12-12 10:14:22.668 -03:00 [Debug] Sending Line "250 <info@serquest.com> OK"
2018-12-12 10:14:22.668 -03:00 [Debug] Received Line "RCPT TO:<info@redcross.org.fake>"
2018-12-12 10:14:22.668 -03:00 [Debug] Sending Line "250 <info@redcross.org.fake> OK"
2018-12-12 10:14:22.668 -03:00 [Debug] Received Line "DATA"
2018-12-12 10:14:22.668 -03:00 [Debug] Sending Line "354 Start mail input; end with <CRLF>.<CRLF>"
2018-12-12 10:14:22.669 -03:00 [Debug] Sending Line "250 OK"
2018-12-12 10:14:22.671 -03:00 [Information] Successfully Saved email message: "C:\Users\admin\AppData\Roaming\Papercut\20181212101422670-6d4829.eml"
2018-12-12 10:14:22.673 -03:00 [Debug] Received Line "QUIT"
2018-12-12 10:14:22.673 -03:00 [Debug] Sending Line "221 Goodbye!"
2018-12-12 10:14:22.677 -03:00 [Debug] Connection 4 Closed
2018-12-12 10:15:50.843 -03:00 [Debug] Sending Line "220 desktop-d0iat58"
2018-12-12 10:15:50.844 -03:00 [Debug] New Connection 5 from "127.0.0.1:63510"
2018-12-12 10:15:50.845 -03:00 [Debug] Received Line "EHLO DESKTOP-D0IAT58"
2018-12-12 10:15:50.845 -03:00 [Debug] Sending Line "250-desktop-d0iat58"
2018-12-12 10:15:50.846 -03:00 [Debug] Sending Line "250-SMTPUTF8"
2018-12-12 10:15:50.846 -03:00 [Debug] Sending Line "250-8BITMIME"
2018-12-12 10:15:50.846 -03:00 [Debug] Sending Line "250 OK"
2018-12-12 10:15:50.846 -03:00 [Debug] Received Line "MAIL FROM:<info@serquest.com>"
2018-12-12 10:15:50.847 -03:00 [Debug] Sending Line "250 <info@serquest.com> OK"
2018-12-12 10:15:50.847 -03:00 [Debug] Received Line "RCPT TO:<info@redcross.org.fake>"
2018-12-12 10:15:50.847 -03:00 [Debug] Sending Line "250 <info@redcross.org.fake> OK"
2018-12-12 10:15:50.847 -03:00 [Debug] Received Line "DATA"
2018-12-12 10:15:50.847 -03:00 [Debug] Sending Line "354 Start mail input; end with <CRLF>.<CRLF>"
2018-12-12 10:15:50.848 -03:00 [Debug] Sending Line "250 OK"
2018-12-12 10:15:50.851 -03:00 [Information] Successfully Saved email message: "C:\Users\admin\AppData\Roaming\Papercut\20181212101550849-7dd411.eml"
2018-12-12 10:15:50.851 -03:00 [Debug] Received Line "QUIT"
2018-12-12 10:15:50.851 -03:00 [Debug] Sending Line "221 Goodbye!"
2018-12-12 10:15:50.852 -03:00 [Debug] Connection 5 Closed
2018-12-12 10:17:25.709 -03:00 [Debug] Sending Line "220 desktop-d0iat58"
2018-12-12 10:17:25.709 -03:00 [Debug] New Connection 6 from "127.0.0.1:63618"
2018-12-12 10:17:25.710 -03:00 [Debug] Received Line "EHLO DESKTOP-D0IAT58"
2018-12-12 10:17:25.710 -03:00 [Debug] Sending Line "250-desktop-d0iat58"
2018-12-12 10:17:25.710 -03:00 [Debug] Sending Line "250-SMTPUTF8"
2018-12-12 10:17:25.711 -03:00 [Debug] Sending Line "250-8BITMIME"
2018-12-12 10:17:25.711 -03:00 [Debug] Sending Line "250 OK"
2018-12-12 10:17:25.711 -03:00 [Debug] Received Line "MAIL FROM:<info@serquest.com>"
2018-12-12 10:17:25.711 -03:00 [Debug] Sending Line "250 <info@serquest.com> OK"
2018-12-12 10:17:25.712 -03:00 [Debug] Received Line "RCPT TO:<info@redcross.org.fake>"
2018-12-12 10:17:25.712 -03:00 [Debug] Sending Line "250 <info@redcross.org.fake> OK"
2018-12-12 10:17:25.712 -03:00 [Debug] Received Line "DATA"
2018-12-12 10:17:25.712 -03:00 [Debug] Sending Line "354 Start mail input; end with <CRLF>.<CRLF>"
2018-12-12 10:17:25.722 -03:00 [Debug] Sending Line "250 OK"
2018-12-12 10:17:25.725 -03:00 [Information] Successfully Saved email message: "C:\Users\admin\AppData\Roaming\Papercut\20181212101725723-b54e2d.eml"
2018-12-12 10:17:25.726 -03:00 [Debug] Received Line "QUIT"
2018-12-12 10:17:25.726 -03:00 [Debug] Sending Line "221 Goodbye!"
2018-12-12 10:17:25.726 -03:00 [Debug] Connection 6 Closed
2018-12-12 10:19:00.176 -03:00 [Debug] Sending Line "220 desktop-d0iat58"
2018-12-12 10:19:00.177 -03:00 [Debug] New Connection 7 from "127.0.0.1:63715"
2018-12-12 10:19:00.177 -03:00 [Debug] Received Line "EHLO DESKTOP-D0IAT58"
2018-12-12 10:19:00.178 -03:00 [Debug] Sending Line "250-desktop-d0iat58"
2018-12-12 10:19:00.178 -03:00 [Debug] Sending Line "250-SMTPUTF8"
2018-12-12 10:19:00.178 -03:00 [Debug] Sending Line "250-8BITMIME"
2018-12-12 10:19:00.178 -03:00 [Debug] Sending Line "250 OK"
2018-12-12 10:19:00.179 -03:00 [Debug] Received Line "MAIL FROM:<info@serquest.com>"
2018-12-12 10:19:00.179 -03:00 [Debug] Sending Line "250 <info@serquest.com> OK"
2018-12-12 10:19:00.179 -03:00 [Debug] Received Line "RCPT TO:<info@redcross.org.fake>"
2018-12-12 10:19:00.179 -03:00 [Debug] Sending Line "250 <info@redcross.org.fake> OK"
2018-12-12 10:19:00.180 -03:00 [Debug] Received Line "DATA"
2018-12-12 10:19:00.180 -03:00 [Debug] Sending Line "354 Start mail input; end with <CRLF>.<CRLF>"
2018-12-12 10:19:00.181 -03:00 [Debug] Sending Line "250 OK"
2018-12-12 10:19:00.183 -03:00 [Information] Successfully Saved email message: "C:\Users\admin\AppData\Roaming\Papercut\20181212101900182-6bce1b.eml"
2018-12-12 10:19:00.184 -03:00 [Debug] Received Line "QUIT"
2018-12-12 10:19:00.184 -03:00 [Debug] Sending Line "221 Goodbye!"
2018-12-12 10:19:00.185 -03:00 [Debug] Connection 7 Closed
2018-12-12 10:28:18.064 -03:00 [Debug] Status: 0 Connections "144.1MB" Memory Used
2018-12-12 10:28:22.593 -03:00 [Debug] Sending Line "220 desktop-d0iat58"
2018-12-12 10:28:22.593 -03:00 [Debug] New Connection 8 from "127.0.0.1:64050"
2018-12-12 10:28:22.593 -03:00 [Debug] Received Line "EHLO DESKTOP-D0IAT58"
2018-12-12 10:28:22.594 -03:00 [Debug] Sending Line "250-desktop-d0iat58"
2018-12-12 10:28:22.594 -03:00 [Debug] Sending Line "250-SMTPUTF8"
2018-12-12 10:28:22.594 -03:00 [Debug] Sending Line "250-8BITMIME"
2018-12-12 10:28:22.595 -03:00 [Debug] Sending Line "250 OK"
2018-12-12 10:28:22.595 -03:00 [Debug] Received Line "MAIL FROM:<info@serquest.com>"
2018-12-12 10:28:22.595 -03:00 [Debug] Sending Line "250 <info@serquest.com> OK"
2018-12-12 10:28:22.596 -03:00 [Debug] Received Line "RCPT TO:<info@redcross.org.fake>"
2018-12-12 10:28:22.596 -03:00 [Debug] Sending Line "250 <info@redcross.org.fake> OK"
2018-12-12 10:28:22.596 -03:00 [Debug] Received Line "DATA"
2018-12-12 10:28:22.596 -03:00 [Debug] Sending Line "354 Start mail input; end with <CRLF>.<CRLF>"
2018-12-12 10:28:22.598 -03:00 [Debug] Sending Line "250 OK"
2018-12-12 10:28:22.602 -03:00 [Information] Successfully Saved email message: "C:\Users\admin\AppData\Roaming\Papercut\20181212102822599-186bab.eml"
2018-12-12 10:28:22.603 -03:00 [Debug] Received Line "QUIT"
2018-12-12 10:28:22.603 -03:00 [Debug] Sending Line "221 Goodbye!"
2018-12-12 10:28:22.603 -03:00 [Debug] Connection 8 Closed
2018-12-12 10:43:34.777 -03:00 [Debug] Sending Line "220 desktop-d0iat58"
2018-12-12 10:43:34.777 -03:00 [Debug] New Connection 9 from "127.0.0.1:64238"
2018-12-12 10:43:34.777 -03:00 [Debug] Received Line "EHLO DESKTOP-D0IAT58"
2018-12-12 10:43:34.778 -03:00 [Debug] Sending Line "250-desktop-d0iat58"
2018-12-12 10:43:34.778 -03:00 [Debug] Sending Line "250-SMTPUTF8"
2018-12-12 10:43:34.778 -03:00 [Debug] Sending Line "250-8BITMIME"
2018-12-12 10:43:34.778 -03:00 [Debug] Sending Line "250 OK"
2018-12-12 10:43:34.778 -03:00 [Debug] Received Line "MAIL FROM:<info@serquest.com>"
2018-12-12 10:43:34.779 -03:00 [Debug] Sending Line "250 <info@serquest.com> OK"
2018-12-12 10:43:34.779 -03:00 [Debug] Received Line "RCPT TO:<andrea.pochettino@hotmail.com>"
2018-12-12 10:43:34.779 -03:00 [Debug] Sending Line "250 <andrea.pochettino@hotmail.com> OK"
2018-12-12 10:43:34.779 -03:00 [Debug] Received Line "DATA"
2018-12-12 10:43:34.779 -03:00 [Debug] Sending Line "354 Start mail input; end with <CRLF>.<CRLF>"
2018-12-12 10:43:34.780 -03:00 [Debug] Sending Line "250 OK"
2018-12-12 10:43:34.782 -03:00 [Information] Successfully Saved email message: "C:\Users\admin\AppData\Roaming\Papercut\20181212104334780-e64be2.eml"
2018-12-12 10:43:34.783 -03:00 [Debug] Received Line "QUIT"
2018-12-12 10:43:34.783 -03:00 [Debug] Sending Line "221 Goodbye!"
2018-12-12 10:43:34.783 -03:00 [Debug] Connection 9 Closed
2018-12-12 10:48:18.056 -03:00 [Debug] Status: 0 Connections "147.1MB" Memory Used
2018-12-12 10:50:23.075 -03:00 [Debug] Sending Line "220 desktop-d0iat58"
2018-12-12 10:50:23.076 -03:00 [Debug] New Connection 10 from "127.0.0.1:64352"
2018-12-12 10:50:23.077 -03:00 [Debug] Received Line "EHLO DESKTOP-D0IAT58"
2018-12-12 10:50:23.078 -03:00 [Debug] Sending Line "250-desktop-d0iat58"
2018-12-12 10:50:23.079 -03:00 [Debug] Sending Line "250-SMTPUTF8"
2018-12-12 10:50:23.079 -03:00 [Debug] Sending Line "250-8BITMIME"
2018-12-12 10:50:23.080 -03:00 [Debug] Sending Line "250 OK"
2018-12-12 10:50:23.081 -03:00 [Debug] Received Line "MAIL FROM:<info@serquest.com>"
2018-12-12 10:50:23.081 -03:00 [Debug] Sending Line "250 <info@serquest.com> OK"
2018-12-12 10:50:23.082 -03:00 [Debug] Received Line "RCPT TO:<andrea.pochettino@hotmail.com>"
2018-12-12 10:50:23.082 -03:00 [Debug] Sending Line "250 <andrea.pochettino@hotmail.com> OK"
2018-12-12 10:50:23.082 -03:00 [Debug] Received Line "DATA"
2018-12-12 10:50:23.083 -03:00 [Debug] Sending Line "354 Start mail input; end with <CRLF>.<CRLF>"
2018-12-12 10:50:23.086 -03:00 [Debug] Sending Line "250 OK"
2018-12-12 10:50:23.090 -03:00 [Information] Successfully Saved email message: "C:\Users\admin\AppData\Roaming\Papercut\20181212105023087-5ab045.eml"
2018-12-12 10:50:23.091 -03:00 [Debug] Received Line "QUIT"
2018-12-12 10:50:23.091 -03:00 [Debug] Sending Line "221 Goodbye!"
2018-12-12 10:50:23.092 -03:00 [Debug] Connection 10 Closed
2018-12-12 10:51:46.148 -03:00 [Debug] Sending Line "220 desktop-d0iat58"
2018-12-12 10:51:46.148 -03:00 [Debug] New Connection 11 from "127.0.0.1:64492"
2018-12-12 10:51:46.150 -03:00 [Debug] Received Line "EHLO DESKTOP-D0IAT58"
2018-12-12 10:51:46.150 -03:00 [Debug] Sending Line "250-desktop-d0iat58"
2018-12-12 10:51:46.150 -03:00 [Debug] Sending Line "250-SMTPUTF8"
2018-12-12 10:51:46.151 -03:00 [Debug] Sending Line "250-8BITMIME"
2018-12-12 10:51:46.151 -03:00 [Debug] Sending Line "250 OK"
2018-12-12 10:51:46.151 -03:00 [Debug] Received Line "MAIL FROM:<info@serquest.com>"
2018-12-12 10:51:46.151 -03:00 [Debug] Sending Line "250 <info@serquest.com> OK"
2018-12-12 10:51:46.152 -03:00 [Debug] Received Line "RCPT TO:<andrea.pochettino@hotmail.com>"
2018-12-12 10:51:46.152 -03:00 [Debug] Sending Line "250 <andrea.pochettino@hotmail.com> OK"
2018-12-12 10:51:46.152 -03:00 [Debug] Received Line "DATA"
2018-12-12 10:51:46.152 -03:00 [Debug] Sending Line "354 Start mail input; end with <CRLF>.<CRLF>"
2018-12-12 10:51:46.153 -03:00 [Debug] Sending Line "250 OK"
2018-12-12 10:51:46.155 -03:00 [Information] Successfully Saved email message: "C:\Users\admin\AppData\Roaming\Papercut\20181212105146153-e06728.eml"
2018-12-12 10:51:46.155 -03:00 [Debug] Received Line "QUIT"
2018-12-12 10:51:46.155 -03:00 [Debug] Sending Line "221 Goodbye!"
2018-12-12 10:51:46.156 -03:00 [Debug] Connection 11 Closed
2018-12-12 10:52:40.772 -03:00 [Debug] Sending Line "220 desktop-d0iat58"
2018-12-12 10:52:40.773 -03:00 [Debug] New Connection 12 from "127.0.0.1:64579"
2018-12-12 10:52:40.773 -03:00 [Debug] Received Line "EHLO DESKTOP-D0IAT58"
2018-12-12 10:52:40.774 -03:00 [Debug] Sending Line "250-desktop-d0iat58"
2018-12-12 10:52:40.774 -03:00 [Debug] Sending Line "250-SMTPUTF8"
2018-12-12 10:52:40.774 -03:00 [Debug] Sending Line "250-8BITMIME"
2018-12-12 10:52:40.774 -03:00 [Debug] Sending Line "250 OK"
2018-12-12 10:52:40.775 -03:00 [Debug] Received Line "MAIL FROM:<info@serquest.com>"
2018-12-12 10:52:40.775 -03:00 [Debug] Sending Line "250 <info@serquest.com> OK"
2018-12-12 10:52:40.775 -03:00 [Debug] Received Line "RCPT TO:<andrea.pochettino@hotmail.com>"
2018-12-12 10:52:40.775 -03:00 [Debug] Sending Line "250 <andrea.pochettino@hotmail.com> OK"
2018-12-12 10:52:40.776 -03:00 [Debug] Received Line "DATA"
2018-12-12 10:52:40.776 -03:00 [Debug] Sending Line "354 Start mail input; end with <CRLF>.<CRLF>"
2018-12-12 10:52:40.776 -03:00 [Debug] Sending Line "250 OK"
2018-12-12 10:52:40.778 -03:00 [Information] Successfully Saved email message: "C:\Users\admin\AppData\Roaming\Papercut\20181212105240777-a0c650.eml"
2018-12-12 10:52:40.779 -03:00 [Debug] Received Line "QUIT"
2018-12-12 10:52:40.779 -03:00 [Debug] Sending Line "221 Goodbye!"
2018-12-12 10:52:40.779 -03:00 [Debug] Connection 12 Closed
2018-12-12 11:02:41.361 -03:00 [Debug] Sending Line "220 desktop-d0iat58"
2018-12-12 11:02:41.361 -03:00 [Debug] New Connection 13 from "127.0.0.1:65492"
2018-12-12 11:02:41.361 -03:00 [Debug] Received Line "EHLO DESKTOP-D0IAT58"
2018-12-12 11:02:41.362 -03:00 [Debug] Sending Line "250-desktop-d0iat58"
2018-12-12 11:02:41.362 -03:00 [Debug] Sending Line "250-SMTPUTF8"
2018-12-12 11:02:41.362 -03:00 [Debug] Sending Line "250-8BITMIME"
2018-12-12 11:02:41.362 -03:00 [Debug] Sending Line "250 OK"
2018-12-12 11:02:41.363 -03:00 [Debug] Received Line "MAIL FROM:<info@serquest.com>"
2018-12-12 11:02:41.363 -03:00 [Debug] Sending Line "250 <info@serquest.com> OK"
2018-12-12 11:02:41.363 -03:00 [Debug] Received Line "RCPT TO:<info@redcross.org.fake>"
2018-12-12 11:02:41.363 -03:00 [Debug] Sending Line "250 <info@redcross.org.fake> OK"
2018-12-12 11:02:41.364 -03:00 [Debug] Received Line "DATA"
2018-12-12 11:02:41.364 -03:00 [Debug] Sending Line "354 Start mail input; end with <CRLF>.<CRLF>"
2018-12-12 11:02:41.366 -03:00 [Debug] Sending Line "250 OK"
2018-12-12 11:02:41.369 -03:00 [Information] Successfully Saved email message: "C:\Users\admin\AppData\Roaming\Papercut\20181212110241367-f7ae66.eml"
2018-12-12 11:02:41.370 -03:00 [Debug] Received Line "QUIT"
2018-12-12 11:02:41.370 -03:00 [Debug] Sending Line "221 Goodbye!"
2018-12-12 11:02:41.371 -03:00 [Debug] Connection 13 Closed
2018-12-12 11:04:54.590 -03:00 [Debug] Sending Line "220 desktop-d0iat58"
2018-12-12 11:04:54.591 -03:00 [Debug] New Connection 14 from "127.0.0.1:49352"
2018-12-12 11:04:54.591 -03:00 [Debug] Received Line "EHLO DESKTOP-D0IAT58"
2018-12-12 11:04:54.591 -03:00 [Debug] Sending Line "250-desktop-d0iat58"
2018-12-12 11:04:54.592 -03:00 [Debug] Sending Line "250-SMTPUTF8"
2018-12-12 11:04:54.592 -03:00 [Debug] Sending Line "250-8BITMIME"
2018-12-12 11:04:54.592 -03:00 [Debug] Sending Line "250 OK"
2018-12-12 11:04:54.592 -03:00 [Debug] Received Line "MAIL FROM:<info@serquest.com>"
2018-12-12 11:04:54.592 -03:00 [Debug] Sending Line "250 <info@serquest.com> OK"
2018-12-12 11:04:54.593 -03:00 [Debug] Received Line "RCPT TO:<andrea.pochettino@hotmail.com>"
2018-12-12 11:04:54.593 -03:00 [Debug] Sending Line "250 <andrea.pochettino@hotmail.com> OK"
2018-12-12 11:04:54.593 -03:00 [Debug] Received Line "DATA"
2018-12-12 11:04:54.593 -03:00 [Debug] Sending Line "354 Start mail input; end with <CRLF>.<CRLF>"
2018-12-12 11:04:54.596 -03:00 [Debug] Sending Line "250 OK"
2018-12-12 11:04:54.598 -03:00 [Information] Successfully Saved email message: "C:\Users\admin\AppData\Roaming\Papercut\20181212110454596-699183.eml"
2018-12-12 11:04:54.599 -03:00 [Debug] Received Line "QUIT"
2018-12-12 11:04:54.599 -03:00 [Debug] Sending Line "221 Goodbye!"
2018-12-12 11:04:54.599 -03:00 [Debug] Connection 14 Closed
2018-12-12 11:08:18.057 -03:00 [Debug] Status: 0 Connections "154.4MB" Memory Used
2018-12-12 11:28:18.070 -03:00 [Debug] Status: 0 Connections "155.9MB" Memory Used
2018-12-12 11:39:47.137 -03:00 [Debug] Sending Line "220 desktop-d0iat58"
2018-12-12 11:39:47.139 -03:00 [Debug] New Connection 15 from "127.0.0.1:52739"
2018-12-12 11:39:47.140 -03:00 [Debug] Received Line "EHLO DESKTOP-D0IAT58"
2018-12-12 11:39:47.142 -03:00 [Debug] Sending Line "250-desktop-d0iat58"
2018-12-12 11:39:47.143 -03:00 [Debug] Sending Line "250-SMTPUTF8"
2018-12-12 11:39:47.144 -03:00 [Debug] Sending Line "250-8BITMIME"
2018-12-12 11:39:47.145 -03:00 [Debug] Sending Line "250 OK"
2018-12-12 11:39:47.146 -03:00 [Debug] Received Line "MAIL FROM:<info@serquest.com>"
2018-12-12 11:39:47.146 -03:00 [Debug] Sending Line "250 <info@serquest.com> OK"
2018-12-12 11:39:47.147 -03:00 [Debug] Received Line "RCPT TO:<info@redcross.org.fake>"
2018-12-12 11:39:47.147 -03:00 [Debug] Sending Line "250 <info@redcross.org.fake> OK"
2018-12-12 11:39:47.148 -03:00 [Debug] Received Line "DATA"
2018-12-12 11:39:47.149 -03:00 [Debug] Sending Line "354 Start mail input; end with <CRLF>.<CRLF>"
2018-12-12 11:39:47.230 -03:00 [Debug] Sending Line "250 OK"
2018-12-12 11:39:47.240 -03:00 [Information] Successfully Saved email message: "C:\Users\admin\AppData\Roaming\Papercut\20181212113947232-e0b339.eml"
2018-12-12 11:39:47.294 -03:00 [Debug] Received Line "QUIT"
2018-12-12 11:39:47.309 -03:00 [Debug] Sending Line "221 Goodbye!"
2018-12-12 11:39:47.312 -03:00 [Debug] Connection 15 Closed
2018-12-12 11:48:18.083 -03:00 [Debug] Status: 0 Connections "154.7MB" Memory Used
2018-12-12 12:08:18.083 -03:00 [Debug] Status: 0 Connections "147.9MB" Memory Used
2018-12-12 12:28:18.097 -03:00 [Debug] Status: 0 Connections "149.9MB" Memory Used
2018-12-12 12:48:18.100 -03:00 [Debug] Status: 0 Connections "135.8MB" Memory Used
2018-12-12 13:08:18.536 -03:00 [Debug] Status: 0 Connections "145.8MB" Memory Used
2018-12-12 13:28:18.519 -03:00 [Debug] Status: 0 Connections "146.5MB" Memory Used
2018-12-12 13:48:18.547 -03:00 [Debug] Status: 0 Connections "145.9MB" Memory Used
2018-12-12 14:08:18.552 -03:00 [Debug] Status: 0 Connections "146.5MB" Memory Used
2018-12-12 14:28:19.041 -03:00 [Debug] Status: 0 Connections "140.3MB" Memory Used
2018-12-12 14:48:19.089 -03:00 [Debug] Status: 0 Connections "138.9MB" Memory Used
2018-12-12 15:08:19.083 -03:00 [Debug] Status: 0 Connections "134.9MB" Memory Used
2018-12-12 15:28:19.083 -03:00 [Debug] Status: 0 Connections "144.4MB" Memory Used
2018-12-12 17:08:46.010 -03:00 [Information] Loading Messages from the Following Path(s) ["C:\Users\admin\AppData\Roaming\Papercut", "C:\Documents\ITX\OneDrive - ITX Corp\RAID\Juan\Papercut-develop\src\Papercut.UI\bin\Debug\", "C:\Documents\ITX\OneDrive - ITX Corp\RAID\Juan\Papercut-develop\src\Papercut.UI\bin\Debug\Incoming"]
2018-12-12 17:08:46.137 -03:00 [Information] Default Message Save Path is Set to "C:\Users\admin\AppData\Roaming\Papercut"
2018-12-12 17:08:46.143 -03:00 [Debug] Adding FileSystemWatcher for "C:\Users\admin\AppData\Roaming\Papercut"
2018-12-12 17:08:46.145 -03:00 [Debug] Adding FileSystemWatcher for "C:\Documents\ITX\OneDrive - ITX Corp\RAID\Juan\Papercut-develop\src\Papercut.UI\bin\Debug\"
2018-12-12 17:08:46.146 -03:00 [Debug] Adding FileSystemWatcher for "C:\Documents\ITX\OneDrive - ITX Corp\RAID\Juan\Papercut-develop\src\Papercut.UI\bin\Debug\Incoming"
2018-12-12 17:08:48.406 -03:00 [Information] Running Plug-In "WebUI" "1.0.0" "Provides a web UI to manage the email messages for Papercut."
2018-12-12 17:08:48.407 -03:00 [Information] Running Plug-In "Verbose (JSON) Serilog Logging" "1.0.0.0" "Verbose (JSON) Serilog Logging Support for Papercut"
2018-12-12 17:08:48.408 -03:00 [Information] Running Plug-In "Papercut Seq Logging" "1.0.0.0" "Papercut Serilog to Seq (http://getseq.net) local instance"
2018-12-12 17:08:48.758 -03:00 [Error] Can not start HTTP server at port 37408.
System.AggregateException: One or more errors occurred. ---> System.ServiceModel.AddressAccessDeniedException: HTTP could not register URL http://*:37408/. Your process does not have access rights to this namespace (see http://go.microsoft.com/fwlink/?LinkId=70353 for details). ---> System.Net.HttpListenerException: Access is denied
   at System.Net.HttpListener.AddAllPrefixes()
   at System.Net.HttpListener.Start()
   at System.ServiceModel.Channels.SharedHttpTransportManager.OnOpen()
   --- End of inner exception stack trace ---
   at System.Runtime.AsyncResult.End[TAsyncResult](IAsyncResult result)
   at System.ServiceModel.Channels.CommunicationObject.EndOpen(IAsyncResult result)
   at System.Web.Http.SelfHost.HttpSelfHostServer.OpenListenerComplete(IAsyncResult result)
   --- End of inner exception stack trace ---
   at System.Threading.Tasks.Task.ThrowIfExceptional(Boolean includeTaskCanceledExceptions)
   at System.Threading.Tasks.Task.Wait(Int32 millisecondsTimeout, CancellationToken cancellationToken)
   at System.Threading.Tasks.Task.Wait()
   at Papercut.Module.WebUI.WebServer.StartHttpServer() in C:\Downloads\Papercut-develop\src\Papercut.Module.WebUI\WebServer.cs:line 69
---> (Inner Exception #0) System.ServiceModel.AddressAccessDeniedException: HTTP could not register URL http://*:37408/. Your process does not have access rights to this namespace (see http://go.microsoft.com/fwlink/?LinkId=70353 for details). ---> System.Net.HttpListenerException: Access is denied
   at System.Net.HttpListener.AddAllPrefixes()
   at System.Net.HttpListener.Start()
   at System.ServiceModel.Channels.SharedHttpTransportManager.OnOpen()
   --- End of inner exception stack trace ---
   at System.Runtime.AsyncResult.End[TAsyncResult](IAsyncResult result)
   at System.ServiceModel.Channels.CommunicationObject.EndOpen(IAsyncResult result)
   at System.Web.Http.SelfHost.HttpSelfHostServer.OpenListenerComplete(IAsyncResult result)<---

2018-12-12 17:08:48.781 -03:00 [Information] Attempting to Load Rules from "C:\Documents\ITX\OneDrive - ITX Corp\RAID\Juan\Papercut-develop\src\Papercut.UI\bin\Debug\rules.json" on AppReady
2018-12-12 17:08:48.866 -03:00 [Debug] Setting up Rule Dispatcher Observable
2018-12-12 17:08:49.291 -03:00 [Information] Starting Server Papercut
2018-12-12 17:08:49.296 -03:00 [Information] Server Ready - Listening for New Connections "127.0.0.1":37402
2018-12-12 17:08:49.377 -03:00 [Information] Starting Server Smtp
2018-12-12 17:08:49.377 -03:00 [Information] Server Ready - Listening for New Connections "0.0.0.0":25
2018-12-12 17:16:14.803 -03:00 [Debug] Sending Line "220 desktop-d0iat58"
2018-12-12 17:16:14.807 -03:00 [Debug] Received Line "EHLO DESKTOP-D0IAT58"
2018-12-12 17:16:14.813 -03:00 [Debug] Sending Line "250-desktop-d0iat58"
2018-12-12 17:16:14.814 -03:00 [Debug] Sending Line "250-SMTPUTF8"
2018-12-12 17:16:14.814 -03:00 [Debug] Sending Line "250-8BITMIME"
2018-12-12 17:16:14.814 -03:00 [Debug] Sending Line "250 OK"
2018-12-12 17:16:14.814 -03:00 [Debug] Received Line "MAIL FROM:<info@serquest.com>"
2018-12-12 17:16:14.815 -03:00 [Debug] New Connection 1 from "127.0.0.1:51859"
2018-12-12 17:16:14.817 -03:00 [Debug] Initializing Background Processes...
2018-12-12 17:16:14.820 -03:00 [Debug] Sending Line "250 <info@serquest.com> OK"
2018-12-12 17:16:14.820 -03:00 [Debug] Received Line "RCPT TO:<info@redcross.org.fake>"
2018-12-12 17:16:14.822 -03:00 [Debug] Sending Line "250 <info@redcross.org.fake> OK"
2018-12-12 17:16:14.822 -03:00 [Debug] Received Line "DATA"
2018-12-12 17:16:14.825 -03:00 [Debug] Sending Line "354 Start mail input; end with <CRLF>.<CRLF>"
2018-12-12 17:16:14.830 -03:00 [Debug] Sending Line "250 OK"
2018-12-12 17:16:14.872 -03:00 [Information] Successfully Saved email message: "C:\Users\admin\AppData\Roaming\Papercut\20181212171614841-6abed2.eml"
2018-12-12 17:16:14.875 -03:00 [Debug] Received Line "QUIT"
2018-12-12 17:16:14.875 -03:00 [Debug] Sending Line "221 Goodbye!"
2018-12-12 17:16:14.882 -03:00 [Debug] Connection 1 Closed
2018-12-12 17:17:14.863 -03:00 [Debug] Status: 0 Connections "175.1MB" Memory Used
2018-12-12 17:17:27.673 -03:00 [Debug] Sending Line "220 desktop-d0iat58"
2018-12-12 17:17:27.673 -03:00 [Debug] New Connection 2 from "127.0.0.1:51887"
2018-12-12 17:17:27.673 -03:00 [Debug] Received Line "EHLO DESKTOP-D0IAT58"
2018-12-12 17:17:27.674 -03:00 [Debug] Sending Line "250-desktop-d0iat58"
2018-12-12 17:17:27.675 -03:00 [Debug] Sending Line "250-SMTPUTF8"
2018-12-12 17:17:27.675 -03:00 [Debug] Sending Line "250-8BITMIME"
2018-12-12 17:17:27.675 -03:00 [Debug] Sending Line "250 OK"
2018-12-12 17:17:27.676 -03:00 [Debug] Received Line "MAIL FROM:<info@serquest.com>"
2018-12-12 17:17:27.676 -03:00 [Debug] Sending Line "250 <info@serquest.com> OK"
2018-12-12 17:17:27.676 -03:00 [Debug] Received Line "RCPT TO:<andrea.pochettino@hotmail.com>"
2018-12-12 17:17:27.676 -03:00 [Debug] Sending Line "250 <andrea.pochettino@hotmail.com> OK"
2018-12-12 17:17:27.677 -03:00 [Debug] Received Line "DATA"
2018-12-12 17:17:27.677 -03:00 [Debug] Sending Line "354 Start mail input; end with <CRLF>.<CRLF>"
2018-12-12 17:17:27.678 -03:00 [Debug] Sending Line "250 OK"
2018-12-12 17:17:27.680 -03:00 [Information] Successfully Saved email message: "C:\Users\admin\AppData\Roaming\Papercut\20181212171727678-7fedb2.eml"
2018-12-12 17:17:27.680 -03:00 [Debug] Received Line "QUIT"
2018-12-12 17:17:27.680 -03:00 [Debug] Sending Line "221 Goodbye!"
2018-12-12 17:17:27.680 -03:00 [Debug] Connection 2 Closed
2018-12-12 17:28:55.795 -03:00 [Debug] Sending Line "220 desktop-d0iat58"
2018-12-12 17:28:55.796 -03:00 [Debug] New Connection 3 from "127.0.0.1:52088"
2018-12-12 17:28:55.796 -03:00 [Debug] Received Line "EHLO DESKTOP-D0IAT58"
2018-12-12 17:28:55.796 -03:00 [Debug] Sending Line "250-desktop-d0iat58"
2018-12-12 17:28:55.796 -03:00 [Debug] Sending Line "250-SMTPUTF8"
2018-12-12 17:28:55.797 -03:00 [Debug] Sending Line "250-8BITMIME"
2018-12-12 17:28:55.797 -03:00 [Debug] Sending Line "250 OK"
2018-12-12 17:28:55.797 -03:00 [Debug] Received Line "MAIL FROM:<info@serquest.com>"
2018-12-12 17:28:55.797 -03:00 [Debug] Sending Line "250 <info@serquest.com> OK"
2018-12-12 17:28:55.797 -03:00 [Debug] Received Line "RCPT TO:<andrea.pochettino@hotmail.com>"
2018-12-12 17:28:55.798 -03:00 [Debug] Sending Line "250 <andrea.pochettino@hotmail.com> OK"
2018-12-12 17:28:55.798 -03:00 [Debug] Received Line "DATA"
2018-12-12 17:28:55.798 -03:00 [Debug] Sending Line "354 Start mail input; end with <CRLF>.<CRLF>"
2018-12-12 17:28:55.799 -03:00 [Debug] Sending Line "250 OK"
2018-12-12 17:28:55.801 -03:00 [Information] Successfully Saved email message: "C:\Users\admin\AppData\Roaming\Papercut\20181212172855800-a3f0fb.eml"
2018-12-12 17:28:55.801 -03:00 [Debug] Received Line "QUIT"
2018-12-12 17:28:55.802 -03:00 [Debug] Sending Line "221 Goodbye!"
2018-12-12 17:28:55.802 -03:00 [Debug] Connection 3 Closed
2018-12-12 17:37:14.874 -03:00 [Debug] Status: 0 Connections "188.7MB" Memory Used
2018-12-12 17:53:28.577 -03:00 [Debug] Sending Line "220 desktop-d0iat58"
2018-12-12 17:53:28.578 -03:00 [Debug] New Connection 4 from "127.0.0.1:52566"
2018-12-12 17:53:28.578 -03:00 [Debug] Received Line "EHLO DESKTOP-D0IAT58"
2018-12-12 17:53:28.579 -03:00 [Debug] Sending Line "250-desktop-d0iat58"
2018-12-12 17:53:28.579 -03:00 [Debug] Sending Line "250-SMTPUTF8"
2018-12-12 17:53:28.579 -03:00 [Debug] Sending Line "250-8BITMIME"
2018-12-12 17:53:28.579 -03:00 [Debug] Sending Line "250 OK"
2018-12-12 17:53:28.580 -03:00 [Debug] Received Line "MAIL FROM:<info@serquest.com>"
2018-12-12 17:53:28.580 -03:00 [Debug] Sending Line "250 <info@serquest.com> OK"
2018-12-12 17:53:28.581 -03:00 [Debug] Received Line "RCPT TO:<info@redcross.org.fake>"
2018-12-12 17:53:28.581 -03:00 [Debug] Sending Line "250 <info@redcross.org.fake> OK"
2018-12-12 17:53:28.581 -03:00 [Debug] Received Line "DATA"
2018-12-12 17:53:28.582 -03:00 [Debug] Sending Line "354 Start mail input; end with <CRLF>.<CRLF>"
2018-12-12 17:53:28.585 -03:00 [Debug] Sending Line "250 OK"
2018-12-12 17:53:28.589 -03:00 [Information] Successfully Saved email message: "C:\Users\admin\AppData\Roaming\Papercut\20181212175328587-c0063c.eml"
2018-12-12 17:53:28.590 -03:00 [Debug] Received Line "QUIT"
2018-12-12 17:53:28.590 -03:00 [Debug] Sending Line "221 Goodbye!"
2018-12-12 17:53:28.590 -03:00 [Debug] Connection 4 Closed
2018-12-12 17:57:14.898 -03:00 [Debug] Status: 0 Connections "186.9MB" Memory Used
2018-12-12 18:09:43.646 -03:00 [Debug] Sending Line "220 desktop-d0iat58"
2018-12-12 18:09:43.646 -03:00 [Debug] New Connection 5 from "127.0.0.1:53241"
2018-12-12 18:09:43.646 -03:00 [Debug] Received Line "EHLO DESKTOP-D0IAT58"
2018-12-12 18:09:43.647 -03:00 [Debug] Sending Line "250-desktop-d0iat58"
2018-12-12 18:09:43.647 -03:00 [Debug] Sending Line "250-SMTPUTF8"
2018-12-12 18:09:43.647 -03:00 [Debug] Sending Line "250-8BITMIME"
2018-12-12 18:09:43.647 -03:00 [Debug] Sending Line "250 OK"
2018-12-12 18:09:43.647 -03:00 [Debug] Received Line "MAIL FROM:<info@serquest.com>"
2018-12-12 18:09:43.647 -03:00 [Debug] Sending Line "250 <info@serquest.com> OK"
2018-12-12 18:09:43.648 -03:00 [Debug] Received Line "RCPT TO:<info@redcross.org.fake>"
2018-12-12 18:09:43.648 -03:00 [Debug] Sending Line "250 <info@redcross.org.fake> OK"
2018-12-12 18:09:43.648 -03:00 [Debug] Received Line "DATA"
2018-12-12 18:09:43.648 -03:00 [Debug] Sending Line "354 Start mail input; end with <CRLF>.<CRLF>"
2018-12-12 18:09:43.649 -03:00 [Debug] Sending Line "250 OK"
2018-12-12 18:09:43.651 -03:00 [Information] Successfully Saved email message: "C:\Users\admin\AppData\Roaming\Papercut\20181212180943650-4c5e55.eml"
2018-12-12 18:09:43.651 -03:00 [Debug] Received Line "QUIT"
2018-12-12 18:09:43.651 -03:00 [Debug] Sending Line "221 Goodbye!"
2018-12-12 18:09:43.651 -03:00 [Debug] Connection 5 Closed
2018-12-12 18:10:28.085 -03:00 [Debug] Sending Line "220 desktop-d0iat58"
2018-12-12 18:10:28.085 -03:00 [Debug] New Connection 6 from "127.0.0.1:53328"
2018-12-12 18:10:28.085 -03:00 [Debug] Received Line "EHLO DESKTOP-D0IAT58"
2018-12-12 18:10:28.086 -03:00 [Debug] Sending Line "250-desktop-d0iat58"
2018-12-12 18:10:28.086 -03:00 [Debug] Sending Line "250-SMTPUTF8"
2018-12-12 18:10:28.086 -03:00 [Debug] Sending Line "250-8BITMIME"
2018-12-12 18:10:28.086 -03:00 [Debug] Sending Line "250 OK"
2018-12-12 18:10:28.086 -03:00 [Debug] Received Line "MAIL FROM:<info@serquest.com>"
2018-12-12 18:10:28.086 -03:00 [Debug] Sending Line "250 <info@serquest.com> OK"
2018-12-12 18:10:28.087 -03:00 [Debug] Received Line "RCPT TO:<info@redcross.org.fake>"
2018-12-12 18:10:28.087 -03:00 [Debug] Sending Line "250 <info@redcross.org.fake> OK"
2018-12-12 18:10:28.087 -03:00 [Debug] Received Line "DATA"
2018-12-12 18:10:28.087 -03:00 [Debug] Sending Line "354 Start mail input; end with <CRLF>.<CRLF>"
2018-12-12 18:10:28.088 -03:00 [Debug] Sending Line "250 OK"
2018-12-12 18:10:28.091 -03:00 [Information] Successfully Saved email message: "C:\Users\admin\AppData\Roaming\Papercut\20181212181028089-c57add.eml"
2018-12-12 18:10:28.091 -03:00 [Debug] Received Line "QUIT"
2018-12-12 18:10:28.091 -03:00 [Debug] Sending Line "221 Goodbye!"
2018-12-12 18:10:28.092 -03:00 [Debug] Connection 6 Closed
2018-12-12 18:12:58.238 -03:00 [Debug] Sending Line "220 desktop-d0iat58"
2018-12-12 18:12:58.238 -03:00 [Debug] New Connection 7 from "127.0.0.1:53634"
2018-12-12 18:12:58.238 -03:00 [Debug] Received Line "EHLO DESKTOP-D0IAT58"
2018-12-12 18:12:58.239 -03:00 [Debug] Sending Line "250-desktop-d0iat58"
2018-12-12 18:12:58.239 -03:00 [Debug] Sending Line "250-SMTPUTF8"
2018-12-12 18:12:58.239 -03:00 [Debug] Sending Line "250-8BITMIME"
2018-12-12 18:12:58.239 -03:00 [Debug] Sending Line "250 OK"
2018-12-12 18:12:58.239 -03:00 [Debug] Received Line "MAIL FROM:<info@serquest.com>"
2018-12-12 18:12:58.240 -03:00 [Debug] Sending Line "250 <info@serquest.com> OK"
2018-12-12 18:12:58.240 -03:00 [Debug] Received Line "RCPT TO:<andrea.pochettino@hotmail.com>"
2018-12-12 18:12:58.240 -03:00 [Debug] Sending Line "250 <andrea.pochettino@hotmail.com> OK"
2018-12-12 18:12:58.240 -03:00 [Debug] Received Line "DATA"
2018-12-12 18:12:58.240 -03:00 [Debug] Sending Line "354 Start mail input; end with <CRLF>.<CRLF>"
2018-12-12 18:12:58.242 -03:00 [Debug] Sending Line "250 OK"
2018-12-12 18:12:58.246 -03:00 [Information] Successfully Saved email message: "C:\Users\admin\AppData\Roaming\Papercut\20181212181258245-2f511e.eml"
2018-12-12 18:12:58.247 -03:00 [Debug] Received Line "MAIL FROM:<info@serquest.com>"
2018-12-12 18:12:58.247 -03:00 [Debug] Sending Line "250 <info@serquest.com> OK"
2018-12-12 18:12:58.247 -03:00 [Debug] Received Line "RCPT TO:<andrea.pochettino@hotmail.com>"
2018-12-12 18:12:58.247 -03:00 [Debug] Sending Line "250 <andrea.pochettino@hotmail.com> OK"
2018-12-12 18:12:58.248 -03:00 [Debug] Received Line "DATA"
2018-12-12 18:12:58.248 -03:00 [Debug] Sending Line "354 Start mail input; end with <CRLF>.<CRLF>"
2018-12-12 18:12:58.250 -03:00 [Debug] Sending Line "250 OK"
2018-12-12 18:12:58.253 -03:00 [Information] Successfully Saved email message: "C:\Users\admin\AppData\Roaming\Papercut\20181212181258251-1fe95a.eml"
2018-12-12 18:12:58.253 -03:00 [Debug] Received Line "QUIT"
2018-12-12 18:12:58.253 -03:00 [Debug] Sending Line "221 Goodbye!"
2018-12-12 18:12:58.254 -03:00 [Debug] Connection 7 Closed
2018-12-12 18:15:44.320 -03:00 [Debug] Sending Line "220 desktop-d0iat58"
2018-12-12 18:15:44.320 -03:00 [Debug] New Connection 8 from "127.0.0.1:53903"
2018-12-12 18:15:44.320 -03:00 [Debug] Received Line "EHLO DESKTOP-D0IAT58"
2018-12-12 18:15:44.321 -03:00 [Debug] Sending Line "250-desktop-d0iat58"
2018-12-12 18:15:44.321 -03:00 [Debug] Sending Line "250-SMTPUTF8"
2018-12-12 18:15:44.321 -03:00 [Debug] Sending Line "250-8BITMIME"
2018-12-12 18:15:44.322 -03:00 [Debug] Sending Line "250 OK"
2018-12-12 18:15:44.322 -03:00 [Debug] Received Line "MAIL FROM:<info@serquest.com>"
2018-12-12 18:15:44.322 -03:00 [Debug] Sending Line "250 <info@serquest.com> OK"
2018-12-12 18:15:44.322 -03:00 [Debug] Received Line "RCPT TO:<andrea.pochettino@hotmail.com>"
2018-12-12 18:15:44.323 -03:00 [Debug] Sending Line "250 <andrea.pochettino@hotmail.com> OK"
2018-12-12 18:15:44.323 -03:00 [Debug] Received Line "DATA"
2018-12-12 18:15:44.323 -03:00 [Debug] Sending Line "354 Start mail input; end with <CRLF>.<CRLF>"
2018-12-12 18:15:44.324 -03:00 [Debug] Sending Line "250 OK"
2018-12-12 18:15:44.326 -03:00 [Information] Successfully Saved email message: "C:\Users\admin\AppData\Roaming\Papercut\20181212181544325-bfa6f1.eml"
2018-12-12 18:15:44.327 -03:00 [Debug] Received Line "QUIT"
2018-12-12 18:15:44.327 -03:00 [Debug] Sending Line "221 Goodbye!"
2018-12-12 18:15:44.328 -03:00 [Debug] Connection 8 Closed
2018-12-12 18:16:21.981 -03:00 [Debug] Sending Line "220 desktop-d0iat58"
2018-12-12 18:16:21.981 -03:00 [Debug] New Connection 9 from "127.0.0.1:53970"
2018-12-12 18:16:21.981 -03:00 [Debug] Received Line "EHLO DESKTOP-D0IAT58"
2018-12-12 18:16:21.984 -03:00 [Debug] Sending Line "250-desktop-d0iat58"
2018-12-12 18:16:21.985 -03:00 [Debug] Sending Line "250-SMTPUTF8"
2018-12-12 18:16:21.985 -03:00 [Debug] Sending Line "250-8BITMIME"
2018-12-12 18:16:21.985 -03:00 [Debug] Sending Line "250 OK"
2018-12-12 18:16:21.986 -03:00 [Debug] Received Line "MAIL FROM:<info@serquest.com>"
2018-12-12 18:16:21.986 -03:00 [Debug] Sending Line "250 <info@serquest.com> OK"
2018-12-12 18:16:21.986 -03:00 [Debug] Received Line "RCPT TO:<info@redcross.org.fake>"
2018-12-12 18:16:21.986 -03:00 [Debug] Sending Line "250 <info@redcross.org.fake> OK"
2018-12-12 18:16:21.987 -03:00 [Debug] Received Line "DATA"
2018-12-12 18:16:21.987 -03:00 [Debug] Sending Line "354 Start mail input; end with <CRLF>.<CRLF>"
2018-12-12 18:16:21.988 -03:00 [Debug] Sending Line "250 OK"
2018-12-12 18:16:21.991 -03:00 [Information] Successfully Saved email message: "C:\Users\admin\AppData\Roaming\Papercut\20181212181621989-4c0f1f.eml"
2018-12-12 18:16:21.992 -03:00 [Debug] Received Line "QUIT"
2018-12-12 18:16:21.992 -03:00 [Debug] Sending Line "221 Goodbye!"
2018-12-12 18:16:21.992 -03:00 [Debug] Connection 9 Closed
2018-12-12 18:17:14.906 -03:00 [Debug] Status: 0 Connections "176MB" Memory Used
2018-12-12 18:23:40.326 -03:00 [Debug] Sending Line "220 desktop-d0iat58"
2018-12-12 18:23:40.328 -03:00 [Debug] New Connection 10 from "127.0.0.1:54703"
2018-12-12 18:23:40.328 -03:00 [Debug] Received Line "EHLO DESKTOP-D0IAT58"
2018-12-12 18:23:40.330 -03:00 [Debug] Sending Line "250-desktop-d0iat58"
2018-12-12 18:23:40.331 -03:00 [Debug] Sending Line "250-SMTPUTF8"
2018-12-12 18:23:40.332 -03:00 [Debug] Sending Line "250-8BITMIME"
2018-12-12 18:23:40.332 -03:00 [Debug] Sending Line "250 OK"
2018-12-12 18:23:40.333 -03:00 [Debug] Received Line "MAIL FROM:<info@serquest.com>"
2018-12-12 18:23:40.334 -03:00 [Debug] Sending Line "250 <info@serquest.com> OK"
2018-12-12 18:23:40.335 -03:00 [Debug] Received Line "RCPT TO:<andrea.pochettino@hotmail.com>"
2018-12-12 18:23:40.335 -03:00 [Debug] Sending Line "250 <andrea.pochettino@hotmail.com> OK"
2018-12-12 18:23:40.336 -03:00 [Debug] Received Line "DATA"
2018-12-12 18:23:40.337 -03:00 [Debug] Sending Line "354 Start mail input; end with <CRLF>.<CRLF>"
2018-12-12 18:23:40.383 -03:00 [Debug] Sending Line "250 OK"
2018-12-12 18:23:40.390 -03:00 [Information] Successfully Saved email message: "C:\Users\admin\AppData\Roaming\Papercut\20181212182340386-5846ed.eml"
2018-12-12 18:23:40.392 -03:00 [Debug] Received Line "QUIT"
2018-12-12 18:23:40.393 -03:00 [Debug] Sending Line "221 Goodbye!"
2018-12-12 18:23:40.394 -03:00 [Debug] Connection 10 Closed
2018-12-12 18:30:51.052 -03:00 [Debug] Sending Line "220 desktop-d0iat58"
2018-12-12 18:30:51.053 -03:00 [Debug] New Connection 11 from "127.0.0.1:55436"
2018-12-12 18:30:51.053 -03:00 [Debug] Received Line "EHLO DESKTOP-D0IAT58"
2018-12-12 18:30:51.054 -03:00 [Debug] Sending Line "250-desktop-d0iat58"
2018-12-12 18:30:51.054 -03:00 [Debug] Sending Line "250-SMTPUTF8"
2018-12-12 18:30:51.054 -03:00 [Debug] Sending Line "250-8BITMIME"
2018-12-12 18:30:51.054 -03:00 [Debug] Sending Line "250 OK"
2018-12-12 18:30:51.054 -03:00 [Debug] Received Line "MAIL FROM:<info@serquest.com>"
2018-12-12 18:30:51.054 -03:00 [Debug] Sending Line "250 <info@serquest.com> OK"
2018-12-12 18:30:51.055 -03:00 [Debug] Received Line "RCPT TO:<a@a.com>"
2018-12-12 18:30:51.055 -03:00 [Debug] Sending Line "250 <a@a.com> OK"
2018-12-12 18:30:51.055 -03:00 [Debug] Received Line "DATA"
2018-12-12 18:30:51.055 -03:00 [Debug] Sending Line "354 Start mail input; end with <CRLF>.<CRLF>"
2018-12-12 18:30:51.057 -03:00 [Debug] Sending Line "250 OK"
2018-12-12 18:30:51.059 -03:00 [Information] Successfully Saved email message: "C:\Users\admin\AppData\Roaming\Papercut\20181212183051057-6b310f.eml"
2018-12-12 18:30:51.059 -03:00 [Debug] Received Line "QUIT"
2018-12-12 18:30:51.059 -03:00 [Debug] Sending Line "221 Goodbye!"
2018-12-12 18:30:51.060 -03:00 [Debug] Connection 11 Closed
2018-12-12 18:34:48.088 -03:00 [Debug] Sending Line "220 desktop-d0iat58"
2018-12-12 18:34:48.089 -03:00 [Debug] New Connection 12 from "127.0.0.1:55830"
2018-12-12 18:34:48.089 -03:00 [Debug] Received Line "EHLO DESKTOP-D0IAT58"
2018-12-12 18:34:48.089 -03:00 [Debug] Sending Line "250-desktop-d0iat58"
2018-12-12 18:34:48.090 -03:00 [Debug] Sending Line "250-SMTPUTF8"
2018-12-12 18:34:48.090 -03:00 [Debug] Sending Line "250-8BITMIME"
2018-12-12 18:34:48.090 -03:00 [Debug] Sending Line "250 OK"
2018-12-12 18:34:48.090 -03:00 [Debug] Received Line "MAIL FROM:<info@serquest.com>"
2018-12-12 18:34:48.090 -03:00 [Debug] Sending Line "250 <info@serquest.com> OK"
2018-12-12 18:34:48.091 -03:00 [Debug] Received Line "RCPT TO:<info@redcross.org.fake>"
2018-12-12 18:34:48.091 -03:00 [Debug] Sending Line "250 <info@redcross.org.fake> OK"
2018-12-12 18:34:48.091 -03:00 [Debug] Received Line "DATA"
2018-12-12 18:34:48.091 -03:00 [Debug] Sending Line "354 Start mail input; end with <CRLF>.<CRLF>"
2018-12-12 18:34:48.092 -03:00 [Debug] Sending Line "250 OK"
2018-12-12 18:34:48.095 -03:00 [Information] Successfully Saved email message: "C:\Users\admin\AppData\Roaming\Papercut\20181212183448093-4a6ec6.eml"
2018-12-12 18:34:48.095 -03:00 [Debug] Received Line "QUIT"
2018-12-12 18:34:48.096 -03:00 [Debug] Sending Line "221 Goodbye!"
2018-12-12 18:34:48.096 -03:00 [Debug] Connection 12 Closed
2018-12-12 18:35:43.706 -03:00 [Debug] Sending Line "220 desktop-d0iat58"
2018-12-12 18:35:43.706 -03:00 [Debug] New Connection 13 from "127.0.0.1:55941"
2018-12-12 18:35:43.706 -03:00 [Debug] Received Line "EHLO DESKTOP-D0IAT58"
2018-12-12 18:35:43.707 -03:00 [Debug] Sending Line "250-desktop-d0iat58"
2018-12-12 18:35:43.707 -03:00 [Debug] Sending Line "250-SMTPUTF8"
2018-12-12 18:35:43.707 -03:00 [Debug] Sending Line "250-8BITMIME"
2018-12-12 18:35:43.708 -03:00 [Debug] Sending Line "250 OK"
2018-12-12 18:35:43.708 -03:00 [Debug] Received Line "MAIL FROM:<info@serquest.com>"
2018-12-12 18:35:43.708 -03:00 [Debug] Sending Line "250 <info@serquest.com> OK"
2018-12-12 18:35:43.709 -03:00 [Debug] Received Line "RCPT TO:<andrea.pochettino@hotmail.com>"
2018-12-12 18:35:43.709 -03:00 [Debug] Sending Line "250 <andrea.pochettino@hotmail.com> OK"
2018-12-12 18:35:43.709 -03:00 [Debug] Received Line "DATA"
2018-12-12 18:35:43.709 -03:00 [Debug] Sending Line "354 Start mail input; end with <CRLF>.<CRLF>"
2018-12-12 18:35:43.711 -03:00 [Debug] Sending Line "250 OK"
2018-12-12 18:35:43.713 -03:00 [Information] Successfully Saved email message: "C:\Users\admin\AppData\Roaming\Papercut\20181212183543711-b111bd.eml"
2018-12-12 18:35:43.714 -03:00 [Debug] Received Line "QUIT"
2018-12-12 18:35:43.714 -03:00 [Debug] Sending Line "221 Goodbye!"
2018-12-12 18:35:43.714 -03:00 [Debug] Connection 13 Closed
2018-12-12 18:37:14.918 -03:00 [Debug] Status: 0 Connections "181.1MB" Memory Used
2018-12-12 18:38:37.170 -03:00 [Debug] Sending Line "220 desktop-d0iat58"
2018-12-12 18:38:37.170 -03:00 [Debug] New Connection 14 from "127.0.0.1:56243"
2018-12-12 18:38:37.171 -03:00 [Debug] Received Line "EHLO DESKTOP-D0IAT58"
2018-12-12 18:38:37.171 -03:00 [Debug] Sending Line "250-desktop-d0iat58"
2018-12-12 18:38:37.171 -03:00 [Debug] Sending Line "250-SMTPUTF8"
2018-12-12 18:38:37.172 -03:00 [Debug] Sending Line "250-8BITMIME"
2018-12-12 18:38:37.172 -03:00 [Debug] Sending Line "250 OK"
2018-12-12 18:38:37.172 -03:00 [Debug] Received Line "MAIL FROM:<info@serquest.com>"
2018-12-12 18:38:37.172 -03:00 [Debug] Sending Line "250 <info@serquest.com> OK"
2018-12-12 18:38:37.172 -03:00 [Debug] Received Line "RCPT TO:<info@redcross.org.fake>"
2018-12-12 18:38:37.172 -03:00 [Debug] Sending Line "250 <info@redcross.org.fake> OK"
2018-12-12 18:38:37.173 -03:00 [Debug] Received Line "DATA"
2018-12-12 18:38:37.173 -03:00 [Debug] Sending Line "354 Start mail input; end with <CRLF>.<CRLF>"
2018-12-12 18:38:37.174 -03:00 [Debug] Sending Line "250 OK"
2018-12-12 18:38:37.176 -03:00 [Information] Successfully Saved email message: "C:\Users\admin\AppData\Roaming\Papercut\20181212183837174-6eeda5.eml"
2018-12-12 18:38:37.176 -03:00 [Debug] Received Line "QUIT"
2018-12-12 18:38:37.176 -03:00 [Debug] Sending Line "221 Goodbye!"
2018-12-12 18:38:37.177 -03:00 [Debug] Connection 14 Closed
2018-12-12 18:57:14.925 -03:00 [Debug] Status: 0 Connections "143.9MB" Memory Used
2018-12-12 19:04:27.742 -03:00 [Debug] Sending Line "220 desktop-d0iat58"
2018-12-12 19:04:27.742 -03:00 [Debug] New Connection 15 from "127.0.0.1:58920"
2018-12-12 19:04:27.742 -03:00 [Debug] Received Line "EHLO DESKTOP-D0IAT58"
2018-12-12 19:04:27.743 -03:00 [Debug] Sending Line "250-desktop-d0iat58"
2018-12-12 19:04:27.743 -03:00 [Debug] Sending Line "250-SMTPUTF8"
2018-12-12 19:04:27.743 -03:00 [Debug] Sending Line "250-8BITMIME"
2018-12-12 19:04:27.744 -03:00 [Debug] Sending Line "250 OK"
2018-12-12 19:04:27.744 -03:00 [Debug] Received Line "MAIL FROM:<info@serquest.com>"
2018-12-12 19:04:27.744 -03:00 [Debug] Sending Line "250 <info@serquest.com> OK"
2018-12-12 19:04:27.744 -03:00 [Debug] Received Line "RCPT TO:<info@redcross.org.fake>"
2018-12-12 19:04:27.745 -03:00 [Debug] Sending Line "250 <info@redcross.org.fake> OK"
2018-12-12 19:04:27.745 -03:00 [Debug] Received Line "DATA"
2018-12-12 19:04:27.745 -03:00 [Debug] Sending Line "354 Start mail input; end with <CRLF>.<CRLF>"
2018-12-12 19:04:27.746 -03:00 [Debug] Sending Line "250 OK"
2018-12-12 19:04:27.749 -03:00 [Information] Successfully Saved email message: "C:\Users\admin\AppData\Roaming\Papercut\20181212190427747-cb166f.eml"
2018-12-12 19:04:27.750 -03:00 [Debug] Received Line "QUIT"
2018-12-12 19:04:27.750 -03:00 [Debug] Sending Line "221 Goodbye!"
2018-12-12 19:04:27.751 -03:00 [Debug] Connection 15 Closed
2018-12-12 19:17:14.954 -03:00 [Debug] Status: 0 Connections "146.3MB" Memory Used
2018-12-12 19:21:36.065 -03:00 [Debug] Sending Line "220 desktop-d0iat58"
2018-12-12 19:21:36.066 -03:00 [Debug] New Connection 16 from "127.0.0.1:61109"
2018-12-12 19:21:36.066 -03:00 [Debug] Received Line "EHLO DESKTOP-D0IAT58"
2018-12-12 19:21:36.066 -03:00 [Debug] Sending Line "250-desktop-d0iat58"
2018-12-12 19:21:36.067 -03:00 [Debug] Sending Line "250-SMTPUTF8"
2018-12-12 19:21:36.067 -03:00 [Debug] Sending Line "250-8BITMIME"
2018-12-12 19:21:36.067 -03:00 [Debug] Sending Line "250 OK"
2018-12-12 19:21:36.067 -03:00 [Debug] Received Line "MAIL FROM:<info@serquest.com>"
2018-12-12 19:21:36.067 -03:00 [Debug] Sending Line "250 <info@serquest.com> OK"
2018-12-12 19:21:36.068 -03:00 [Debug] Received Line "RCPT TO:<jdesposito@itx.com>"
2018-12-12 19:21:36.068 -03:00 [Debug] Sending Line "250 <jdesposito@itx.com> OK"
2018-12-12 19:21:36.068 -03:00 [Debug] Received Line "DATA"
2018-12-12 19:21:36.068 -03:00 [Debug] Sending Line "354 Start mail input; end with <CRLF>.<CRLF>"
2018-12-12 19:21:36.070 -03:00 [Debug] Sending Line "250 OK"
2018-12-12 19:21:36.096 -03:00 [Information] Successfully Saved email message: "C:\Users\admin\AppData\Roaming\Papercut\20181212192136094-d40a1a.eml"
2018-12-12 19:21:36.096 -03:00 [Debug] Received Line "QUIT"
2018-12-12 19:21:36.097 -03:00 [Debug] Sending Line "221 Goodbye!"
2018-12-12 19:21:36.097 -03:00 [Debug] Connection 16 Closed
2018-12-12 19:37:14.961 -03:00 [Debug] Status: 0 Connections "137.1MB" Memory Used
2018-12-12 19:57:15.018 -03:00 [Debug] Status: 0 Connections "129.9MB" Memory Used
2018-12-12 19:58:44.127 -03:00 [Information] Stopping Server Papercut
2018-12-12 19:58:44.614 -03:00 [Information] Saved 0 to "C:\Documents\ITX\OneDrive - ITX Corp\RAID\Juan\Papercut-develop\src\Papercut.UI\bin\Debug\rules.json"
2018-12-12 19:58:44.620 -03:00 [Debug] Saving Updated Settings...
2018-12-12 19:58:44.895 -03:00 [Information] Stopping Server Smtp
2018-12-12 19:58:46.127 -03:00 [Information] Deleted 93 temp directories
