2018-12-13 11:57:57.263 -03:00 [Information] Loading Messages from the Following Path(s) ["C:\Users\admin\AppData\Roaming\Papercut", "C:\Documents\ITX\OneDrive - ITX Corp\RAID\Juan\Papercut-develop\src\Papercut.UI\bin\Debug\", "C:\Documents\ITX\OneDrive - ITX Corp\RAID\Juan\Papercut-develop\src\Papercut.UI\bin\Debug\Incoming"]
2018-12-13 11:57:57.467 -03:00 [Information] Default Message Save Path is Set to "C:\Users\admin\AppData\Roaming\Papercut"
2018-12-13 11:57:57.473 -03:00 [Debug] Adding FileSystemWatcher for "C:\Users\admin\AppData\Roaming\Papercut"
2018-12-13 11:57:57.477 -03:00 [Debug] Adding FileSystemWatcher for "C:\Documents\ITX\OneDrive - ITX Corp\RAID\Juan\Papercut-develop\src\Papercut.UI\bin\Debug\"
2018-12-13 11:57:57.481 -03:00 [Debug] Adding FileSystemWatcher for "C:\Documents\ITX\OneDrive - ITX Corp\RAID\Juan\Papercut-develop\src\Papercut.UI\bin\Debug\Incoming"
2018-12-13 11:58:01.724 -03:00 [Information] Running Plug-In "WebUI" "1.0.0" "Provides a web UI to manage the email messages for Papercut."
2018-12-13 11:58:01.725 -03:00 [Information] Running Plug-In "Verbose (JSON) Serilog Logging" "1.0.0.0" "Verbose (JSON) Serilog Logging Support for Papercut"
2018-12-13 11:58:01.725 -03:00 [Information] Running Plug-In "Papercut Seq Logging" "1.0.0.0" "Papercut Serilog to Seq (http://getseq.net) local instance"
2018-12-13 11:58:02.075 -03:00 [Error] Can not start HTTP server at port 37408.
System.AggregateException: One or more errors occurred. ---> System.ServiceModel.AddressAccessDeniedException: HTTP could not register URL http://*:37408/. Your process does not have access rights to this namespace (see http://go.microsoft.com/fwlink/?LinkId=70353 for details). ---> System.Net.HttpListenerException: Access is denied
   at System.Net.HttpListener.AddAllPrefixes()
   at System.Net.HttpListener.Start()
   at System.ServiceModel.Channels.SharedHttpTransportManager.OnOpen()
   --- End of inner exception stack trace ---
   at System.Runtime.AsyncResult.End[TAsyncResult](IAsyncResult result)
   at System.ServiceModel.Channels.CommunicationObject.EndOpen(IAsyncResult result)
   at System.Web.Http.SelfHost.HttpSelfHostServer.OpenListenerComplete(IAsyncResult result)
   --- End of inner exception stack trace ---
   at System.Threading.Tasks.Task.ThrowIfExceptional(Boolean includeTaskCanceledExceptions)
   at System.Threading.Tasks.Task.Wait(Int32 millisecondsTimeout, CancellationToken cancellationToken)
   at System.Threading.Tasks.Task.Wait()
   at Papercut.Module.WebUI.WebServer.StartHttpServer() in C:\Downloads\Papercut-develop\src\Papercut.Module.WebUI\WebServer.cs:line 69
---> (Inner Exception #0) System.ServiceModel.AddressAccessDeniedException: HTTP could not register URL http://*:37408/. Your process does not have access rights to this namespace (see http://go.microsoft.com/fwlink/?LinkId=70353 for details). ---> System.Net.HttpListenerException: Access is denied
   at System.Net.HttpListener.AddAllPrefixes()
   at System.Net.HttpListener.Start()
   at System.ServiceModel.Channels.SharedHttpTransportManager.OnOpen()
   --- End of inner exception stack trace ---
   at System.Runtime.AsyncResult.End[TAsyncResult](IAsyncResult result)
   at System.ServiceModel.Channels.CommunicationObject.EndOpen(IAsyncResult result)
   at System.Web.Http.SelfHost.HttpSelfHostServer.OpenListenerComplete(IAsyncResult result)<---

2018-12-13 11:58:02.105 -03:00 [Information] Attempting to Load Rules from "C:\Documents\ITX\OneDrive - ITX Corp\RAID\Juan\Papercut-develop\src\Papercut.UI\bin\Debug\rules.json" on AppReady
2018-12-13 11:58:02.297 -03:00 [Debug] Setting up Rule Dispatcher Observable
2018-12-13 11:58:02.657 -03:00 [Information] Starting Server Papercut
2018-12-13 11:58:02.663 -03:00 [Information] Server Ready - Listening for New Connections "127.0.0.1":37402
2018-12-13 11:58:02.824 -03:00 [Information] Starting Server Smtp
2018-12-13 11:58:02.824 -03:00 [Information] Server Ready - Listening for New Connections "0.0.0.0":25
2018-12-13 17:26:46.081 -03:00 [Information] Stopping Server Papercut
2018-12-13 17:26:46.199 -03:00 [Information] Saved 0 to "C:\Documents\ITX\OneDrive - ITX Corp\RAID\Juan\Papercut-develop\src\Papercut.UI\bin\Debug\rules.json"
2018-12-13 17:26:46.202 -03:00 [Debug] Saving Updated Settings...
2018-12-13 17:26:46.259 -03:00 [Information] Stopping Server Smtp
