2019-02-14 00:11:45.806 -03:00 [Debug] Status: 0 Connections "86.6MB" Memory Used
2019-02-14 07:49:21.343 -03:00 [Information] Loading Messages from the Following Path(s) ["C:\Users\jgdes\AppData\Roaming\Papercut", "C:\Documents\ITX\Papercut\", "C:\Documents\ITX\Papercut\Incoming"]
2019-02-14 07:49:21.518 -03:00 [Information] Default Message Save Path is Set to "C:\Users\jgdes\AppData\Roaming\Papercut"
2019-02-14 07:49:21.619 -03:00 [Debug] Adding FileSystemWatcher for "C:\Users\jgdes\AppData\Roaming\Papercut"
2019-02-14 07:49:21.620 -03:00 [Debug] Adding FileSystemWatcher for "C:\Documents\ITX\Papercut\"
2019-02-14 07:49:21.621 -03:00 [Debug] Adding FileSystemWatcher for "C:\Documents\ITX\Papercut\Incoming"
2019-02-14 07:50:08.024 -03:00 [Information] Running Plug-In "WebUI" "1.0.0" "Provides a web UI to manage the email messages for Papercut."
2019-02-14 07:50:08.024 -03:00 [Information] Running Plug-In "Verbose (JSON) Serilog Logging" "1.0.0.0" "Verbose (JSON) Serilog Logging Support for Papercut"
2019-02-14 07:50:08.024 -03:00 [Information] Running Plug-In "Papercut Seq Logging" "1.0.0.0" "Papercut Serilog to Seq (http://getseq.net) local instance"
2019-02-14 07:50:27.126 -03:00 [Error] Can not start HTTP server at port 37408.
System.AggregateException: One or more errors occurred. ---> System.ServiceModel.AddressAccessDeniedException: HTTP could not register URL http://*:37408/. Your process does not have access rights to this namespace (see http://go.microsoft.com/fwlink/?LinkId=70353 for details). ---> System.Net.HttpListenerException: Access is denied
   at System.Net.HttpListener.AddAllPrefixes()
   at System.Net.HttpListener.Start()
   at System.ServiceModel.Channels.SharedHttpTransportManager.OnOpen()
   --- End of inner exception stack trace ---
   at System.Runtime.AsyncResult.End[TAsyncResult](IAsyncResult result)
   at System.ServiceModel.Channels.CommunicationObject.EndOpen(IAsyncResult result)
   at System.Web.Http.SelfHost.HttpSelfHostServer.OpenListenerComplete(IAsyncResult result)
   --- End of inner exception stack trace ---
   at System.Threading.Tasks.Task.ThrowIfExceptional(Boolean includeTaskCanceledExceptions)
   at System.Threading.Tasks.Task.Wait(Int32 millisecondsTimeout, CancellationToken cancellationToken)
   at System.Threading.Tasks.Task.Wait()
   at Papercut.Module.WebUI.WebServer.StartHttpServer() in C:\Downloads\Papercut-develop\src\Papercut.Module.WebUI\WebServer.cs:line 69
---> (Inner Exception #0) System.ServiceModel.AddressAccessDeniedException: HTTP could not register URL http://*:37408/. Your process does not have access rights to this namespace (see http://go.microsoft.com/fwlink/?LinkId=70353 for details). ---> System.Net.HttpListenerException: Access is denied
   at System.Net.HttpListener.AddAllPrefixes()
   at System.Net.HttpListener.Start()
   at System.ServiceModel.Channels.SharedHttpTransportManager.OnOpen()
   --- End of inner exception stack trace ---
   at System.Runtime.AsyncResult.End[TAsyncResult](IAsyncResult result)
   at System.ServiceModel.Channels.CommunicationObject.EndOpen(IAsyncResult result)
   at System.Web.Http.SelfHost.HttpSelfHostServer.OpenListenerComplete(IAsyncResult result)<---

2019-02-14 07:50:27.951 -03:00 [Information] Attempting to Load Rules from "C:\Documents\ITX\Papercut\rules.json" on AppReady
2019-02-14 07:50:28.744 -03:00 [Information] Starting Server Papercut
2019-02-14 07:50:29.010 -03:00 [Information] Server Ready - Listening for New Connections "127.0.0.1":37402
2019-02-14 07:50:29.048 -03:00 [Debug] Setting up Rule Dispatcher Observable
2019-02-14 07:50:29.554 -03:00 [Information] Starting Server Smtp
2019-02-14 07:50:29.555 -03:00 [Information] Server Ready - Listening for New Connections "0.0.0.0":25
2019-02-14 14:31:14.361 -03:00 [Debug] Sending Line "220 laptop-35m5l0ko"
2019-02-14 14:31:14.454 -03:00 [Debug] Received Line "EHLO LAPTOP-35M5L0KO"
2019-02-14 14:31:14.456 -03:00 [Debug] New Connection 1 from "127.0.0.1:50239"
2019-02-14 14:31:14.456 -03:00 [Debug] Sending Line "250-laptop-35m5l0ko"
2019-02-14 14:31:14.456 -03:00 [Debug] Initializing Background Processes...
2019-02-14 14:31:14.456 -03:00 [Debug] Sending Line "250-SMTPUTF8"
2019-02-14 14:31:14.456 -03:00 [Debug] Sending Line "250-8BITMIME"
2019-02-14 14:31:14.457 -03:00 [Debug] Sending Line "250 OK"
2019-02-14 14:31:14.457 -03:00 [Debug] Received Line "MAIL FROM:<info@serquest.com>"
2019-02-14 14:31:14.459 -03:00 [Debug] Sending Line "250 <info@serquest.com> OK"
2019-02-14 14:31:14.459 -03:00 [Debug] Received Line "RCPT TO:<jdesposito@itx.com>"
2019-02-14 14:31:14.459 -03:00 [Debug] Sending Line "250 <jdesposito@itx.com> OK"
2019-02-14 14:31:14.460 -03:00 [Debug] Received Line "DATA"
2019-02-14 14:31:14.473 -03:00 [Debug] Sending Line "354 Start mail input; end with <CRLF>.<CRLF>"
2019-02-14 14:31:14.474 -03:00 [Debug] Sending Line "250 OK"
2019-02-14 14:31:14.500 -03:00 [Information] Successfully Saved email message: "C:\Users\jgdes\AppData\Roaming\Papercut\20190214143114484-fc5473.eml"
2019-02-14 14:31:14.501 -03:00 [Debug] Received Line "QUIT"
2019-02-14 14:31:14.501 -03:00 [Debug] Sending Line "221 Goodbye!"
2019-02-14 14:31:14.504 -03:00 [Debug] Connection 1 Closed
2019-02-14 14:32:14.497 -03:00 [Debug] Status: 0 Connections "176.4MB" Memory Used
2019-02-14 14:52:14.498 -03:00 [Debug] Status: 0 Connections "176.8MB" Memory Used
2019-02-14 15:12:14.513 -03:00 [Debug] Status: 0 Connections "177.2MB" Memory Used
2019-02-14 15:32:14.510 -03:00 [Debug] Status: 0 Connections "177.9MB" Memory Used
2019-02-14 15:52:14.524 -03:00 [Debug] Status: 0 Connections "178MB" Memory Used
2019-02-14 16:12:14.527 -03:00 [Debug] Status: 0 Connections "178MB" Memory Used
2019-02-14 16:32:14.531 -03:00 [Debug] Status: 0 Connections "177.9MB" Memory Used
2019-02-14 16:52:14.525 -03:00 [Debug] Status: 0 Connections "178.3MB" Memory Used
2019-02-14 17:12:14.545 -03:00 [Debug] Status: 0 Connections "178.2MB" Memory Used
2019-02-14 17:32:14.545 -03:00 [Debug] Status: 0 Connections "178.1MB" Memory Used
2019-02-14 17:52:14.544 -03:00 [Debug] Status: 0 Connections "178.1MB" Memory Used
2019-02-14 18:12:14.546 -03:00 [Debug] Status: 0 Connections "178.3MB" Memory Used
2019-02-14 18:32:14.541 -03:00 [Debug] Status: 0 Connections "178.5MB" Memory Used
2019-02-14 18:52:14.548 -03:00 [Debug] Status: 0 Connections "179.6MB" Memory Used
2019-02-14 19:12:14.543 -03:00 [Debug] Status: 0 Connections "180.1MB" Memory Used
2019-02-14 19:32:14.558 -03:00 [Debug] Status: 0 Connections "180MB" Memory Used
2019-02-14 19:52:14.561 -03:00 [Debug] Status: 0 Connections "181MB" Memory Used
2019-02-14 20:12:14.559 -03:00 [Debug] Status: 0 Connections "181MB" Memory Used
2019-02-14 20:32:14.563 -03:00 [Debug] Status: 0 Connections "181.8MB" Memory Used
2019-02-14 20:52:14.562 -03:00 [Debug] Status: 0 Connections "180.8MB" Memory Used
2019-02-14 21:12:14.572 -03:00 [Debug] Status: 0 Connections "180.8MB" Memory Used
2019-02-14 21:32:14.579 -03:00 [Debug] Status: 0 Connections "181.9MB" Memory Used
2019-02-14 21:52:14.578 -03:00 [Debug] Status: 0 Connections "181MB" Memory Used
2019-02-14 22:12:14.589 -03:00 [Debug] Status: 0 Connections "180.9MB" Memory Used
2019-02-14 22:32:14.592 -03:00 [Debug] Status: 0 Connections "182MB" Memory Used
2019-02-14 22:52:14.590 -03:00 [Debug] Status: 0 Connections "181.8MB" Memory Used
2019-02-14 23:12:14.586 -03:00 [Debug] Status: 0 Connections "182.5MB" Memory Used
2019-02-14 23:32:14.587 -03:00 [Debug] Status: 0 Connections "183.3MB" Memory Used
2019-02-14 23:52:14.588 -03:00 [Debug] Status: 0 Connections "184.5MB" Memory Used
