2019-02-01 08:22:55.923 -03:00 [Information] Loading Messages from the Following Path(s) ["C:\Users\jgdes\AppData\Roaming\Papercut", "C:\Documents\ITX\Papercut\", "C:\Documents\ITX\Papercut\Incoming"]
2019-02-01 08:22:56.269 -03:00 [Information] Default Message Save Path is Set to "C:\Users\jgdes\AppData\Roaming\Papercut"
2019-02-01 08:22:56.272 -03:00 [Debug] Adding FileSystemWatcher for "C:\Users\jgdes\AppData\Roaming\Papercut"
2019-02-01 08:22:56.272 -03:00 [Debug] Adding FileSystemWatcher for "C:\Documents\ITX\Papercut\"
2019-02-01 08:22:56.272 -03:00 [Debug] Adding FileSystemWatcher for "C:\Documents\ITX\Papercut\Incoming"
2019-02-01 08:23:52.421 -03:00 [Information] Running Plug-In "WebUI" "1.0.0" "Provides a web UI to manage the email messages for Papercut."
2019-02-01 08:23:52.421 -03:00 [Information] Running Plug-In "Verbose (JSON) Serilog Logging" "1.0.0.0" "Verbose (JSON) Serilog Logging Support for Papercut"
2019-02-01 08:23:52.421 -03:00 [Information] Running Plug-In "Papercut Seq Logging" "1.0.0.0" "Papercut Serilog to Seq (http://getseq.net) local instance"
2019-02-01 08:23:56.340 -03:00 [Error] Can not start HTTP server at port 37408.
System.AggregateException: One or more errors occurred. ---> System.ServiceModel.AddressAccessDeniedException: HTTP could not register URL http://*:37408/. Your process does not have access rights to this namespace (see http://go.microsoft.com/fwlink/?LinkId=70353 for details). ---> System.Net.HttpListenerException: Access is denied
   at System.Net.HttpListener.AddAllPrefixes()
   at System.Net.HttpListener.Start()
   at System.ServiceModel.Channels.SharedHttpTransportManager.OnOpen()
   --- End of inner exception stack trace ---
   at System.Runtime.AsyncResult.End[TAsyncResult](IAsyncResult result)
   at System.ServiceModel.Channels.CommunicationObject.EndOpen(IAsyncResult result)
   at System.Web.Http.SelfHost.HttpSelfHostServer.OpenListenerComplete(IAsyncResult result)
   --- End of inner exception stack trace ---
   at System.Threading.Tasks.Task.ThrowIfExceptional(Boolean includeTaskCanceledExceptions)
   at System.Threading.Tasks.Task.Wait(Int32 millisecondsTimeout, CancellationToken cancellationToken)
   at System.Threading.Tasks.Task.Wait()
   at Papercut.Module.WebUI.WebServer.StartHttpServer() in C:\Downloads\Papercut-develop\src\Papercut.Module.WebUI\WebServer.cs:line 69
---> (Inner Exception #0) System.ServiceModel.AddressAccessDeniedException: HTTP could not register URL http://*:37408/. Your process does not have access rights to this namespace (see http://go.microsoft.com/fwlink/?LinkId=70353 for details). ---> System.Net.HttpListenerException: Access is denied
   at System.Net.HttpListener.AddAllPrefixes()
   at System.Net.HttpListener.Start()
   at System.ServiceModel.Channels.SharedHttpTransportManager.OnOpen()
   --- End of inner exception stack trace ---
   at System.Runtime.AsyncResult.End[TAsyncResult](IAsyncResult result)
   at System.ServiceModel.Channels.CommunicationObject.EndOpen(IAsyncResult result)
   at System.Web.Http.SelfHost.HttpSelfHostServer.OpenListenerComplete(IAsyncResult result)<---

2019-02-01 08:23:57.270 -03:00 [Information] Attempting to Load Rules from "C:\Documents\ITX\Papercut\rules.json" on AppReady
2019-02-01 08:23:57.795 -03:00 [Information] Starting Server Papercut
2019-02-01 08:23:57.839 -03:00 [Information] Server Ready - Listening for New Connections "127.0.0.1":37402
2019-02-01 08:23:58.457 -03:00 [Debug] Setting up Rule Dispatcher Observable
2019-02-01 08:23:58.966 -03:00 [Information] Starting Server Smtp
2019-02-01 08:23:58.966 -03:00 [Information] Server Ready - Listening for New Connections "0.0.0.0":25
2019-02-01 18:14:58.400 -03:00 [Debug] Sending Line "220 laptop-35m5l0ko"
2019-02-01 18:14:58.405 -03:00 [Debug] Received Line "EHLO LAPTOP-35M5L0KO"
2019-02-01 18:14:58.408 -03:00 [Debug] Sending Line "250-laptop-35m5l0ko"
2019-02-01 18:14:58.408 -03:00 [Debug] Sending Line "250-SMTPUTF8"
2019-02-01 18:14:58.409 -03:00 [Debug] Sending Line "250-8BITMIME"
2019-02-01 18:14:58.409 -03:00 [Debug] New Connection 1 from "127.0.0.1:49486"
2019-02-01 18:14:58.409 -03:00 [Debug] Sending Line "250 OK"
2019-02-01 18:14:58.410 -03:00 [Debug] Received Line "MAIL FROM:<info@serquest.com>"
2019-02-01 18:14:58.410 -03:00 [Debug] Initializing Background Processes...
2019-02-01 18:14:58.414 -03:00 [Debug] Sending Line "250 <info@serquest.com> OK"
2019-02-01 18:14:58.415 -03:00 [Debug] Received Line "RCPT TO:<jdesposito@itx.com>"
2019-02-01 18:14:58.416 -03:00 [Debug] Sending Line "250 <jdesposito@itx.com> OK"
2019-02-01 18:14:58.416 -03:00 [Debug] Received Line "DATA"
2019-02-01 18:14:58.419 -03:00 [Debug] Sending Line "354 Start mail input; end with <CRLF>.<CRLF>"
2019-02-01 18:14:58.425 -03:00 [Debug] Sending Line "250 OK"
2019-02-01 18:14:58.462 -03:00 [Information] Successfully Saved email message: "C:\Users\jgdes\AppData\Roaming\Papercut\20190201181458438-79bcb4.eml"
2019-02-01 18:15:00.642 -03:00 [Warning] Failed to End Receive on Async Socket
System.Net.Sockets.SocketException (0x80004005): An existing connection was forcibly closed by the remote host
   at System.Net.Sockets.Socket.EndReceive(IAsyncResult asyncResult)
   at Papercut.Network.Connection.ContinueProcessReceive(IAsyncResult result) in C:\Downloads\Papercut-develop\src\Papercut.Network\Connection.cs:line 122
2019-02-01 18:15:58.446 -03:00 [Debug] Status: 1 Connections "142.8MB" Memory Used
2019-02-01 18:19:33.118 -03:00 [Debug] Sending Line "220 laptop-35m5l0ko"
2019-02-01 18:19:33.118 -03:00 [Debug] New Connection 2 from "127.0.0.1:50074"
2019-02-01 18:19:33.118 -03:00 [Debug] Received Line "EHLO LAPTOP-35M5L0KO"
2019-02-01 18:19:33.119 -03:00 [Debug] Sending Line "250-laptop-35m5l0ko"
2019-02-01 18:19:33.119 -03:00 [Debug] Sending Line "250-SMTPUTF8"
2019-02-01 18:19:33.119 -03:00 [Debug] Sending Line "250-8BITMIME"
2019-02-01 18:19:33.119 -03:00 [Debug] Sending Line "250 OK"
2019-02-01 18:19:33.119 -03:00 [Debug] Received Line "MAIL FROM:<info@serquest.com>"
2019-02-01 18:19:33.120 -03:00 [Debug] Sending Line "250 <info@serquest.com> OK"
2019-02-01 18:19:33.120 -03:00 [Debug] Received Line "RCPT TO:<jdesposito@itx.com>"
2019-02-01 18:19:33.120 -03:00 [Debug] Sending Line "250 <jdesposito@itx.com> OK"
2019-02-01 18:19:33.120 -03:00 [Debug] Received Line "DATA"
2019-02-01 18:19:33.120 -03:00 [Debug] Sending Line "354 Start mail input; end with <CRLF>.<CRLF>"
2019-02-01 18:19:33.122 -03:00 [Debug] Sending Line "250 OK"
2019-02-01 18:19:33.124 -03:00 [Information] Successfully Saved email message: "C:\Users\jgdes\AppData\Roaming\Papercut\20190201181933123-8697d0.eml"
2019-02-01 18:19:38.095 -03:00 [Debug] Received Line "MAIL FROM:<info@serquest.com>"
2019-02-01 18:19:38.095 -03:00 [Debug] Sending Line "250 <info@serquest.com> OK"
2019-02-01 18:19:38.095 -03:00 [Debug] Received Line "RCPT TO:<jdesposito@itx.com>"
2019-02-01 18:19:38.095 -03:00 [Debug] Sending Line "250 <jdesposito@itx.com> OK"
2019-02-01 18:19:38.096 -03:00 [Debug] Received Line "DATA"
2019-02-01 18:19:38.096 -03:00 [Debug] Sending Line "354 Start mail input; end with <CRLF>.<CRLF>"
2019-02-01 18:19:38.096 -03:00 [Debug] Sending Line "250 OK"
2019-02-01 18:19:38.098 -03:00 [Information] Successfully Saved email message: "C:\Users\jgdes\AppData\Roaming\Papercut\20190201181938096-3a62d5.eml"
2019-02-01 18:19:47.828 -03:00 [Warning] Failed to End Receive on Async Socket
System.Net.Sockets.SocketException (0x80004005): An existing connection was forcibly closed by the remote host
   at System.Net.Sockets.Socket.EndReceive(IAsyncResult asyncResult)
   at Papercut.Network.Connection.ContinueProcessReceive(IAsyncResult result) in C:\Downloads\Papercut-develop\src\Papercut.Network\Connection.cs:line 122
2019-02-01 18:22:13.371 -03:00 [Debug] Sending Line "220 laptop-35m5l0ko"
2019-02-01 18:22:13.371 -03:00 [Debug] New Connection 3 from "127.0.0.1:50431"
2019-02-01 18:22:13.371 -03:00 [Debug] Received Line "EHLO LAPTOP-35M5L0KO"
2019-02-01 18:22:13.372 -03:00 [Debug] Sending Line "250-laptop-35m5l0ko"
2019-02-01 18:22:13.372 -03:00 [Debug] Sending Line "250-SMTPUTF8"
2019-02-01 18:22:13.372 -03:00 [Debug] Sending Line "250-8BITMIME"
2019-02-01 18:22:13.372 -03:00 [Debug] Sending Line "250 OK"
2019-02-01 18:22:13.373 -03:00 [Debug] Received Line "MAIL FROM:<info@serquest.com>"
2019-02-01 18:22:13.373 -03:00 [Debug] Sending Line "250 <info@serquest.com> OK"
2019-02-01 18:22:13.373 -03:00 [Debug] Received Line "RCPT TO:<jdesposito@itx.com>"
2019-02-01 18:22:13.373 -03:00 [Debug] Sending Line "250 <jdesposito@itx.com> OK"
2019-02-01 18:22:13.373 -03:00 [Debug] Received Line "DATA"
2019-02-01 18:22:13.373 -03:00 [Debug] Sending Line "354 Start mail input; end with <CRLF>.<CRLF>"
2019-02-01 18:22:13.379 -03:00 [Debug] Sending Line "250 OK"
2019-02-01 18:22:13.381 -03:00 [Information] Successfully Saved email message: "C:\Users\jgdes\AppData\Roaming\Papercut\20190201182213380-04327c.eml"
2019-02-01 18:22:15.561 -03:00 [Warning] Failed to End Receive on Async Socket
System.Net.Sockets.SocketException (0x80004005): An existing connection was forcibly closed by the remote host
   at System.Net.Sockets.Socket.EndReceive(IAsyncResult asyncResult)
   at Papercut.Network.Connection.ContinueProcessReceive(IAsyncResult result) in C:\Downloads\Papercut-develop\src\Papercut.Network\Connection.cs:line 122
2019-02-01 18:35:58.454 -03:00 [Debug] Status: 3 Connections "149.6MB" Memory Used
2019-02-01 18:35:58.460 -03:00 [Information] Session timeout, disconnecting 1
2019-02-01 18:35:58.462 -03:00 [Debug] Connection 1 Closed
2019-02-01 18:40:58.475 -03:00 [Information] Session timeout, disconnecting 2
2019-02-01 18:40:58.475 -03:00 [Debug] Connection 2 Closed
2019-02-01 18:45:58.475 -03:00 [Information] Session timeout, disconnecting 3
2019-02-01 18:45:58.475 -03:00 [Debug] Connection 3 Closed
2019-02-01 18:55:58.462 -03:00 [Debug] Status: 0 Connections "149.9MB" Memory Used
2019-02-01 18:58:03.465 -03:00 [Debug] Sending Line "220 laptop-35m5l0ko"
2019-02-01 18:58:03.465 -03:00 [Debug] New Connection 4 from "127.0.0.1:55313"
2019-02-01 18:58:03.465 -03:00 [Debug] Received Line "EHLO LAPTOP-35M5L0KO"
2019-02-01 18:58:03.465 -03:00 [Debug] Sending Line "250-laptop-35m5l0ko"
2019-02-01 18:58:03.465 -03:00 [Debug] Sending Line "250-SMTPUTF8"
2019-02-01 18:58:03.465 -03:00 [Debug] Sending Line "250-8BITMIME"
2019-02-01 18:58:03.465 -03:00 [Debug] Sending Line "250 OK"
2019-02-01 18:58:03.466 -03:00 [Debug] Received Line "MAIL FROM:<info@serquest.com>"
2019-02-01 18:58:03.466 -03:00 [Debug] Sending Line "250 <info@serquest.com> OK"
2019-02-01 18:58:03.466 -03:00 [Debug] Received Line "RCPT TO:<jdesposito@itx.com>"
2019-02-01 18:58:03.466 -03:00 [Debug] Sending Line "250 <jdesposito@itx.com> OK"
2019-02-01 18:58:03.466 -03:00 [Debug] Received Line "DATA"
2019-02-01 18:58:03.466 -03:00 [Debug] Sending Line "354 Start mail input; end with <CRLF>.<CRLF>"
2019-02-01 18:58:03.468 -03:00 [Debug] Sending Line "250 OK"
2019-02-01 18:58:03.470 -03:00 [Information] Successfully Saved email message: "C:\Users\jgdes\AppData\Roaming\Papercut\20190201185803469-c02ef3.eml"
2019-02-01 18:58:05.056 -03:00 [Warning] Failed to End Receive on Async Socket
System.Net.Sockets.SocketException (0x80004005): An existing connection was forcibly closed by the remote host
   at System.Net.Sockets.Socket.EndReceive(IAsyncResult asyncResult)
   at Papercut.Network.Connection.ContinueProcessReceive(IAsyncResult result) in C:\Downloads\Papercut-develop\src\Papercut.Network\Connection.cs:line 122
2019-02-01 19:03:17.502 -03:00 [Debug] Sending Line "220 laptop-35m5l0ko"
2019-02-01 19:03:17.502 -03:00 [Debug] New Connection 5 from "127.0.0.1:56110"
2019-02-01 19:03:17.502 -03:00 [Debug] Received Line "EHLO LAPTOP-35M5L0KO"
2019-02-01 19:03:17.503 -03:00 [Debug] Sending Line "250-laptop-35m5l0ko"
2019-02-01 19:03:17.503 -03:00 [Debug] Sending Line "250-SMTPUTF8"
2019-02-01 19:03:17.503 -03:00 [Debug] Sending Line "250-8BITMIME"
2019-02-01 19:03:17.503 -03:00 [Debug] Sending Line "250 OK"
2019-02-01 19:03:17.503 -03:00 [Debug] Received Line "MAIL FROM:<info@serquest.com>"
2019-02-01 19:03:17.503 -03:00 [Debug] Sending Line "250 <info@serquest.com> OK"
2019-02-01 19:03:17.503 -03:00 [Debug] Received Line "RCPT TO:<jdesposito@itx.com>"
2019-02-01 19:03:17.503 -03:00 [Debug] Sending Line "250 <jdesposito@itx.com> OK"
2019-02-01 19:03:17.504 -03:00 [Debug] Received Line "DATA"
2019-02-01 19:03:17.504 -03:00 [Debug] Sending Line "354 Start mail input; end with <CRLF>.<CRLF>"
2019-02-01 19:03:17.505 -03:00 [Debug] Sending Line "250 OK"
2019-02-01 19:03:17.507 -03:00 [Information] Successfully Saved email message: "C:\Users\jgdes\AppData\Roaming\Papercut\20190201190317506-0fefad.eml"
2019-02-01 19:03:26.042 -03:00 [Warning] Failed to End Receive on Async Socket
System.Net.Sockets.SocketException (0x80004005): An existing connection was forcibly closed by the remote host
   at System.Net.Sockets.Socket.EndReceive(IAsyncResult asyncResult)
   at Papercut.Network.Connection.ContinueProcessReceive(IAsyncResult result) in C:\Downloads\Papercut-develop\src\Papercut.Network\Connection.cs:line 122
2019-02-01 19:15:58.463 -03:00 [Debug] Status: 2 Connections "153MB" Memory Used
2019-02-01 19:20:58.490 -03:00 [Information] Session timeout, disconnecting 4
2019-02-01 19:20:58.490 -03:00 [Debug] Connection 4 Closed
2019-02-01 19:25:58.490 -03:00 [Information] Session timeout, disconnecting 5
2019-02-01 19:25:58.491 -03:00 [Debug] Connection 5 Closed
2019-02-01 19:35:58.463 -03:00 [Debug] Status: 0 Connections "154.8MB" Memory Used
2019-02-01 19:55:58.483 -03:00 [Debug] Status: 0 Connections "157.2MB" Memory Used
2019-02-01 20:15:58.493 -03:00 [Debug] Status: 0 Connections "154.8MB" Memory Used
