2019-02-15 00:12:14.587 -03:00 [Debug] Status: 0 Connections "184.3MB" Memory Used
2019-02-15 00:32:14.595 -03:00 [Debug] Status: 0 Connections "185.1MB" Memory Used
2019-02-15 00:52:14.602 -03:00 [Debug] Status: 0 Connections "184MB" Memory Used
2019-02-15 08:07:12.260 -03:00 [Information] Loading Messages from the Following Path(s) ["C:\Users\jgdes\AppData\Roaming\Papercut", "C:\Documents\ITX\Papercut\", "C:\Documents\ITX\Papercut\Incoming"]
2019-02-15 08:07:12.556 -03:00 [Information] Default Message Save Path is Set to "C:\Users\jgdes\AppData\Roaming\Papercut"
2019-02-15 08:07:12.715 -03:00 [Debug] Adding FileSystemWatcher for "C:\Users\jgdes\AppData\Roaming\Papercut"
2019-02-15 08:07:12.717 -03:00 [Debug] Adding FileSystemWatcher for "C:\Documents\ITX\Papercut\"
2019-02-15 08:07:12.718 -03:00 [Debug] Adding FileSystemWatcher for "C:\Documents\ITX\Papercut\Incoming"
2019-02-15 08:08:20.275 -03:00 [Information] Running Plug-In "WebUI" "1.0.0" "Provides a web UI to manage the email messages for Papercut."
2019-02-15 08:08:20.275 -03:00 [Information] Running Plug-In "Verbose (JSON) Serilog Logging" "1.0.0.0" "Verbose (JSON) Serilog Logging Support for Papercut"
2019-02-15 08:08:20.275 -03:00 [Information] Running Plug-In "Papercut Seq Logging" "1.0.0.0" "Papercut Serilog to Seq (http://getseq.net) local instance"
2019-02-15 08:08:43.577 -03:00 [Error] Can not start HTTP server at port 37408.
System.AggregateException: One or more errors occurred. ---> System.ServiceModel.AddressAccessDeniedException: HTTP could not register URL http://*:37408/. Your process does not have access rights to this namespace (see http://go.microsoft.com/fwlink/?LinkId=70353 for details). ---> System.Net.HttpListenerException: Access is denied
   at System.Net.HttpListener.AddAllPrefixes()
   at System.Net.HttpListener.Start()
   at System.ServiceModel.Channels.SharedHttpTransportManager.OnOpen()
   --- End of inner exception stack trace ---
   at System.Runtime.AsyncResult.End[TAsyncResult](IAsyncResult result)
   at System.ServiceModel.Channels.CommunicationObject.EndOpen(IAsyncResult result)
   at System.Web.Http.SelfHost.HttpSelfHostServer.OpenListenerComplete(IAsyncResult result)
   --- End of inner exception stack trace ---
   at System.Threading.Tasks.Task.ThrowIfExceptional(Boolean includeTaskCanceledExceptions)
   at System.Threading.Tasks.Task.Wait(Int32 millisecondsTimeout, CancellationToken cancellationToken)
   at System.Threading.Tasks.Task.Wait()
   at Papercut.Module.WebUI.WebServer.StartHttpServer() in C:\Downloads\Papercut-develop\src\Papercut.Module.WebUI\WebServer.cs:line 69
---> (Inner Exception #0) System.ServiceModel.AddressAccessDeniedException: HTTP could not register URL http://*:37408/. Your process does not have access rights to this namespace (see http://go.microsoft.com/fwlink/?LinkId=70353 for details). ---> System.Net.HttpListenerException: Access is denied
   at System.Net.HttpListener.AddAllPrefixes()
   at System.Net.HttpListener.Start()
   at System.ServiceModel.Channels.SharedHttpTransportManager.OnOpen()
   --- End of inner exception stack trace ---
   at System.Runtime.AsyncResult.End[TAsyncResult](IAsyncResult result)
   at System.ServiceModel.Channels.CommunicationObject.EndOpen(IAsyncResult result)
   at System.Web.Http.SelfHost.HttpSelfHostServer.OpenListenerComplete(IAsyncResult result)<---

2019-02-15 08:08:44.606 -03:00 [Information] Attempting to Load Rules from "C:\Documents\ITX\Papercut\rules.json" on AppReady
2019-02-15 08:08:45.297 -03:00 [Information] Starting Server Papercut
2019-02-15 08:08:45.320 -03:00 [Information] Server Ready - Listening for New Connections "127.0.0.1":37402
2019-02-15 08:08:45.792 -03:00 [Debug] Setting up Rule Dispatcher Observable
2019-02-15 08:08:46.314 -03:00 [Information] Starting Server Smtp
2019-02-15 08:08:46.315 -03:00 [Information] Server Ready - Listening for New Connections "0.0.0.0":25
2019-02-15 15:13:20.992 -03:00 [Debug] Sending Line "220 laptop-35m5l0ko"
2019-02-15 15:13:20.998 -03:00 [Debug] Received Line "HELO LAPTOP-35M5L0KO"
2019-02-15 15:13:21.002 -03:00 [Debug] New Connection 1 from "127.0.0.1:63053"
2019-02-15 15:13:21.002 -03:00 [Debug] Initializing Background Processes...
2019-02-15 15:13:21.004 -03:00 [Debug] Sending Line "250 laptop-35m5l0ko"
2019-02-15 15:13:21.010 -03:00 [Debug] Received Line "MAIL FROM:<juan.desposito@gmail.com>"
2019-02-15 15:13:21.015 -03:00 [Debug] Sending Line "250 <juan.desposito@gmail.com> OK"
2019-02-15 15:13:21.015 -03:00 [Debug] Received Line "RCPT TO:<juan.desposito@gmail.com>"
2019-02-15 15:13:21.017 -03:00 [Debug] Sending Line "250 <juan.desposito@gmail.com> OK"
2019-02-15 15:13:21.017 -03:00 [Debug] Received Line "DATA"
2019-02-15 15:13:21.035 -03:00 [Debug] Sending Line "354 Start mail input; end with <CRLF>.<CRLF>"
2019-02-15 15:13:21.035 -03:00 [Debug] Sending Line "250 OK"
2019-02-15 15:13:21.063 -03:00 [Information] Successfully Saved email message: "C:\Users\jgdes\AppData\Roaming\Papercut\20190215151321046-5ce472.eml"
2019-02-15 15:13:21.065 -03:00 [Debug] Received Line "QUIT"
2019-02-15 15:13:21.066 -03:00 [Debug] Sending Line "221 Goodbye!"
2019-02-15 15:13:21.069 -03:00 [Debug] Connection 1 Closed
2019-02-15 15:13:29.091 -03:00 [Debug] Sending Line "220 laptop-35m5l0ko"
2019-02-15 15:13:29.091 -03:00 [Debug] New Connection 2 from "127.0.0.1:63063"
2019-02-15 15:13:29.091 -03:00 [Debug] Received Line "HELO LAPTOP-35M5L0KO"
2019-02-15 15:13:29.092 -03:00 [Debug] Sending Line "250 laptop-35m5l0ko"
2019-02-15 15:13:29.092 -03:00 [Debug] Received Line "MAIL FROM:<juan.desposito@gmail.com>"
2019-02-15 15:13:29.092 -03:00 [Debug] Sending Line "250 <juan.desposito@gmail.com> OK"
2019-02-15 15:13:29.092 -03:00 [Debug] Received Line "RCPT TO:<juan.desposito@gmail.com>"
2019-02-15 15:13:29.092 -03:00 [Debug] Sending Line "250 <juan.desposito@gmail.com> OK"
2019-02-15 15:13:29.092 -03:00 [Debug] Received Line "DATA"
2019-02-15 15:13:29.092 -03:00 [Debug] Sending Line "354 Start mail input; end with <CRLF>.<CRLF>"
2019-02-15 15:13:29.093 -03:00 [Debug] Sending Line "250 OK"
2019-02-15 15:13:29.094 -03:00 [Information] Successfully Saved email message: "C:\Users\jgdes\AppData\Roaming\Papercut\20190215151329093-1b2f5e.eml"
2019-02-15 15:13:29.094 -03:00 [Debug] Received Line "QUIT"
2019-02-15 15:13:29.094 -03:00 [Debug] Sending Line "221 Goodbye!"
2019-02-15 15:13:29.094 -03:00 [Debug] Connection 2 Closed
2019-02-15 15:13:39.030 -03:00 [Information] Stopping Server Papercut
2019-02-15 15:13:39.076 -03:00 [Information] Saved 0 to "C:\Documents\ITX\Papercut\rules.json"
2019-02-15 15:13:39.077 -03:00 [Debug] Saving Updated Settings...
2019-02-15 15:13:39.124 -03:00 [Information] Stopping Server Smtp
2019-02-15 15:13:39.139 -03:00 [Information] Deleted 15 temp directories
