2019-01-30 08:56:29.542 -03:00 [Information] Loading Messages from the Following Path(s) ["C:\Users\jgdes\AppData\Roaming\Papercut", "C:\Documents\ITX\Papercut\", "C:\Documents\ITX\Papercut\Incoming"]
2019-01-30 08:56:30.585 -03:00 [Information] Default Message Save Path is Set to "C:\Users\jgdes\AppData\Roaming\Papercut"
2019-01-30 08:56:30.704 -03:00 [Debug] Adding FileSystemWatcher for "C:\Users\jgdes\AppData\Roaming\Papercut"
2019-01-30 08:56:30.704 -03:00 [Debug] Adding FileSystemWatcher for "C:\Documents\ITX\Papercut\"
2019-01-30 08:56:30.705 -03:00 [Debug] Adding FileSystemWatcher for "C:\Documents\ITX\Papercut\Incoming"
2019-01-30 08:58:36.624 -03:00 [Information] Running Plug-In "WebUI" "1.0.0" "Provides a web UI to manage the email messages for Papercut."
2019-01-30 08:58:36.624 -03:00 [Information] Running Plug-In "Verbose (JSON) Serilog Logging" "1.0.0.0" "Verbose (JSON) Serilog Logging Support for Papercut"
2019-01-30 08:58:36.624 -03:00 [Information] Running Plug-In "Papercut Seq Logging" "1.0.0.0" "Papercut Serilog to Seq (http://getseq.net) local instance"
2019-01-30 08:58:50.888 -03:00 [Error] Can not start HTTP server at port 37408.
System.AggregateException: One or more errors occurred. ---> System.ServiceModel.AddressAccessDeniedException: HTTP could not register URL http://*:37408/. Your process does not have access rights to this namespace (see http://go.microsoft.com/fwlink/?LinkId=70353 for details). ---> System.Net.HttpListenerException: Access is denied
   at System.Net.HttpListener.AddAllPrefixes()
   at System.Net.HttpListener.Start()
   at System.ServiceModel.Channels.SharedHttpTransportManager.OnOpen()
   --- End of inner exception stack trace ---
   at System.Runtime.AsyncResult.End[TAsyncResult](IAsyncResult result)
   at System.ServiceModel.Channels.CommunicationObject.EndOpen(IAsyncResult result)
   at System.Web.Http.SelfHost.HttpSelfHostServer.OpenListenerComplete(IAsyncResult result)
   --- End of inner exception stack trace ---
   at System.Threading.Tasks.Task.ThrowIfExceptional(Boolean includeTaskCanceledExceptions)
   at System.Threading.Tasks.Task.Wait(Int32 millisecondsTimeout, CancellationToken cancellationToken)
   at System.Threading.Tasks.Task.Wait()
   at Papercut.Module.WebUI.WebServer.StartHttpServer() in C:\Downloads\Papercut-develop\src\Papercut.Module.WebUI\WebServer.cs:line 69
---> (Inner Exception #0) System.ServiceModel.AddressAccessDeniedException: HTTP could not register URL http://*:37408/. Your process does not have access rights to this namespace (see http://go.microsoft.com/fwlink/?LinkId=70353 for details). ---> System.Net.HttpListenerException: Access is denied
   at System.Net.HttpListener.AddAllPrefixes()
   at System.Net.HttpListener.Start()
   at System.ServiceModel.Channels.SharedHttpTransportManager.OnOpen()
   --- End of inner exception stack trace ---
   at System.Runtime.AsyncResult.End[TAsyncResult](IAsyncResult result)
   at System.ServiceModel.Channels.CommunicationObject.EndOpen(IAsyncResult result)
   at System.Web.Http.SelfHost.HttpSelfHostServer.OpenListenerComplete(IAsyncResult result)<---

2019-01-30 08:58:51.431 -03:00 [Information] Attempting to Load Rules from "C:\Documents\ITX\Papercut\rules.json" on AppReady
2019-01-30 08:58:52.342 -03:00 [Information] Starting Server Papercut
2019-01-30 08:58:53.086 -03:00 [Information] Server Ready - Listening for New Connections "127.0.0.1":37402
2019-01-30 08:58:54.640 -03:00 [Debug] Setting up Rule Dispatcher Observable
2019-01-30 08:58:55.159 -03:00 [Information] Starting Server Smtp
2019-01-30 08:58:55.159 -03:00 [Information] Server Ready - Listening for New Connections "0.0.0.0":25
2019-01-30 16:22:02.363 -03:00 [Debug] Sending Line "220 laptop-35m5l0ko"
2019-01-30 16:22:02.367 -03:00 [Debug] Received Line "EHLO LAPTOP-35M5L0KO"
2019-01-30 16:22:02.370 -03:00 [Debug] Sending Line "250-laptop-35m5l0ko"
2019-01-30 16:22:02.371 -03:00 [Debug] Sending Line "250-SMTPUTF8"
2019-01-30 16:22:02.371 -03:00 [Debug] Sending Line "250-8BITMIME"
2019-01-30 16:22:02.371 -03:00 [Debug] Sending Line "250 OK"
2019-01-30 16:22:02.371 -03:00 [Debug] New Connection 1 from "127.0.0.1:65317"
2019-01-30 16:22:02.371 -03:00 [Debug] Received Line "MAIL FROM:<info@serquest.com>"
2019-01-30 16:22:02.374 -03:00 [Debug] Initializing Background Processes...
2019-01-30 16:22:02.377 -03:00 [Debug] Sending Line "250 <info@serquest.com> OK"
2019-01-30 16:22:02.377 -03:00 [Debug] Received Line "RCPT TO:<jr.smith@fakeemail.com>"
2019-01-30 16:22:02.378 -03:00 [Debug] Sending Line "250 <jr.smith@fakeemail.com> OK"
2019-01-30 16:22:02.378 -03:00 [Debug] Received Line "DATA"
2019-01-30 16:22:02.381 -03:00 [Debug] Sending Line "354 Start mail input; end with <CRLF>.<CRLF>"
2019-01-30 16:22:02.382 -03:00 [Debug] Sending Line "250 OK"
2019-01-30 16:22:02.411 -03:00 [Information] Successfully Saved email message: "C:\Users\jgdes\AppData\Roaming\Papercut\20190130162202395-ff5e4e.eml"
2019-01-30 16:22:02.414 -03:00 [Debug] Received Line "QUIT"
2019-01-30 16:22:02.415 -03:00 [Debug] Sending Line "221 Goodbye!"
2019-01-30 16:22:02.419 -03:00 [Debug] Connection 1 Closed
2019-01-30 16:23:02.421 -03:00 [Debug] Status: 0 Connections "151.3MB" Memory Used
2019-01-30 16:30:06.697 -03:00 [Debug] Sending Line "220 laptop-35m5l0ko"
2019-01-30 16:30:06.697 -03:00 [Debug] New Connection 2 from "127.0.0.1:49444"
2019-01-30 16:30:06.697 -03:00 [Debug] Received Line "EHLO LAPTOP-35M5L0KO"
2019-01-30 16:30:06.697 -03:00 [Debug] Sending Line "250-laptop-35m5l0ko"
2019-01-30 16:30:06.697 -03:00 [Debug] Sending Line "250-SMTPUTF8"
2019-01-30 16:30:06.697 -03:00 [Debug] Sending Line "250-8BITMIME"
2019-01-30 16:30:06.698 -03:00 [Debug] Sending Line "250 OK"
2019-01-30 16:30:06.698 -03:00 [Debug] Received Line "MAIL FROM:<info@serquest.com>"
2019-01-30 16:30:06.698 -03:00 [Debug] Sending Line "250 <info@serquest.com> OK"
2019-01-30 16:30:06.698 -03:00 [Debug] Received Line "RCPT TO:<wilmar@barrios.com>"
2019-01-30 16:30:06.698 -03:00 [Debug] Sending Line "250 <wilmar@barrios.com> OK"
2019-01-30 16:30:06.698 -03:00 [Debug] Received Line "DATA"
2019-01-30 16:30:06.698 -03:00 [Debug] Sending Line "354 Start mail input; end with <CRLF>.<CRLF>"
2019-01-30 16:30:06.699 -03:00 [Debug] Sending Line "250 OK"
2019-01-30 16:30:06.706 -03:00 [Information] Successfully Saved email message: "C:\Users\jgdes\AppData\Roaming\Papercut\20190130163006700-e681af.eml"
2019-01-30 16:30:06.706 -03:00 [Debug] Received Line "QUIT"
2019-01-30 16:30:06.706 -03:00 [Debug] Sending Line "221 Goodbye!"
2019-01-30 16:30:06.707 -03:00 [Debug] Connection 2 Closed
2019-01-30 16:30:16.062 -03:00 [Debug] Sending Line "220 laptop-35m5l0ko"
2019-01-30 16:30:16.063 -03:00 [Debug] Received Line "EHLO LAPTOP-35M5L0KO"
2019-01-30 16:30:16.063 -03:00 [Debug] New Connection 3 from "127.0.0.1:49457"
2019-01-30 16:30:16.063 -03:00 [Debug] Sending Line "250-laptop-35m5l0ko"
2019-01-30 16:30:16.063 -03:00 [Debug] Sending Line "250-SMTPUTF8"
2019-01-30 16:30:16.063 -03:00 [Debug] Sending Line "250-8BITMIME"
2019-01-30 16:30:16.063 -03:00 [Debug] Sending Line "250 OK"
2019-01-30 16:30:16.063 -03:00 [Debug] Received Line "MAIL FROM:<info@serquest.com>"
2019-01-30 16:30:16.063 -03:00 [Debug] Sending Line "250 <info@serquest.com> OK"
2019-01-30 16:30:16.063 -03:00 [Debug] Received Line "RCPT TO:<wilmar@barrios.com>"
2019-01-30 16:30:16.063 -03:00 [Debug] Sending Line "250 <wilmar@barrios.com> OK"
2019-01-30 16:30:16.063 -03:00 [Debug] Received Line "DATA"
2019-01-30 16:30:16.063 -03:00 [Debug] Sending Line "354 Start mail input; end with <CRLF>.<CRLF>"
2019-01-30 16:30:16.064 -03:00 [Debug] Sending Line "250 OK"
2019-01-30 16:30:16.066 -03:00 [Information] Successfully Saved email message: "C:\Users\jgdes\AppData\Roaming\Papercut\20190130163016065-1cc133.eml"
2019-01-30 16:30:16.067 -03:00 [Debug] Received Line "QUIT"
2019-01-30 16:30:16.067 -03:00 [Debug] Sending Line "221 Goodbye!"
2019-01-30 16:30:16.067 -03:00 [Debug] Connection 3 Closed
2019-01-30 16:43:02.421 -03:00 [Debug] Status: 0 Connections "176.5MB" Memory Used
2019-01-30 17:03:02.435 -03:00 [Debug] Status: 0 Connections "176.6MB" Memory Used
2019-01-30 17:23:02.435 -03:00 [Debug] Status: 0 Connections "176.5MB" Memory Used
2019-01-30 17:43:02.435 -03:00 [Debug] Status: 0 Connections "177.5MB" Memory Used
2019-01-30 18:03:02.434 -03:00 [Debug] Status: 0 Connections "177.9MB" Memory Used
2019-01-30 18:23:02.451 -03:00 [Debug] Status: 0 Connections "179.1MB" Memory Used
2019-01-30 18:43:02.472 -03:00 [Debug] Status: 0 Connections "180.6MB" Memory Used
2019-01-30 19:27:31.549 -03:00 [Debug] Status: 0 Connections "181.9MB" Memory Used
2019-01-30 19:47:31.556 -03:00 [Debug] Status: 0 Connections "182MB" Memory Used
2019-01-30 20:07:31.561 -03:00 [Debug] Status: 0 Connections "182.4MB" Memory Used
2019-01-30 20:27:31.572 -03:00 [Debug] Status: 0 Connections "183.8MB" Memory Used
2019-01-30 21:49:36.006 -03:00 [Debug] Status: 0 Connections "182.2MB" Memory Used
