2019-01-17 08:28:23.819 -03:00 [Information] Loading Messages from the Following Path(s) ["C:\Users\jgdes\AppData\Roaming\Papercut", "C:\Documents\ITX\Papercut\", "C:\Documents\ITX\Papercut\Incoming"]
2019-01-17 08:28:25.764 -03:00 [Information] Default Message Save Path is Set to "C:\Users\jgdes\AppData\Roaming\Papercut"
2019-01-17 08:28:25.833 -03:00 [Debug] Adding FileSystemWatcher for "C:\Users\jgdes\AppData\Roaming\Papercut"
2019-01-17 08:28:25.834 -03:00 [Debug] Adding FileSystemWatcher for "C:\Documents\ITX\Papercut\"
2019-01-17 08:28:25.834 -03:00 [Debug] Adding FileSystemWatcher for "C:\Documents\ITX\Papercut\Incoming"
2019-01-17 08:29:03.906 -03:00 [Information] Running Plug-In "WebUI" "1.0.0" "Provides a web UI to manage the email messages for Papercut."
2019-01-17 08:29:03.906 -03:00 [Information] Running Plug-In "Verbose (JSON) Serilog Logging" "1.0.0.0" "Verbose (JSON) Serilog Logging Support for Papercut"
2019-01-17 08:29:03.907 -03:00 [Information] Running Plug-In "Papercut Seq Logging" "1.0.0.0" "Papercut Serilog to Seq (http://getseq.net) local instance"
2019-01-17 08:29:22.598 -03:00 [Error] Can not start HTTP server at port 37408.
System.AggregateException: One or more errors occurred. ---> System.ServiceModel.AddressAccessDeniedException: HTTP could not register URL http://*:37408/. Your process does not have access rights to this namespace (see http://go.microsoft.com/fwlink/?LinkId=70353 for details). ---> System.Net.HttpListenerException: Access is denied
   at System.Net.HttpListener.AddAllPrefixes()
   at System.Net.HttpListener.Start()
   at System.ServiceModel.Channels.SharedHttpTransportManager.OnOpen()
   --- End of inner exception stack trace ---
   at System.Runtime.AsyncResult.End[TAsyncResult](IAsyncResult result)
   at System.ServiceModel.Channels.CommunicationObject.EndOpen(IAsyncResult result)
   at System.Web.Http.SelfHost.HttpSelfHostServer.OpenListenerComplete(IAsyncResult result)
   --- End of inner exception stack trace ---
   at System.Threading.Tasks.Task.ThrowIfExceptional(Boolean includeTaskCanceledExceptions)
   at System.Threading.Tasks.Task.Wait(Int32 millisecondsTimeout, CancellationToken cancellationToken)
   at System.Threading.Tasks.Task.Wait()
   at Papercut.Module.WebUI.WebServer.StartHttpServer() in C:\Downloads\Papercut-develop\src\Papercut.Module.WebUI\WebServer.cs:line 69
---> (Inner Exception #0) System.ServiceModel.AddressAccessDeniedException: HTTP could not register URL http://*:37408/. Your process does not have access rights to this namespace (see http://go.microsoft.com/fwlink/?LinkId=70353 for details). ---> System.Net.HttpListenerException: Access is denied
   at System.Net.HttpListener.AddAllPrefixes()
   at System.Net.HttpListener.Start()
   at System.ServiceModel.Channels.SharedHttpTransportManager.OnOpen()
   --- End of inner exception stack trace ---
   at System.Runtime.AsyncResult.End[TAsyncResult](IAsyncResult result)
   at System.ServiceModel.Channels.CommunicationObject.EndOpen(IAsyncResult result)
   at System.Web.Http.SelfHost.HttpSelfHostServer.OpenListenerComplete(IAsyncResult result)<---

2019-01-17 08:29:22.989 -03:00 [Information] Attempting to Load Rules from "C:\Documents\ITX\Papercut\rules.json" on AppReady
2019-01-17 08:29:23.770 -03:00 [Information] Starting Server Papercut
2019-01-17 08:29:23.958 -03:00 [Information] Server Ready - Listening for New Connections "127.0.0.1":37402
2019-01-17 08:29:24.095 -03:00 [Debug] Setting up Rule Dispatcher Observable
2019-01-17 08:29:24.614 -03:00 [Information] Starting Server Smtp
2019-01-17 08:29:24.615 -03:00 [Information] Server Ready - Listening for New Connections "0.0.0.0":25
2019-01-17 09:15:31.658 -03:00 [Debug] Sending Line "220 laptop-35m5l0ko"
2019-01-17 09:15:31.660 -03:00 [Debug] Received Line "EHLO LAPTOP-35M5L0KO"
2019-01-17 09:15:31.662 -03:00 [Debug] Sending Line "250-laptop-35m5l0ko"
2019-01-17 09:15:31.671 -03:00 [Debug] Sending Line "250-SMTPUTF8"
2019-01-17 09:15:31.672 -03:00 [Debug] Sending Line "250-8BITMIME"
2019-01-17 09:15:31.672 -03:00 [Debug] Sending Line "250 OK"
2019-01-17 09:15:31.672 -03:00 [Debug] Received Line "MAIL FROM:<no-reply@serquest.com>"
2019-01-17 09:15:31.672 -03:00 [Debug] New Connection 1 from "127.0.0.1:56005"
2019-01-17 09:15:31.673 -03:00 [Debug] Initializing Background Processes...
2019-01-17 09:15:31.674 -03:00 [Debug] Sending Line "250 <no-reply@serquest.com> OK"
2019-01-17 09:15:31.674 -03:00 [Debug] Received Line "RCPT TO:<jdesposito@itx.com>"
2019-01-17 09:15:31.675 -03:00 [Debug] Sending Line "250 <jdesposito@itx.com> OK"
2019-01-17 09:15:31.675 -03:00 [Debug] Received Line "DATA"
2019-01-17 09:15:31.676 -03:00 [Debug] Sending Line "354 Start mail input; end with <CRLF>.<CRLF>"
2019-01-17 09:15:31.677 -03:00 [Debug] Sending Line "250 OK"
2019-01-17 09:15:31.696 -03:00 [Information] Successfully Saved email message: "C:\Users\jgdes\AppData\Roaming\Papercut\20190117091531683-e0ccd3.eml"
2019-01-17 09:15:31.698 -03:00 [Debug] Received Line "QUIT"
2019-01-17 09:15:31.699 -03:00 [Debug] Sending Line "221 Goodbye!"
2019-01-17 09:15:31.701 -03:00 [Debug] Connection 1 Closed
2019-01-17 09:16:31.702 -03:00 [Debug] Status: 0 Connections "214.3MB" Memory Used
2019-01-17 09:36:31.704 -03:00 [Debug] Status: 0 Connections "210.2MB" Memory Used
2019-01-17 09:56:31.700 -03:00 [Debug] Status: 0 Connections "210.6MB" Memory Used
2019-01-17 10:16:31.701 -03:00 [Debug] Status: 0 Connections "211.1MB" Memory Used
2019-01-17 10:36:31.702 -03:00 [Debug] Status: 0 Connections "211.6MB" Memory Used
2019-01-17 10:56:31.701 -03:00 [Debug] Status: 0 Connections "211.7MB" Memory Used
2019-01-17 11:16:31.712 -03:00 [Debug] Status: 0 Connections "211.7MB" Memory Used
2019-01-17 11:36:31.725 -03:00 [Debug] Status: 0 Connections "212.3MB" Memory Used
2019-01-17 11:56:31.724 -03:00 [Debug] Status: 0 Connections "213MB" Memory Used
2019-01-17 12:16:31.727 -03:00 [Debug] Status: 0 Connections "212.8MB" Memory Used
2019-01-17 12:36:31.726 -03:00 [Debug] Status: 0 Connections "216.3MB" Memory Used
2019-01-17 12:56:31.728 -03:00 [Debug] Status: 0 Connections "213.9MB" Memory Used
2019-01-17 13:16:31.741 -03:00 [Debug] Status: 0 Connections "214.4MB" Memory Used
2019-01-17 13:36:31.759 -03:00 [Debug] Status: 0 Connections "213.5MB" Memory Used
2019-01-17 13:56:31.758 -03:00 [Debug] Status: 0 Connections "214.7MB" Memory Used
2019-01-17 14:16:31.759 -03:00 [Debug] Status: 0 Connections "213.9MB" Memory Used
2019-01-17 14:36:31.773 -03:00 [Debug] Status: 0 Connections "213.8MB" Memory Used
2019-01-17 14:56:31.773 -03:00 [Debug] Status: 0 Connections "214.7MB" Memory Used
2019-01-17 15:16:31.772 -03:00 [Debug] Status: 0 Connections "128MB" Memory Used
2019-01-17 15:36:31.773 -03:00 [Debug] Status: 0 Connections "129.5MB" Memory Used
2019-01-17 15:56:31.774 -03:00 [Debug] Status: 0 Connections "130.6MB" Memory Used
2019-01-17 16:16:31.775 -03:00 [Debug] Status: 0 Connections "130.7MB" Memory Used
2019-01-17 16:36:31.789 -03:00 [Debug] Status: 0 Connections "131.7MB" Memory Used
2019-01-17 16:56:31.788 -03:00 [Debug] Status: 0 Connections "146.6MB" Memory Used
2019-01-17 17:16:31.789 -03:00 [Debug] Status: 0 Connections "145.8MB" Memory Used
2019-01-17 17:36:31.792 -03:00 [Debug] Status: 0 Connections "145.5MB" Memory Used
2019-01-17 17:56:31.790 -03:00 [Debug] Status: 0 Connections "146.9MB" Memory Used
2019-01-17 18:16:31.803 -03:00 [Debug] Status: 0 Connections "146.2MB" Memory Used
