2018-12-09 11:57:10.962 -03:00 [Information] Loading Messages from the Following Path(s) ["C:\Users\admin\AppData\Roaming\Papercut", "C:\Documents\ITX\OneDrive - ITX Corp\RAID\Juan\Papercut-develop\src\Papercut.UI\bin\Debug\", "C:\Documents\ITX\OneDrive - ITX Corp\RAID\Juan\Papercut-develop\src\Papercut.UI\bin\Debug\Incoming"]
2018-12-09 11:57:11.211 -03:00 [Information] Default Message Save Path is Set to "C:\Users\admin\AppData\Roaming\Papercut"
2018-12-09 11:57:11.237 -03:00 [Debug] Adding FileSystemWatcher for "C:\Users\admin\AppData\Roaming\Papercut"
2018-12-09 11:57:11.238 -03:00 [Debug] Adding FileSystemWatcher for "C:\Documents\ITX\OneDrive - ITX Corp\RAID\Juan\Papercut-develop\src\Papercut.UI\bin\Debug\"
2018-12-09 11:57:11.240 -03:00 [Debug] Adding FileSystemWatcher for "C:\Documents\ITX\OneDrive - ITX Corp\RAID\Juan\Papercut-develop\src\Papercut.UI\bin\Debug\Incoming"
2018-12-09 11:57:16.328 -03:00 [Information] Running Plug-In "WebUI" "1.0.0" "Provides a web UI to manage the email messages for Papercut."
2018-12-09 11:57:16.329 -03:00 [Information] Running Plug-In "Verbose (JSON) Serilog Logging" "1.0.0.0" "Verbose (JSON) Serilog Logging Support for Papercut"
2018-12-09 11:57:16.329 -03:00 [Information] Running Plug-In "Papercut Seq Logging" "1.0.0.0" "Papercut Serilog to Seq (http://getseq.net) local instance"
2018-12-09 11:57:16.641 -03:00 [Error] Can not start HTTP server at port 37408.
System.AggregateException: One or more errors occurred. ---> System.ServiceModel.AddressAccessDeniedException: HTTP could not register URL http://*:37408/. Your process does not have access rights to this namespace (see http://go.microsoft.com/fwlink/?LinkId=70353 for details). ---> System.Net.HttpListenerException: Access is denied
   at System.Net.HttpListener.AddAllPrefixes()
   at System.Net.HttpListener.Start()
   at System.ServiceModel.Channels.SharedHttpTransportManager.OnOpen()
   --- End of inner exception stack trace ---
   at System.Runtime.AsyncResult.End[TAsyncResult](IAsyncResult result)
   at System.ServiceModel.Channels.CommunicationObject.EndOpen(IAsyncResult result)
   at System.Web.Http.SelfHost.HttpSelfHostServer.OpenListenerComplete(IAsyncResult result)
   --- End of inner exception stack trace ---
   at System.Threading.Tasks.Task.ThrowIfExceptional(Boolean includeTaskCanceledExceptions)
   at System.Threading.Tasks.Task.Wait(Int32 millisecondsTimeout, CancellationToken cancellationToken)
   at System.Threading.Tasks.Task.Wait()
   at Papercut.Module.WebUI.WebServer.StartHttpServer() in C:\Downloads\Papercut-develop\src\Papercut.Module.WebUI\WebServer.cs:line 69
---> (Inner Exception #0) System.ServiceModel.AddressAccessDeniedException: HTTP could not register URL http://*:37408/. Your process does not have access rights to this namespace (see http://go.microsoft.com/fwlink/?LinkId=70353 for details). ---> System.Net.HttpListenerException: Access is denied
   at System.Net.HttpListener.AddAllPrefixes()
   at System.Net.HttpListener.Start()
   at System.ServiceModel.Channels.SharedHttpTransportManager.OnOpen()
   --- End of inner exception stack trace ---
   at System.Runtime.AsyncResult.End[TAsyncResult](IAsyncResult result)
   at System.ServiceModel.Channels.CommunicationObject.EndOpen(IAsyncResult result)
   at System.Web.Http.SelfHost.HttpSelfHostServer.OpenListenerComplete(IAsyncResult result)<---

2018-12-09 11:57:16.673 -03:00 [Information] Attempting to Load Rules from "C:\Documents\ITX\OneDrive - ITX Corp\RAID\Juan\Papercut-develop\src\Papercut.UI\bin\Debug\rules.json" on AppReady
2018-12-09 11:57:16.794 -03:00 [Debug] Setting up Rule Dispatcher Observable
2018-12-09 11:57:17.186 -03:00 [Information] Starting Server Papercut
2018-12-09 11:57:17.200 -03:00 [Information] Server Ready - Listening for New Connections "127.0.0.1":37402
2018-12-09 11:57:17.312 -03:00 [Information] Starting Server Smtp
2018-12-09 11:57:17.312 -03:00 [Information] Server Ready - Listening for New Connections "0.0.0.0":25
2018-12-09 11:57:33.815 -03:00 [Debug] Sending Line "220 desktop-d0iat58"
2018-12-09 11:57:33.821 -03:00 [Debug] Received Line "EHLO DESKTOP-D0IAT58"
2018-12-09 11:57:33.829 -03:00 [Debug] Sending Line "250-desktop-d0iat58"
2018-12-09 11:57:33.832 -03:00 [Debug] New Connection 1 from "127.0.0.1:65248"
2018-12-09 11:57:33.833 -03:00 [Debug] Initializing Background Processes...
2018-12-09 11:57:33.837 -03:00 [Debug] Sending Line "250-SMTPUTF8"
2018-12-09 11:57:33.837 -03:00 [Debug] Sending Line "250-8BITMIME"
2018-12-09 11:57:33.837 -03:00 [Debug] Sending Line "250 OK"
2018-12-09 11:57:33.838 -03:00 [Debug] Received Line "MAIL FROM:<info@serquest.com>"
2018-12-09 11:57:33.849 -03:00 [Debug] Sending Line "250 <info@serquest.com> OK"
2018-12-09 11:57:33.849 -03:00 [Debug] Received Line "RCPT TO:<jdesposito@itx.com>"
2018-12-09 11:57:33.851 -03:00 [Debug] Sending Line "250 <jdesposito@itx.com> OK"
2018-12-09 11:57:33.852 -03:00 [Debug] Received Line "DATA"
2018-12-09 11:57:33.855 -03:00 [Debug] Sending Line "354 Start mail input; end with <CRLF>.<CRLF>"
2018-12-09 11:57:33.866 -03:00 [Debug] Sending Line "250 OK"
2018-12-09 11:57:34.479 -03:00 [Information] Successfully Saved email message: "C:\Users\admin\AppData\Roaming\Papercut\20181209115734442-85bcdd.eml"
2018-12-09 11:58:24.709 -03:00 [Debug] Received Line "QUIT"
2018-12-09 11:58:24.710 -03:00 [Debug] Sending Line "221 Goodbye!"
2018-12-09 11:58:24.718 -03:00 [Debug] Connection 1 Closed
2018-12-09 11:58:33.922 -03:00 [Debug] Status: 0 Connections "184.9MB" Memory Used
2018-12-09 12:03:28.419 -03:00 [Debug] Sending Line "220 desktop-d0iat58"
2018-12-09 12:03:28.420 -03:00 [Debug] New Connection 2 from "127.0.0.1:49618"
2018-12-09 12:03:28.420 -03:00 [Debug] Received Line "EHLO DESKTOP-D0IAT58"
2018-12-09 12:03:28.420 -03:00 [Debug] Sending Line "250-desktop-d0iat58"
2018-12-09 12:03:28.421 -03:00 [Debug] Sending Line "250-SMTPUTF8"
2018-12-09 12:03:28.421 -03:00 [Debug] Sending Line "250-8BITMIME"
2018-12-09 12:03:28.421 -03:00 [Debug] Sending Line "250 OK"
2018-12-09 12:03:28.421 -03:00 [Debug] Received Line "MAIL FROM:<info@serquest.com>"
2018-12-09 12:03:28.421 -03:00 [Debug] Sending Line "250 <info@serquest.com> OK"
2018-12-09 12:03:28.422 -03:00 [Debug] Received Line "RCPT TO:<jdesposito@itx.com>"
2018-12-09 12:03:28.422 -03:00 [Debug] Sending Line "250 <jdesposito@itx.com> OK"
2018-12-09 12:03:28.422 -03:00 [Debug] Received Line "DATA"
2018-12-09 12:03:28.422 -03:00 [Debug] Sending Line "354 Start mail input; end with <CRLF>.<CRLF>"
2018-12-09 12:03:28.426 -03:00 [Debug] Sending Line "250 OK"
2018-12-09 12:03:28.430 -03:00 [Information] Successfully Saved email message: "C:\Users\admin\AppData\Roaming\Papercut\20181209120328427-c782bc.eml"
2018-12-09 12:05:07.428 -03:00 [Debug] Received Line "QUIT"
2018-12-09 12:05:07.428 -03:00 [Debug] Sending Line "221 Goodbye!"
2018-12-09 12:05:07.429 -03:00 [Debug] Connection 2 Closed
2018-12-09 12:18:33.919 -03:00 [Debug] Status: 0 Connections "180.9MB" Memory Used
2018-12-09 12:38:33.913 -03:00 [Debug] Status: 0 Connections "146MB" Memory Used
2018-12-09 12:58:33.915 -03:00 [Debug] Status: 0 Connections "51.3MB" Memory Used
2018-12-09 13:18:33.925 -03:00 [Debug] Status: 0 Connections "56.4MB" Memory Used
2018-12-09 13:38:33.925 -03:00 [Debug] Status: 0 Connections "57.4MB" Memory Used
2018-12-09 13:58:33.926 -03:00 [Debug] Status: 0 Connections "56.1MB" Memory Used
2018-12-09 14:18:33.939 -03:00 [Debug] Status: 0 Connections "57.3MB" Memory Used
2018-12-09 14:38:33.939 -03:00 [Debug] Status: 0 Connections "58.3MB" Memory Used
2018-12-09 14:58:33.955 -03:00 [Debug] Status: 0 Connections "57.3MB" Memory Used
2018-12-09 15:18:33.968 -03:00 [Debug] Status: 0 Connections "57.7MB" Memory Used
2018-12-09 15:38:33.969 -03:00 [Debug] Status: 0 Connections "58.7MB" Memory Used
2018-12-09 15:58:33.984 -03:00 [Debug] Status: 0 Connections "59.9MB" Memory Used
2018-12-09 16:18:33.985 -03:00 [Debug] Status: 0 Connections "60.9MB" Memory Used
2018-12-09 16:38:33.986 -03:00 [Debug] Status: 0 Connections "62.1MB" Memory Used
2018-12-09 16:58:34.001 -03:00 [Debug] Status: 0 Connections "57.6MB" Memory Used
2018-12-09 17:18:34.002 -03:00 [Debug] Status: 0 Connections "59MB" Memory Used
2018-12-09 17:38:34.017 -03:00 [Debug] Status: 0 Connections "43.5MB" Memory Used
2018-12-09 17:58:34.016 -03:00 [Debug] Status: 0 Connections "45.1MB" Memory Used
2018-12-09 18:18:34.016 -03:00 [Debug] Status: 0 Connections "46.6MB" Memory Used
2018-12-09 18:38:34.045 -03:00 [Debug] Status: 0 Connections "38.1MB" Memory Used
2018-12-09 18:58:34.049 -03:00 [Debug] Status: 0 Connections "35.8MB" Memory Used
2018-12-09 19:18:34.056 -03:00 [Debug] Status: 0 Connections "43.7MB" Memory Used
2018-12-09 19:38:34.061 -03:00 [Debug] Status: 0 Connections "81.3MB" Memory Used
2018-12-09 19:58:34.062 -03:00 [Debug] Status: 0 Connections "67.7MB" Memory Used
2018-12-09 20:18:34.062 -03:00 [Debug] Status: 0 Connections "71.1MB" Memory Used
2018-12-09 20:38:34.064 -03:00 [Debug] Status: 0 Connections "70MB" Memory Used
2018-12-09 20:50:22.831 -03:00 [Debug] Sending Line "220 desktop-d0iat58"
2018-12-09 20:50:22.832 -03:00 [Debug] Received Line "EHLO DESKTOP-D0IAT58"
2018-12-09 20:50:22.836 -03:00 [Debug] New Connection 3 from "127.0.0.1:50185"
2018-12-09 20:50:22.836 -03:00 [Debug] Sending Line "250-desktop-d0iat58"
2018-12-09 20:50:22.836 -03:00 [Debug] Sending Line "250-SMTPUTF8"
2018-12-09 20:50:22.837 -03:00 [Debug] Sending Line "250-8BITMIME"
2018-12-09 20:50:22.837 -03:00 [Debug] Sending Line "250 OK"
2018-12-09 20:50:22.838 -03:00 [Debug] Received Line "MAIL FROM:<info@serquest.com>"
2018-12-09 20:50:22.838 -03:00 [Debug] Sending Line "250 <info@serquest.com> OK"
2018-12-09 20:50:22.838 -03:00 [Debug] Received Line "RCPT TO:<jdesposito@itx.com>"
2018-12-09 20:50:22.838 -03:00 [Debug] Sending Line "250 <jdesposito@itx.com> OK"
2018-12-09 20:50:22.839 -03:00 [Debug] Received Line "DATA"
2018-12-09 20:50:22.839 -03:00 [Debug] Sending Line "354 Start mail input; end with <CRLF>.<CRLF>"
2018-12-09 20:50:22.843 -03:00 [Debug] Sending Line "250 OK"
2018-12-09 20:50:22.849 -03:00 [Information] Successfully Saved email message: "C:\Users\admin\AppData\Roaming\Papercut\20181209205022846-7a1677.eml"
2018-12-09 20:50:22.854 -03:00 [Debug] Received Line "QUIT"
2018-12-09 20:50:22.854 -03:00 [Debug] Sending Line "221 Goodbye!"
2018-12-09 20:50:22.854 -03:00 [Debug] Connection 3 Closed
2018-12-09 20:58:34.066 -03:00 [Debug] Status: 0 Connections "103.8MB" Memory Used
2018-12-09 21:18:34.080 -03:00 [Debug] Status: 0 Connections "78.2MB" Memory Used
2018-12-09 21:30:21.767 -03:00 [Information] Stopping Server Papercut
2018-12-09 21:30:21.947 -03:00 [Information] Saved 0 to "C:\Documents\ITX\OneDrive - ITX Corp\RAID\Juan\Papercut-develop\src\Papercut.UI\bin\Debug\rules.json"
2018-12-09 21:30:21.948 -03:00 [Debug] Saving Updated Settings...
2018-12-09 21:30:22.003 -03:00 [Information] Stopping Server Smtp
2018-12-09 21:30:22.052 -03:00 [Information] Deleted 7 temp directories
