2018-12-11 17:22:47.238 -03:00 [Information] Loading Messages from the Following Path(s) ["C:\Users\admin\AppData\Roaming\Papercut", "C:\Documents\ITX\OneDrive - ITX Corp\RAID\Juan\Papercut-develop\src\Papercut.UI\bin\Debug\", "C:\Documents\ITX\OneDrive - ITX Corp\RAID\Juan\Papercut-develop\src\Papercut.UI\bin\Debug\Incoming"]
2018-12-11 17:22:47.388 -03:00 [Information] Default Message Save Path is Set to "C:\Users\admin\AppData\Roaming\Papercut"
2018-12-11 17:22:47.394 -03:00 [Debug] Adding FileSystemWatcher for "C:\Users\admin\AppData\Roaming\Papercut"
2018-12-11 17:22:47.396 -03:00 [Debug] Adding FileSystemWatcher for "C:\Documents\ITX\OneDrive - ITX Corp\RAID\Juan\Papercut-develop\src\Papercut.UI\bin\Debug\"
2018-12-11 17:22:47.397 -03:00 [Debug] Adding FileSystemWatcher for "C:\Documents\ITX\OneDrive - ITX Corp\RAID\Juan\Papercut-develop\src\Papercut.UI\bin\Debug\Incoming"
2018-12-11 17:22:50.655 -03:00 [Information] Running Plug-In "WebUI" "1.0.0" "Provides a web UI to manage the email messages for Papercut."
2018-12-11 17:22:50.655 -03:00 [Information] Running Plug-In "Verbose (JSON) Serilog Logging" "1.0.0.0" "Verbose (JSON) Serilog Logging Support for Papercut"
2018-12-11 17:22:50.655 -03:00 [Information] Running Plug-In "Papercut Seq Logging" "1.0.0.0" "Papercut Serilog to Seq (http://getseq.net) local instance"
2018-12-11 17:22:51.007 -03:00 [Error] Can not start HTTP server at port 37408.
System.AggregateException: One or more errors occurred. ---> System.ServiceModel.AddressAccessDeniedException: HTTP could not register URL http://*:37408/. Your process does not have access rights to this namespace (see http://go.microsoft.com/fwlink/?LinkId=70353 for details). ---> System.Net.HttpListenerException: Access is denied
   at System.Net.HttpListener.AddAllPrefixes()
   at System.Net.HttpListener.Start()
   at System.ServiceModel.Channels.SharedHttpTransportManager.OnOpen()
   --- End of inner exception stack trace ---
   at System.Runtime.AsyncResult.End[TAsyncResult](IAsyncResult result)
   at System.ServiceModel.Channels.CommunicationObject.EndOpen(IAsyncResult result)
   at System.Web.Http.SelfHost.HttpSelfHostServer.OpenListenerComplete(IAsyncResult result)
   --- End of inner exception stack trace ---
   at System.Threading.Tasks.Task.ThrowIfExceptional(Boolean includeTaskCanceledExceptions)
   at System.Threading.Tasks.Task.Wait(Int32 millisecondsTimeout, CancellationToken cancellationToken)
   at System.Threading.Tasks.Task.Wait()
   at Papercut.Module.WebUI.WebServer.StartHttpServer() in C:\Downloads\Papercut-develop\src\Papercut.Module.WebUI\WebServer.cs:line 69
---> (Inner Exception #0) System.ServiceModel.AddressAccessDeniedException: HTTP could not register URL http://*:37408/. Your process does not have access rights to this namespace (see http://go.microsoft.com/fwlink/?LinkId=70353 for details). ---> System.Net.HttpListenerException: Access is denied
   at System.Net.HttpListener.AddAllPrefixes()
   at System.Net.HttpListener.Start()
   at System.ServiceModel.Channels.SharedHttpTransportManager.OnOpen()
   --- End of inner exception stack trace ---
   at System.Runtime.AsyncResult.End[TAsyncResult](IAsyncResult result)
   at System.ServiceModel.Channels.CommunicationObject.EndOpen(IAsyncResult result)
   at System.Web.Http.SelfHost.HttpSelfHostServer.OpenListenerComplete(IAsyncResult result)<---

2018-12-11 17:22:51.050 -03:00 [Information] Attempting to Load Rules from "C:\Documents\ITX\OneDrive - ITX Corp\RAID\Juan\Papercut-develop\src\Papercut.UI\bin\Debug\rules.json" on AppReady
2018-12-11 17:22:51.160 -03:00 [Debug] Setting up Rule Dispatcher Observable
2018-12-11 17:22:51.576 -03:00 [Information] Starting Server Papercut
2018-12-11 17:22:51.582 -03:00 [Information] Server Ready - Listening for New Connections "127.0.0.1":37402
2018-12-11 17:22:51.682 -03:00 [Information] Starting Server Smtp
2018-12-11 17:22:51.682 -03:00 [Information] Server Ready - Listening for New Connections "0.0.0.0":25
2018-12-11 17:27:05.843 -03:00 [Debug] Sending Line "220 desktop-d0iat58"
2018-12-11 17:27:05.850 -03:00 [Debug] Received Line "EHLO DESKTOP-D0IAT58"
2018-12-11 17:27:05.855 -03:00 [Debug] Sending Line "250-desktop-d0iat58"
2018-12-11 17:27:05.857 -03:00 [Debug] Sending Line "250-SMTPUTF8"
2018-12-11 17:27:05.857 -03:00 [Debug] Sending Line "250-8BITMIME"
2018-12-11 17:27:05.857 -03:00 [Debug] Sending Line "250 OK"
2018-12-11 17:27:05.857 -03:00 [Debug] Received Line "MAIL FROM:<info@serquest.com>"
2018-12-11 17:27:05.861 -03:00 [Debug] New Connection 1 from "127.0.0.1:57489"
2018-12-11 17:27:05.862 -03:00 [Debug] Initializing Background Processes...
2018-12-11 17:27:05.864 -03:00 [Debug] Sending Line "250 <info@serquest.com> OK"
2018-12-11 17:27:05.865 -03:00 [Debug] Received Line "RCPT TO:<jdesposito@itx.com>"
2018-12-11 17:27:05.866 -03:00 [Debug] Sending Line "250 <jdesposito@itx.com> OK"
2018-12-11 17:27:05.867 -03:00 [Debug] Received Line "DATA"
2018-12-11 17:27:05.870 -03:00 [Debug] Sending Line "354 Start mail input; end with <CRLF>.<CRLF>"
2018-12-11 17:27:05.874 -03:00 [Debug] Sending Line "250 OK"
2018-12-11 17:27:06.185 -03:00 [Information] Successfully Saved email message: "C:\Users\admin\AppData\Roaming\Papercut\20181211172706138-91d83b.eml"
2018-12-11 17:27:06.199 -03:00 [Debug] Received Line "QUIT"
2018-12-11 17:27:06.200 -03:00 [Debug] Sending Line "221 Goodbye!"
2018-12-11 17:27:06.206 -03:00 [Debug] Connection 1 Closed
2018-12-11 17:28:05.911 -03:00 [Debug] Status: 0 Connections "160.2MB" Memory Used
2018-12-11 17:35:20.693 -03:00 [Debug] Sending Line "220 desktop-d0iat58"
2018-12-11 17:35:20.693 -03:00 [Debug] New Connection 2 from "127.0.0.1:58360"
2018-12-11 17:35:20.694 -03:00 [Debug] Received Line "EHLO DESKTOP-D0IAT58"
2018-12-11 17:35:20.694 -03:00 [Debug] Sending Line "250-desktop-d0iat58"
2018-12-11 17:35:20.695 -03:00 [Debug] Sending Line "250-SMTPUTF8"
2018-12-11 17:35:20.695 -03:00 [Debug] Sending Line "250-8BITMIME"
2018-12-11 17:35:20.695 -03:00 [Debug] Sending Line "250 OK"
2018-12-11 17:35:20.695 -03:00 [Debug] Received Line "MAIL FROM:<info@serquest.com>"
2018-12-11 17:35:20.696 -03:00 [Debug] Sending Line "250 <info@serquest.com> OK"
2018-12-11 17:35:20.696 -03:00 [Debug] Received Line "RCPT TO:<jdesposito@itx.com>"
2018-12-11 17:35:20.696 -03:00 [Debug] Sending Line "250 <jdesposito@itx.com> OK"
2018-12-11 17:35:20.696 -03:00 [Debug] Received Line "DATA"
2018-12-11 17:35:20.696 -03:00 [Debug] Sending Line "354 Start mail input; end with <CRLF>.<CRLF>"
2018-12-11 17:35:20.697 -03:00 [Debug] Sending Line "250 OK"
2018-12-11 17:35:20.699 -03:00 [Information] Successfully Saved email message: "C:\Users\admin\AppData\Roaming\Papercut\20181211173520698-01aea9.eml"
2018-12-11 17:35:20.700 -03:00 [Debug] Received Line "QUIT"
2018-12-11 17:35:20.700 -03:00 [Debug] Sending Line "221 Goodbye!"
2018-12-11 17:35:20.700 -03:00 [Debug] Connection 2 Closed
2018-12-11 17:40:06.169 -03:00 [Information] Stopping Server Papercut
2018-12-11 17:40:06.217 -03:00 [Information] Saved 0 to "C:\Documents\ITX\OneDrive - ITX Corp\RAID\Juan\Papercut-develop\src\Papercut.UI\bin\Debug\rules.json"
2018-12-11 17:40:06.218 -03:00 [Debug] Saving Updated Settings...
2018-12-11 17:40:06.250 -03:00 [Information] Stopping Server Smtp
2018-12-11 17:40:06.270 -03:00 [Information] Deleted 10 temp directories
2018-12-11 17:46:19.744 -03:00 [Information] Loading Messages from the Following Path(s) ["C:\Users\admin\AppData\Roaming\Papercut", "C:\Documents\ITX\OneDrive - ITX Corp\RAID\Juan\Papercut-develop\src\Papercut.UI\bin\Debug\", "C:\Documents\ITX\OneDrive - ITX Corp\RAID\Juan\Papercut-develop\src\Papercut.UI\bin\Debug\Incoming"]
2018-12-11 17:46:19.913 -03:00 [Information] Default Message Save Path is Set to "C:\Users\admin\AppData\Roaming\Papercut"
2018-12-11 17:46:19.921 -03:00 [Debug] Adding FileSystemWatcher for "C:\Users\admin\AppData\Roaming\Papercut"
2018-12-11 17:46:19.923 -03:00 [Debug] Adding FileSystemWatcher for "C:\Documents\ITX\OneDrive - ITX Corp\RAID\Juan\Papercut-develop\src\Papercut.UI\bin\Debug\"
2018-12-11 17:46:19.924 -03:00 [Debug] Adding FileSystemWatcher for "C:\Documents\ITX\OneDrive - ITX Corp\RAID\Juan\Papercut-develop\src\Papercut.UI\bin\Debug\Incoming"
2018-12-11 17:46:23.068 -03:00 [Information] Running Plug-In "WebUI" "1.0.0" "Provides a web UI to manage the email messages for Papercut."
2018-12-11 17:46:23.069 -03:00 [Information] Running Plug-In "Verbose (JSON) Serilog Logging" "1.0.0.0" "Verbose (JSON) Serilog Logging Support for Papercut"
2018-12-11 17:46:23.069 -03:00 [Information] Running Plug-In "Papercut Seq Logging" "1.0.0.0" "Papercut Serilog to Seq (http://getseq.net) local instance"
2018-12-11 17:46:23.416 -03:00 [Error] Can not start HTTP server at port 37408.
System.AggregateException: One or more errors occurred. ---> System.ServiceModel.AddressAccessDeniedException: HTTP could not register URL http://*:37408/. Your process does not have access rights to this namespace (see http://go.microsoft.com/fwlink/?LinkId=70353 for details). ---> System.Net.HttpListenerException: Access is denied
   at System.Net.HttpListener.AddAllPrefixes()
   at System.Net.HttpListener.Start()
   at System.ServiceModel.Channels.SharedHttpTransportManager.OnOpen()
   --- End of inner exception stack trace ---
   at System.Runtime.AsyncResult.End[TAsyncResult](IAsyncResult result)
   at System.ServiceModel.Channels.CommunicationObject.EndOpen(IAsyncResult result)
   at System.Web.Http.SelfHost.HttpSelfHostServer.OpenListenerComplete(IAsyncResult result)
   --- End of inner exception stack trace ---
   at System.Threading.Tasks.Task.ThrowIfExceptional(Boolean includeTaskCanceledExceptions)
   at System.Threading.Tasks.Task.Wait(Int32 millisecondsTimeout, CancellationToken cancellationToken)
   at System.Threading.Tasks.Task.Wait()
   at Papercut.Module.WebUI.WebServer.StartHttpServer() in C:\Downloads\Papercut-develop\src\Papercut.Module.WebUI\WebServer.cs:line 69
---> (Inner Exception #0) System.ServiceModel.AddressAccessDeniedException: HTTP could not register URL http://*:37408/. Your process does not have access rights to this namespace (see http://go.microsoft.com/fwlink/?LinkId=70353 for details). ---> System.Net.HttpListenerException: Access is denied
   at System.Net.HttpListener.AddAllPrefixes()
   at System.Net.HttpListener.Start()
   at System.ServiceModel.Channels.SharedHttpTransportManager.OnOpen()
   --- End of inner exception stack trace ---
   at System.Runtime.AsyncResult.End[TAsyncResult](IAsyncResult result)
   at System.ServiceModel.Channels.CommunicationObject.EndOpen(IAsyncResult result)
   at System.Web.Http.SelfHost.HttpSelfHostServer.OpenListenerComplete(IAsyncResult result)<---

2018-12-11 17:46:23.443 -03:00 [Information] Attempting to Load Rules from "C:\Documents\ITX\OneDrive - ITX Corp\RAID\Juan\Papercut-develop\src\Papercut.UI\bin\Debug\rules.json" on AppReady
2018-12-11 17:46:23.599 -03:00 [Debug] Setting up Rule Dispatcher Observable
2018-12-11 17:46:23.958 -03:00 [Information] Starting Server Papercut
2018-12-11 17:46:23.963 -03:00 [Information] Server Ready - Listening for New Connections "127.0.0.1":37402
2018-12-11 17:46:24.118 -03:00 [Information] Starting Server Smtp
2018-12-11 17:46:24.118 -03:00 [Information] Server Ready - Listening for New Connections "0.0.0.0":25
2018-12-11 23:27:25.358 -03:00 [Information] Stopping Server Papercut
2018-12-11 23:27:25.449 -03:00 [Information] Saved 0 to "C:\Documents\ITX\OneDrive - ITX Corp\RAID\Juan\Papercut-develop\src\Papercut.UI\bin\Debug\rules.json"
2018-12-11 23:27:25.450 -03:00 [Debug] Saving Updated Settings...
2018-12-11 23:27:25.527 -03:00 [Information] Stopping Server Smtp
2018-12-11 23:27:25.538 -03:00 [Information] Deleted 2 temp directories
