2018-12-29 09:43:04.281 -03:00 [Information] Loading Messages from the Following Path(s) ["C:\Users\jgdes\AppData\Roaming\Papercut", "C:\Documents\ITX\OneDrive - ITX Corp\RAID\Juan\Papercut-develop\src\Papercut.UI\bin\Debug\app.publish\", "C:\Documents\ITX\OneDrive - ITX Corp\RAID\Juan\Papercut-develop\src\Papercut.UI\bin\Debug\app.publish\Incoming"]
2018-12-29 09:43:04.851 -03:00 [Information] Default Message Save Path is Set to "C:\Users\jgdes\AppData\Roaming\Papercut"
2018-12-29 09:43:04.853 -03:00 [Debug] Adding FileSystemWatcher for "C:\Users\jgdes\AppData\Roaming\Papercut"
2018-12-29 09:43:04.854 -03:00 [Debug] Adding FileSystemWatcher for "C:\Documents\ITX\OneDrive - ITX Corp\RAID\Juan\Papercut-develop\src\Papercut.UI\bin\Debug\app.publish\"
2018-12-29 09:43:04.854 -03:00 [Debug] Adding FileSystemWatcher for "C:\Documents\ITX\OneDrive - ITX Corp\RAID\Juan\Papercut-develop\src\Papercut.UI\bin\Debug\app.publish\Incoming"
2018-12-29 09:43:19.004 -03:00 [Verbose] Binding "Papercut.Views.MainView" and "Papercut.ViewModels.MainViewModel".
2018-12-29 09:43:19.007 -03:00 [Verbose] Setting DC of "Papercut.Views.MainView" to "Papercut.ViewModels.MainViewModel".
2018-12-29 09:43:19.010 -03:00 [Verbose] Attaching message handler "Papercut.ViewModels.MainViewModel" to "Papercut.Views.MainView".
2018-12-29 09:43:19.010 -03:00 [Verbose] Attaching "Papercut.Views.MainView" to "Papercut.ViewModels.MainViewModel".
2018-12-29 09:43:19.314 -03:00 [Verbose] Action Convention Applied: Action "ForwardSelected" on element "ForwardSelected".
2018-12-29 09:43:20.920 -03:00 [Verbose] Binding Convention Not Applied: Element "Overlay" did not match a property.
2018-12-29 09:43:20.921 -03:00 [Verbose] ViewModel bound on "MessageListViewModel".
2018-12-29 09:43:21.914 -03:00 [Verbose] Binding "Papercut.Views.MessageListView" and "Papercut.ViewModels.MessageListViewModel".
2018-12-29 09:43:21.914 -03:00 [Verbose] Setting DC of "Papercut.Views.MessageListView" to "Papercut.ViewModels.MessageListViewModel".
2018-12-29 09:43:21.914 -03:00 [Verbose] Attaching message handler "Papercut.ViewModels.MessageListViewModel" to "Papercut.Views.MessageListView".
2018-12-29 09:43:21.914 -03:00 [Verbose] Attaching "Papercut.Views.MessageListView" to "Papercut.ViewModels.MessageListViewModel".
2018-12-29 09:43:22.135 -03:00 [Verbose] Binding Convention Not Applied: Element "MessagesList" did not match a property.
2018-12-29 09:43:22.135 -03:00 [Verbose] Binding Convention Applied: Element "MessageListViewModel".
2018-12-29 09:43:22.135 -03:00 [Verbose] ViewModel bound on "MessageDetailViewModel".
2018-12-29 09:43:29.835 -03:00 [Verbose] Binding "Papercut.Views.MessageDetailView" and "Papercut.ViewModels.MessageDetailViewModel".
2018-12-29 09:43:29.835 -03:00 [Verbose] Setting DC of "Papercut.Views.MessageDetailView" to "Papercut.ViewModels.MessageDetailViewModel".
2018-12-29 09:43:29.836 -03:00 [Verbose] Attaching message handler "Papercut.ViewModels.MessageDetailViewModel" to "Papercut.Views.MessageDetailView".
2018-12-29 09:43:29.836 -03:00 [Verbose] Attaching "Papercut.Views.MessageDetailView" to "Papercut.ViewModels.MessageDetailViewModel".
2018-12-29 09:43:29.842 -03:00 [Verbose] ContentTemplate applied to "Items".
2018-12-29 09:43:29.846 -03:00 [Verbose] SelectedItem binding applied to "Items".
2018-12-29 09:43:29.847 -03:00 [Verbose] Header template applied to "Items".
2018-12-29 09:43:29.847 -03:00 [Verbose] Binding Convention Applied: Element "Items".
2018-12-29 09:43:29.848 -03:00 [Verbose] Binding Convention Applied: Element "From".
2018-12-29 09:43:29.848 -03:00 [Verbose] Binding Convention Applied: Element "To".
2018-12-29 09:43:29.849 -03:00 [Verbose] Binding Convention Applied: Element "CC".
2018-12-29 09:43:29.849 -03:00 [Verbose] Binding Convention Applied: Element "Bcc".
2018-12-29 09:43:29.849 -03:00 [Verbose] Binding Convention Applied: Element "Date".
2018-12-29 09:43:29.849 -03:00 [Verbose] Binding Convention Applied: Element "Subject".
2018-12-29 09:43:29.849 -03:00 [Verbose] Binding Convention Applied: Element "MessageDetailViewModel".
2018-12-29 09:43:29.850 -03:00 [Verbose] Binding Convention Not Applied: Element "DeleteSelected" did not match a property.
2018-12-29 09:43:29.850 -03:00 [Verbose] Binding Convention Not Applied: Element "image1" did not match a property.
2018-12-29 09:43:29.850 -03:00 [Verbose] Binding Convention Not Applied: Element "versionLabel" did not match a property.
2018-12-29 09:43:29.855 -03:00 [Verbose] Activating "Papercut.ViewModels.MainViewModel".
2018-12-29 09:43:29.855 -03:00 [Verbose] Activating "Papercut.ViewModels.MessageListViewModel".
2018-12-29 09:43:29.857 -03:00 [Verbose] Activating "Papercut.ViewModels.MessageDetailViewModel".
2018-12-29 09:43:47.775 -03:00 [Verbose] Activating "Papercut.ViewModels.MessageDetailHtmlViewModel".
2018-12-29 09:43:50.244 -03:00 [Verbose] Binding "Papercut.Views.MessageDetailHtmlView" and "Papercut.ViewModels.MessageDetailHtmlViewModel".
2018-12-29 09:43:50.244 -03:00 [Verbose] Setting DC of "Papercut.Views.MessageDetailHtmlView" to "Papercut.ViewModels.MessageDetailHtmlViewModel".
2018-12-29 09:43:50.244 -03:00 [Verbose] Attaching message handler "Papercut.ViewModels.MessageDetailHtmlViewModel" to "Papercut.Views.MessageDetailHtmlView".
2018-12-29 09:43:50.244 -03:00 [Verbose] Attaching "Papercut.Views.MessageDetailHtmlView" to "Papercut.ViewModels.MessageDetailHtmlViewModel".
2018-12-29 09:43:50.244 -03:00 [Verbose] Binding Convention Not Applied: Element "htmlView" did not match a property.
2018-12-29 09:44:12.877 -03:00 [Verbose] "Action: MessageListKeyDown" availability update.
2018-12-29 09:44:12.878 -03:00 [Verbose] "Action: MessageListKeyDown" availability update.
2018-12-29 09:44:15.269 -03:00 [Verbose] "Action: OnNavigating" availability update.
2018-12-29 09:44:15.269 -03:00 [Verbose] "Action: OnNavigating" availability update.
2018-12-29 09:44:15.480 -03:00 [Verbose] "Action: ForwardSelected" availability update.
2018-12-29 09:44:15.480 -03:00 [Verbose] "Action: ForwardSelected" availability update.
2018-12-29 09:44:15.512 -03:00 [Verbose] "Action: DeleteSelected" availability update.
2018-12-29 09:44:15.512 -03:00 [Verbose] "Action: DeleteSelected" availability update.
2018-12-29 09:44:15.512 -03:00 [Verbose] Binding "System.Windows.Controls.Button: Delete" and "Papercut.ViewModels.MessageListViewModel".
2018-12-29 09:44:15.513 -03:00 [Verbose] Attaching message handler "Papercut.ViewModels.MessageListViewModel" to "System.Windows.Controls.Button: Delete".
2018-12-29 09:44:15.513 -03:00 [Verbose] Attaching "System.Windows.Controls.Button: Delete" to "Papercut.ViewModels.MessageListViewModel".
2018-12-29 09:44:15.513 -03:00 [Verbose] Action Convention Applied: Action "DeleteSelected" on element "DeleteSelected".
2018-12-29 09:44:15.517 -03:00 [Verbose] "Action: DeleteSelected" availability update.
2018-12-29 09:44:15.517 -03:00 [Verbose] "Action: DeleteSelected" availability update.
2018-12-29 09:44:15.517 -03:00 [Verbose] Binding Convention Not Applied: Element "Border" did not match a property.
2018-12-29 09:44:15.517 -03:00 [Verbose] Binding Convention Not Applied: Element "DisabledVisualElement" did not match a property.
2018-12-29 09:44:15.517 -03:00 [Verbose] Binding Convention Not Applied: Element "PART_ContentPresenter" did not match a property.
2018-12-29 09:44:15.517 -03:00 [Verbose] Binding Convention Not Applied: Element "PART_ContentPresenter" did not match a property.
2018-12-29 09:44:15.517 -03:00 [Verbose] "Action: GoToSite" availability update.
2018-12-29 09:44:15.517 -03:00 [Verbose] "Action: GoToSite" availability update.
2018-12-29 09:44:15.518 -03:00 [Verbose] "Action: ToggleLog" availability update.
2018-12-29 09:44:15.518 -03:00 [Verbose] "Action: ToggleLog" availability update.
2018-12-29 09:44:15.518 -03:00 [Verbose] "Action: ShowRulesConfiguration" availability update.
2018-12-29 09:44:15.518 -03:00 [Verbose] "Action: ShowRulesConfiguration" availability update.
2018-12-29 09:44:15.518 -03:00 [Verbose] "Action: ShowOptions" availability update.
2018-12-29 09:44:15.518 -03:00 [Verbose] "Action: ShowOptions" availability update.
2018-12-29 09:44:15.518 -03:00 [Verbose] "Action: Exit" availability update.
2018-12-29 09:44:15.518 -03:00 [Verbose] "Action: Exit" availability update.
2018-12-29 09:44:25.799 -03:00 [Information] Attempting to Load Rules from "C:\Documents\ITX\OneDrive - ITX Corp\RAID\Juan\Papercut-develop\src\Papercut.UI\bin\Debug\app.publish\rules.json" on AppReady
2018-12-29 09:44:26.652 -03:00 [Information] Starting Server Papercut
2018-12-29 09:44:27.803 -03:00 [Information] Server Ready - Listening for New Connections "127.0.0.1":37402
2018-12-29 09:44:34.762 -03:00 [Debug] Setting up Rule Dispatcher Observable
2018-12-29 09:44:35.280 -03:00 [Information] Starting Server Smtp
2018-12-29 09:44:35.280 -03:00 [Information] Server Ready - Listening for New Connections "0.0.0.0":25
2018-12-29 09:44:47.796 -03:00 [Verbose] Invoking "Action: OnNavigating".
