2019-01-03 08:29:55.821 -03:00 [Information] Loading Messages from the Following Path(s) ["C:\Users\jgdes\AppData\Roaming\Papercut", "C:\Documents\ITX\OneDrive - ITX Corp\RAID\Juan\Papercut-develop\src\Papercut.UI\bin\Debug\app.publish\", "C:\Documents\ITX\OneDrive - ITX Corp\RAID\Juan\Papercut-develop\src\Papercut.UI\bin\Debug\app.publish\Incoming"]
2019-01-03 08:29:56.965 -03:00 [Information] Default Message Save Path is Set to "C:\Users\jgdes\AppData\Roaming\Papercut"
2019-01-03 08:29:56.967 -03:00 [Debug] Adding FileSystemWatcher for "C:\Users\jgdes\AppData\Roaming\Papercut"
2019-01-03 08:29:57.198 -03:00 [Debug] Adding FileSystemWatcher for "C:\Documents\ITX\OneDrive - ITX Corp\RAID\Juan\Papercut-develop\src\Papercut.UI\bin\Debug\app.publish\"
2019-01-03 08:29:57.198 -03:00 [Debug] Adding FileSystemWatcher for "C:\Documents\ITX\OneDrive - ITX Corp\RAID\Juan\Papercut-develop\src\Papercut.UI\bin\Debug\app.publish\Incoming"
2019-01-03 08:30:25.707 -03:00 [Verbose] Binding "Papercut.Views.MainView" and "Papercut.ViewModels.MainViewModel".
2019-01-03 08:30:25.708 -03:00 [Verbose] Setting DC of "Papercut.Views.MainView" to "Papercut.ViewModels.MainViewModel".
2019-01-03 08:30:25.708 -03:00 [Verbose] Attaching message handler "Papercut.ViewModels.MainViewModel" to "Papercut.Views.MainView".
2019-01-03 08:30:25.708 -03:00 [Verbose] Attaching "Papercut.Views.MainView" to "Papercut.ViewModels.MainViewModel".
2019-01-03 08:30:25.817 -03:00 [Verbose] Action Convention Applied: Action "ForwardSelected" on element "ForwardSelected".
2019-01-03 08:30:26.678 -03:00 [Verbose] Binding Convention Not Applied: Element "Overlay" did not match a property.
2019-01-03 08:30:26.678 -03:00 [Verbose] ViewModel bound on "MessageListViewModel".
2019-01-03 08:30:26.872 -03:00 [Verbose] Binding "Papercut.Views.MessageListView" and "Papercut.ViewModels.MessageListViewModel".
2019-01-03 08:30:26.872 -03:00 [Verbose] Setting DC of "Papercut.Views.MessageListView" to "Papercut.ViewModels.MessageListViewModel".
2019-01-03 08:30:26.872 -03:00 [Verbose] Attaching message handler "Papercut.ViewModels.MessageListViewModel" to "Papercut.Views.MessageListView".
2019-01-03 08:30:26.872 -03:00 [Verbose] Attaching "Papercut.Views.MessageListView" to "Papercut.ViewModels.MessageListViewModel".
2019-01-03 08:30:26.918 -03:00 [Verbose] Binding Convention Not Applied: Element "MessagesList" did not match a property.
2019-01-03 08:30:26.919 -03:00 [Verbose] Binding Convention Applied: Element "MessageListViewModel".
2019-01-03 08:30:26.919 -03:00 [Verbose] ViewModel bound on "MessageDetailViewModel".
2019-01-03 08:30:27.359 -03:00 [Verbose] Binding "Papercut.Views.MessageDetailView" and "Papercut.ViewModels.MessageDetailViewModel".
2019-01-03 08:30:27.360 -03:00 [Verbose] Setting DC of "Papercut.Views.MessageDetailView" to "Papercut.ViewModels.MessageDetailViewModel".
2019-01-03 08:30:27.360 -03:00 [Verbose] Attaching message handler "Papercut.ViewModels.MessageDetailViewModel" to "Papercut.Views.MessageDetailView".
2019-01-03 08:30:27.360 -03:00 [Verbose] Attaching "Papercut.Views.MessageDetailView" to "Papercut.ViewModels.MessageDetailViewModel".
2019-01-03 08:30:27.361 -03:00 [Verbose] ContentTemplate applied to "Items".
2019-01-03 08:30:27.363 -03:00 [Verbose] SelectedItem binding applied to "Items".
2019-01-03 08:30:27.363 -03:00 [Verbose] Header template applied to "Items".
2019-01-03 08:30:27.363 -03:00 [Verbose] Binding Convention Applied: Element "Items".
2019-01-03 08:30:27.363 -03:00 [Verbose] Binding Convention Applied: Element "From".
2019-01-03 08:30:27.364 -03:00 [Verbose] Binding Convention Applied: Element "To".
2019-01-03 08:30:27.364 -03:00 [Verbose] Binding Convention Applied: Element "CC".
2019-01-03 08:30:27.364 -03:00 [Verbose] Binding Convention Applied: Element "Bcc".
2019-01-03 08:30:27.364 -03:00 [Verbose] Binding Convention Applied: Element "Date".
2019-01-03 08:30:27.364 -03:00 [Verbose] Binding Convention Applied: Element "Subject".
2019-01-03 08:30:27.364 -03:00 [Verbose] Binding Convention Applied: Element "MessageDetailViewModel".
2019-01-03 08:30:27.364 -03:00 [Verbose] Binding Convention Not Applied: Element "DeleteSelected" did not match a property.
2019-01-03 08:30:27.364 -03:00 [Verbose] Binding Convention Not Applied: Element "image1" did not match a property.
2019-01-03 08:30:27.364 -03:00 [Verbose] Binding Convention Not Applied: Element "versionLabel" did not match a property.
2019-01-03 08:30:27.366 -03:00 [Verbose] Activating "Papercut.ViewModels.MainViewModel".
2019-01-03 08:30:27.367 -03:00 [Verbose] Activating "Papercut.ViewModels.MessageListViewModel".
2019-01-03 08:30:27.368 -03:00 [Verbose] Activating "Papercut.ViewModels.MessageDetailViewModel".
2019-01-03 08:30:28.905 -03:00 [Verbose] Activating "Papercut.ViewModels.MessageDetailHtmlViewModel".
2019-01-03 08:30:29.346 -03:00 [Verbose] Binding "Papercut.Views.MessageDetailHtmlView" and "Papercut.ViewModels.MessageDetailHtmlViewModel".
2019-01-03 08:30:29.479 -03:00 [Verbose] Setting DC of "Papercut.Views.MessageDetailHtmlView" to "Papercut.ViewModels.MessageDetailHtmlViewModel".
2019-01-03 08:30:29.479 -03:00 [Verbose] Attaching message handler "Papercut.ViewModels.MessageDetailHtmlViewModel" to "Papercut.Views.MessageDetailHtmlView".
2019-01-03 08:30:29.479 -03:00 [Verbose] Attaching "Papercut.Views.MessageDetailHtmlView" to "Papercut.ViewModels.MessageDetailHtmlViewModel".
2019-01-03 08:30:29.480 -03:00 [Verbose] Binding Convention Not Applied: Element "htmlView" did not match a property.
2019-01-03 08:30:31.008 -03:00 [Verbose] "Action: MessageListKeyDown" availability update.
2019-01-03 08:30:31.008 -03:00 [Verbose] "Action: MessageListKeyDown" availability update.
2019-01-03 08:30:31.180 -03:00 [Verbose] "Action: OnNavigating" availability update.
2019-01-03 08:30:31.180 -03:00 [Verbose] "Action: OnNavigating" availability update.
2019-01-03 08:30:31.198 -03:00 [Verbose] "Action: ForwardSelected" availability update.
2019-01-03 08:30:31.198 -03:00 [Verbose] "Action: ForwardSelected" availability update.
2019-01-03 08:30:31.203 -03:00 [Verbose] "Action: DeleteSelected" availability update.
2019-01-03 08:30:31.203 -03:00 [Verbose] "Action: DeleteSelected" availability update.
2019-01-03 08:30:31.204 -03:00 [Verbose] Binding "System.Windows.Controls.Button: Delete" and "Papercut.ViewModels.MessageListViewModel".
2019-01-03 08:30:31.204 -03:00 [Verbose] Attaching message handler "Papercut.ViewModels.MessageListViewModel" to "System.Windows.Controls.Button: Delete".
2019-01-03 08:30:31.204 -03:00 [Verbose] Attaching "System.Windows.Controls.Button: Delete" to "Papercut.ViewModels.MessageListViewModel".
2019-01-03 08:30:31.204 -03:00 [Verbose] Action Convention Applied: Action "DeleteSelected" on element "DeleteSelected".
2019-01-03 08:30:31.208 -03:00 [Verbose] "Action: DeleteSelected" availability update.
2019-01-03 08:30:31.208 -03:00 [Verbose] "Action: DeleteSelected" availability update.
2019-01-03 08:30:31.208 -03:00 [Verbose] Binding Convention Not Applied: Element "Border" did not match a property.
2019-01-03 08:30:31.208 -03:00 [Verbose] Binding Convention Not Applied: Element "DisabledVisualElement" did not match a property.
2019-01-03 08:30:31.208 -03:00 [Verbose] Binding Convention Not Applied: Element "PART_ContentPresenter" did not match a property.
2019-01-03 08:30:31.208 -03:00 [Verbose] Binding Convention Not Applied: Element "PART_ContentPresenter" did not match a property.
2019-01-03 08:30:31.208 -03:00 [Verbose] "Action: GoToSite" availability update.
2019-01-03 08:30:31.208 -03:00 [Verbose] "Action: GoToSite" availability update.
2019-01-03 08:30:31.208 -03:00 [Verbose] "Action: ToggleLog" availability update.
2019-01-03 08:30:31.208 -03:00 [Verbose] "Action: ToggleLog" availability update.
2019-01-03 08:30:31.208 -03:00 [Verbose] "Action: ShowRulesConfiguration" availability update.
2019-01-03 08:30:31.209 -03:00 [Verbose] "Action: ShowRulesConfiguration" availability update.
2019-01-03 08:30:31.209 -03:00 [Verbose] "Action: ShowOptions" availability update.
2019-01-03 08:30:31.209 -03:00 [Verbose] "Action: ShowOptions" availability update.
2019-01-03 08:30:31.209 -03:00 [Verbose] "Action: Exit" availability update.
2019-01-03 08:30:31.209 -03:00 [Verbose] "Action: Exit" availability update.
2019-01-03 08:30:32.179 -03:00 [Information] Attempting to Load Rules from "C:\Documents\ITX\OneDrive - ITX Corp\RAID\Juan\Papercut-develop\src\Papercut.UI\bin\Debug\app.publish\rules.json" on AppReady
2019-01-03 08:30:32.807 -03:00 [Information] Starting Server Papercut
2019-01-03 08:30:32.976 -03:00 [Information] Server Ready - Listening for New Connections "127.0.0.1":37402
2019-01-03 08:30:33.264 -03:00 [Debug] Setting up Rule Dispatcher Observable
2019-01-03 08:30:33.770 -03:00 [Information] Starting Server Smtp
2019-01-03 08:30:33.770 -03:00 [Information] Server Ready - Listening for New Connections "0.0.0.0":25
2019-01-03 08:30:34.817 -03:00 [Verbose] Invoking "Action: OnNavigating".
2019-01-03 12:08:15.852 -03:00 [Verbose] Deactivating "Papercut.ViewModels.MainViewModel".
2019-01-03 12:08:15.853 -03:00 [Verbose] Deactivating "Papercut.ViewModels.MessageListViewModel".
2019-01-03 12:08:15.853 -03:00 [Verbose] Closed "Papercut.ViewModels.MessageListViewModel".
2019-01-03 12:08:15.854 -03:00 [Verbose] Deactivating "Papercut.ViewModels.MessageDetailViewModel".
2019-01-03 12:08:15.855 -03:00 [Verbose] Deactivating "Papercut.ViewModels.MessageDetailHtmlViewModel".
2019-01-03 12:08:15.855 -03:00 [Verbose] Closed "Papercut.ViewModels.MessageDetailHtmlViewModel".
2019-01-03 12:08:15.869 -03:00 [Verbose] Closed "Papercut.ViewModels.MessageDetailViewModel".
2019-01-03 12:08:15.870 -03:00 [Verbose] Closed "Papercut.ViewModels.MainViewModel".
2019-01-03 12:08:15.877 -03:00 [Information] Stopping Server Papercut
2019-01-03 12:08:15.905 -03:00 [Information] Saved 0 to "C:\Documents\ITX\OneDrive - ITX Corp\RAID\Juan\Papercut-develop\src\Papercut.UI\bin\Debug\app.publish\rules.json"
2019-01-03 12:08:15.905 -03:00 [Debug] Saving Updated Settings...
2019-01-03 12:08:15.915 -03:00 [Information] Stopping Server Smtp
2019-01-03 12:08:15.928 -03:00 [Information] Deleted 6 temp directories
2019-01-03 21:07:08.508 -03:00 [Information] Loading Messages from the Following Path(s) ["C:\Users\jgdes\AppData\Roaming\Papercut", "C:\Documents\ITX\OneDrive - ITX Corp\RAID\Juan\Papercut-develop\src\Papercut.UI\bin\Debug\app.publish\", "C:\Documents\ITX\OneDrive - ITX Corp\RAID\Juan\Papercut-develop\src\Papercut.UI\bin\Debug\app.publish\Incoming"]
2019-01-03 21:07:10.314 -03:00 [Information] Default Message Save Path is Set to "C:\Users\jgdes\AppData\Roaming\Papercut"
2019-01-03 21:07:10.316 -03:00 [Debug] Adding FileSystemWatcher for "C:\Users\jgdes\AppData\Roaming\Papercut"
2019-01-03 21:07:10.317 -03:00 [Debug] Adding FileSystemWatcher for "C:\Documents\ITX\OneDrive - ITX Corp\RAID\Juan\Papercut-develop\src\Papercut.UI\bin\Debug\app.publish\"
2019-01-03 21:07:10.317 -03:00 [Debug] Adding FileSystemWatcher for "C:\Documents\ITX\OneDrive - ITX Corp\RAID\Juan\Papercut-develop\src\Papercut.UI\bin\Debug\app.publish\Incoming"
2019-01-03 21:07:34.859 -03:00 [Verbose] Binding "Papercut.Views.MainView" and "Papercut.ViewModels.MainViewModel".
2019-01-03 21:07:34.860 -03:00 [Verbose] Setting DC of "Papercut.Views.MainView" to "Papercut.ViewModels.MainViewModel".
2019-01-03 21:07:34.861 -03:00 [Verbose] Attaching message handler "Papercut.ViewModels.MainViewModel" to "Papercut.Views.MainView".
2019-01-03 21:07:34.861 -03:00 [Verbose] Attaching "Papercut.Views.MainView" to "Papercut.ViewModels.MainViewModel".
2019-01-03 21:07:35.293 -03:00 [Verbose] Action Convention Applied: Action "ForwardSelected" on element "ForwardSelected".
2019-01-03 21:07:37.560 -03:00 [Verbose] Binding Convention Not Applied: Element "Overlay" did not match a property.
2019-01-03 21:07:37.609 -03:00 [Verbose] ViewModel bound on "MessageListViewModel".
2019-01-03 21:07:39.306 -03:00 [Verbose] Binding "Papercut.Views.MessageListView" and "Papercut.ViewModels.MessageListViewModel".
2019-01-03 21:07:39.307 -03:00 [Verbose] Setting DC of "Papercut.Views.MessageListView" to "Papercut.ViewModels.MessageListViewModel".
2019-01-03 21:07:39.307 -03:00 [Verbose] Attaching message handler "Papercut.ViewModels.MessageListViewModel" to "Papercut.Views.MessageListView".
2019-01-03 21:07:39.307 -03:00 [Verbose] Attaching "Papercut.Views.MessageListView" to "Papercut.ViewModels.MessageListViewModel".
2019-01-03 21:07:39.326 -03:00 [Verbose] Binding Convention Not Applied: Element "MessagesList" did not match a property.
2019-01-03 21:07:39.327 -03:00 [Verbose] Binding Convention Applied: Element "MessageListViewModel".
2019-01-03 21:07:39.327 -03:00 [Verbose] ViewModel bound on "MessageDetailViewModel".
2019-01-03 21:07:41.563 -03:00 [Verbose] Binding "Papercut.Views.MessageDetailView" and "Papercut.ViewModels.MessageDetailViewModel".
2019-01-03 21:07:41.563 -03:00 [Verbose] Setting DC of "Papercut.Views.MessageDetailView" to "Papercut.ViewModels.MessageDetailViewModel".
2019-01-03 21:07:41.563 -03:00 [Verbose] Attaching message handler "Papercut.ViewModels.MessageDetailViewModel" to "Papercut.Views.MessageDetailView".
2019-01-03 21:07:41.563 -03:00 [Verbose] Attaching "Papercut.Views.MessageDetailView" to "Papercut.ViewModels.MessageDetailViewModel".
2019-01-03 21:07:41.565 -03:00 [Verbose] ContentTemplate applied to "Items".
2019-01-03 21:07:41.566 -03:00 [Verbose] SelectedItem binding applied to "Items".
2019-01-03 21:07:41.567 -03:00 [Verbose] Header template applied to "Items".
2019-01-03 21:07:41.567 -03:00 [Verbose] Binding Convention Applied: Element "Items".
2019-01-03 21:07:41.567 -03:00 [Verbose] Binding Convention Applied: Element "From".
2019-01-03 21:07:41.567 -03:00 [Verbose] Binding Convention Applied: Element "To".
2019-01-03 21:07:41.567 -03:00 [Verbose] Binding Convention Applied: Element "CC".
2019-01-03 21:07:41.567 -03:00 [Verbose] Binding Convention Applied: Element "Bcc".
2019-01-03 21:07:41.567 -03:00 [Verbose] Binding Convention Applied: Element "Date".
2019-01-03 21:07:41.567 -03:00 [Verbose] Binding Convention Applied: Element "Subject".
2019-01-03 21:07:41.567 -03:00 [Verbose] Binding Convention Applied: Element "MessageDetailViewModel".
2019-01-03 21:07:41.567 -03:00 [Verbose] Binding Convention Not Applied: Element "DeleteSelected" did not match a property.
2019-01-03 21:07:41.567 -03:00 [Verbose] Binding Convention Not Applied: Element "image1" did not match a property.
2019-01-03 21:07:41.567 -03:00 [Verbose] Binding Convention Not Applied: Element "versionLabel" did not match a property.
2019-01-03 21:07:41.570 -03:00 [Verbose] Activating "Papercut.ViewModels.MainViewModel".
2019-01-03 21:07:41.570 -03:00 [Verbose] Activating "Papercut.ViewModels.MessageListViewModel".
2019-01-03 21:07:41.571 -03:00 [Verbose] Activating "Papercut.ViewModels.MessageDetailViewModel".
2019-01-03 21:07:47.349 -03:00 [Verbose] Activating "Papercut.ViewModels.MessageDetailHtmlViewModel".
2019-01-03 21:07:48.431 -03:00 [Verbose] Binding "Papercut.Views.MessageDetailHtmlView" and "Papercut.ViewModels.MessageDetailHtmlViewModel".
2019-01-03 21:07:48.431 -03:00 [Verbose] Setting DC of "Papercut.Views.MessageDetailHtmlView" to "Papercut.ViewModels.MessageDetailHtmlViewModel".
2019-01-03 21:07:48.431 -03:00 [Verbose] Attaching message handler "Papercut.ViewModels.MessageDetailHtmlViewModel" to "Papercut.Views.MessageDetailHtmlView".
2019-01-03 21:07:48.432 -03:00 [Verbose] Attaching "Papercut.Views.MessageDetailHtmlView" to "Papercut.ViewModels.MessageDetailHtmlViewModel".
2019-01-03 21:07:48.433 -03:00 [Verbose] Binding Convention Not Applied: Element "htmlView" did not match a property.
2019-01-03 21:07:55.702 -03:00 [Verbose] "Action: MessageListKeyDown" availability update.
2019-01-03 21:07:55.702 -03:00 [Verbose] "Action: MessageListKeyDown" availability update.
2019-01-03 21:07:56.877 -03:00 [Verbose] "Action: OnNavigating" availability update.
2019-01-03 21:07:56.877 -03:00 [Verbose] "Action: OnNavigating" availability update.
2019-01-03 21:07:56.954 -03:00 [Verbose] "Action: ForwardSelected" availability update.
2019-01-03 21:07:56.954 -03:00 [Verbose] "Action: ForwardSelected" availability update.
2019-01-03 21:07:56.959 -03:00 [Verbose] "Action: DeleteSelected" availability update.
2019-01-03 21:07:56.959 -03:00 [Verbose] "Action: DeleteSelected" availability update.
2019-01-03 21:07:56.963 -03:00 [Verbose] Binding "System.Windows.Controls.Button: Delete" and "Papercut.ViewModels.MessageListViewModel".
2019-01-03 21:07:56.963 -03:00 [Verbose] Attaching message handler "Papercut.ViewModels.MessageListViewModel" to "System.Windows.Controls.Button: Delete".
2019-01-03 21:07:56.964 -03:00 [Verbose] Attaching "System.Windows.Controls.Button: Delete" to "Papercut.ViewModels.MessageListViewModel".
2019-01-03 21:07:56.965 -03:00 [Verbose] Action Convention Applied: Action "DeleteSelected" on element "DeleteSelected".
2019-01-03 21:07:56.978 -03:00 [Verbose] "Action: DeleteSelected" availability update.
2019-01-03 21:07:56.978 -03:00 [Verbose] "Action: DeleteSelected" availability update.
2019-01-03 21:07:56.978 -03:00 [Verbose] Binding Convention Not Applied: Element "Border" did not match a property.
2019-01-03 21:07:56.978 -03:00 [Verbose] Binding Convention Not Applied: Element "DisabledVisualElement" did not match a property.
2019-01-03 21:07:56.978 -03:00 [Verbose] Binding Convention Not Applied: Element "PART_ContentPresenter" did not match a property.
2019-01-03 21:07:56.978 -03:00 [Verbose] Binding Convention Not Applied: Element "PART_ContentPresenter" did not match a property.
2019-01-03 21:07:56.978 -03:00 [Verbose] "Action: GoToSite" availability update.
2019-01-03 21:07:56.979 -03:00 [Verbose] "Action: GoToSite" availability update.
2019-01-03 21:07:56.979 -03:00 [Verbose] "Action: ToggleLog" availability update.
2019-01-03 21:07:56.979 -03:00 [Verbose] "Action: ToggleLog" availability update.
2019-01-03 21:07:56.979 -03:00 [Verbose] "Action: ShowRulesConfiguration" availability update.
2019-01-03 21:07:56.979 -03:00 [Verbose] "Action: ShowRulesConfiguration" availability update.
2019-01-03 21:07:56.979 -03:00 [Verbose] "Action: ShowOptions" availability update.
2019-01-03 21:07:56.979 -03:00 [Verbose] "Action: ShowOptions" availability update.
2019-01-03 21:07:56.979 -03:00 [Verbose] "Action: Exit" availability update.
2019-01-03 21:07:56.979 -03:00 [Verbose] "Action: Exit" availability update.
2019-01-03 21:08:01.633 -03:00 [Information] Attempting to Load Rules from "C:\Documents\ITX\OneDrive - ITX Corp\RAID\Juan\Papercut-develop\src\Papercut.UI\bin\Debug\app.publish\rules.json" on AppReady
2019-01-03 21:08:02.322 -03:00 [Information] Starting Server Papercut
2019-01-03 21:08:02.465 -03:00 [Information] Server Ready - Listening for New Connections "127.0.0.1":37402
2019-01-03 21:08:03.342 -03:00 [Debug] Setting up Rule Dispatcher Observable
2019-01-03 21:08:03.856 -03:00 [Information] Starting Server Smtp
2019-01-03 21:08:03.857 -03:00 [Information] Server Ready - Listening for New Connections "0.0.0.0":25
2019-01-03 21:08:07.392 -03:00 [Verbose] Invoking "Action: OnNavigating".
